#
# There is insufficient memory for the Java Runtime Environment to continue.
# Native memory allocation (malloc) failed to allocate 1313776 bytes. Error detail: Chunk::new
# Possible reasons:
#   The system is out of physical RAM or swap space
#   This process is running with CompressedOops enabled, and the Java Heap may be blocking the growth of the native heap
# Possible solutions:
#   Reduce memory load on the system
#   Increase physical memory or swap space
#   Check if swap backing store is full
#   Decrease Java heap size (-Xmx/-Xms)
#   Decrease number of Java threads
#   Decrease Java thread stack sizes (-Xss)
#   Set larger code cache with -XX:ReservedCodeCacheSize=
#   JVM is running with Unscaled Compressed Oops mode in which the Java heap is
#     placed in the first 4GB address space. The Java Heap base address is the
#     maximum limit for the native heap growth. Please use -XX:HeapBaseMinAddress
#     to set the Java Heap base and to place the Java Heap above 4GB virtual address.
# This output file may be truncated or incomplete.
#
#  Out of Memory Error (arena.cpp:168), pid=16516, tid=17852
#
# JRE version: OpenJDK Runtime Environment (21.0.3) (build 21.0.3+-12282718-b509.11)
# Java VM: OpenJDK 64-Bit Server VM (21.0.3+-12282718-b509.11, mixed mode, tiered, compressed oops, compressed class ptrs, g1 gc, windows-amd64)
# No core dump will be written. Minidumps are not enabled by default on client versions of Windows
#

---------------  S U M M A R Y ------------

Command Line: --add-opens=java.base/java.util=ALL-UNNAMED --add-opens=java.base/java.lang=ALL-UNNAMED --add-opens=java.base/java.lang.invoke=ALL-UNNAMED --add-opens=java.prefs/java.util.prefs=ALL-UNNAMED --add-exports=jdk.compiler/com.sun.tools.javac.api=ALL-UNNAMED --add-exports=jdk.compiler/com.sun.tools.javac.util=ALL-UNNAMED --add-opens=java.base/java.nio.charset=ALL-UNNAMED --add-opens=java.base/java.net=ALL-UNNAMED --add-opens=java.base/java.util.concurrent.atomic=ALL-UNNAMED -Xmx2048m -Dfile.encoding=UTF-8 -Duser.country=MY -Duser.language=en -Duser.variant -javaagent:C:\Users\User\.gradle\wrapper\dists\gradle-8.9-all\6m0mbzute7p0zdleavqlib88a\gradle-8.9\lib\agents\gradle-instrumentation-agent-8.9.jar org.gradle.launcher.daemon.bootstrap.GradleDaemon 8.9

Host: 12th Gen Intel(R) Core(TM) i5-12500H, 16 cores, 15G,  Windows 11 , 64 bit Build 22621 (10.0.22621.4391)
Time: Sat Nov 16 20:35:52 2024 Malay Peninsula Standard Time elapsed time: 465.786763 seconds (0d 0h 7m 45s)

---------------  T H R E A D  ---------------

Current thread (0x0000012dfd3a8070):  JavaThread "C2 CompilerThread2" daemon [_thread_in_native, id=17852, stack(0x0000001eda300000,0x0000001eda400000) (1024K)]


Current CompileTask:
C2: 465786 23868       4       org.gradle.api.internal.artifacts.ivyservice.resolveengine.result.DesugaredAttributeContainerSerializer::read (155 bytes)

Stack: [0x0000001eda300000,0x0000001eda400000]
Native frames: (J=compiled Java code, j=interpreted, Vv=VM code, C=native code)
V  [jvm.dll+0x6cafb9]
V  [jvm.dll+0x858523]
V  [jvm.dll+0x85aa7e]
V  [jvm.dll+0x85b163]
V  [jvm.dll+0x27d356]
V  [jvm.dll+0xbf93d]
V  [jvm.dll+0xbfe73]
V  [jvm.dll+0x3b1cb1]
V  [jvm.dll+0x37e787]
V  [jvm.dll+0x37dbfa]
V  [jvm.dll+0x246b02]
V  [jvm.dll+0x2460d1]
V  [jvm.dll+0x1c5804]
V  [jvm.dll+0x25575c]
V  [jvm.dll+0x253c36]
V  [jvm.dll+0x3ec996]
V  [jvm.dll+0x800d78]
V  [jvm.dll+0x6c98cd]
C  [ucrtbase.dll+0x29333]
C  [KERNEL32.DLL+0x1259d]
C  [ntdll.dll+0x5af38]


---------------  P R O C E S S  ---------------

Threads class SMR info:
_java_thread_list=0x0000012dff02a6e0, length=55, elements={
0x0000012ddc916fb0, 0x0000012df4c99780, 0x0000012df4c9a5a0, 0x0000012df4c9d3d0,
0x0000012df4c81e80, 0x0000012df4c85510, 0x0000012df4c85f70, 0x0000012df4c86d00,
0x0000012df4c877a0, 0x0000012df4e141d0, 0x0000012df4f7cc00, 0x0000012dfb55e760,
0x0000012dfb47cef0, 0x0000012dfb4af310, 0x0000012dfb579d20, 0x0000012dfb576f30,
0x0000012dfb5782e0, 0x0000012dfb9f79b0, 0x0000012dfb9fa7a0, 0x0000012dfb9f8040,
0x0000012d815f9db0, 0x0000012d89cd0f90, 0x0000012dfa82c3e0, 0x0000012dfa831fc0,
0x0000012dfa831930, 0x0000012dfa82de20, 0x0000012dfa833a00, 0x0000012dfa82ca70,
0x0000012dfa82eb40, 0x0000012df52f9d10, 0x0000012dfa83a300, 0x0000012dfa835440,
0x0000012dfa837ba0, 0x0000012dfa836e80, 0x0000012dfa836160, 0x0000012dfd3aa280,
0x0000012dfd3a8070, 0x0000012dfd3aa950, 0x0000012dfd3a94e0, 0x0000012dfd3ab020,
0x0000012dfa830c10, 0x0000012dfa82a9a0, 0x0000012dfa82fef0, 0x0000012dfa8312a0,
0x0000012dfa82b030, 0x0000012dfa832650, 0x0000012dfa82b6c0, 0x0000012dfa832ce0,
0x0000012dfa82bd50, 0x0000012dfa833370, 0x0000012dfa834090, 0x0000012dfa82d100,
0x0000012dfa834720, 0x0000012dfa835ad0, 0x0000012dfa838230
}

Java Threads: ( => current thread )
  0x0000012ddc916fb0 JavaThread "main"                              [_thread_blocked, id=15272, stack(0x0000001ed7e00000,0x0000001ed7f00000) (1024K)]
  0x0000012df4c99780 JavaThread "Reference Handler"          daemon [_thread_blocked, id=14316, stack(0x0000001ed8600000,0x0000001ed8700000) (1024K)]
  0x0000012df4c9a5a0 JavaThread "Finalizer"                  daemon [_thread_blocked, id=4264, stack(0x0000001ed8700000,0x0000001ed8800000) (1024K)]
  0x0000012df4c9d3d0 JavaThread "Signal Dispatcher"          daemon [_thread_blocked, id=13320, stack(0x0000001ed8800000,0x0000001ed8900000) (1024K)]
  0x0000012df4c81e80 JavaThread "Attach Listener"            daemon [_thread_blocked, id=1408, stack(0x0000001ed8900000,0x0000001ed8a00000) (1024K)]
  0x0000012df4c85510 JavaThread "Service Thread"             daemon [_thread_blocked, id=15752, stack(0x0000001ed8a00000,0x0000001ed8b00000) (1024K)]
  0x0000012df4c85f70 JavaThread "Monitor Deflation Thread"   daemon [_thread_blocked, id=11804, stack(0x0000001ed8b00000,0x0000001ed8c00000) (1024K)]
  0x0000012df4c86d00 JavaThread "C2 CompilerThread0"         daemon [_thread_blocked, id=20756, stack(0x0000001ed8c00000,0x0000001ed8d00000) (1024K)]
  0x0000012df4c877a0 JavaThread "C1 CompilerThread0"         daemon [_thread_in_native, id=4928, stack(0x0000001ed8d00000,0x0000001ed8e00000) (1024K)]
  0x0000012df4e141d0 JavaThread "Common-Cleaner"             daemon [_thread_blocked, id=8676, stack(0x0000001ed8f00000,0x0000001ed9000000) (1024K)]
  0x0000012df4f7cc00 JavaThread "Notification Thread"        daemon [_thread_blocked, id=13240, stack(0x0000001ed9000000,0x0000001ed9100000) (1024K)]
  0x0000012dfb55e760 JavaThread "Daemon health stats"               [_thread_blocked, id=5728, stack(0x0000001ed9a00000,0x0000001ed9b00000) (1024K)]
  0x0000012dfb47cef0 JavaThread "Incoming local TCP Connector on port 64567"        [_thread_in_native, id=20040, stack(0x0000001ed9b00000,0x0000001ed9c00000) (1024K)]
  0x0000012dfb4af310 JavaThread "Daemon periodic checks"            [_thread_blocked, id=9400, stack(0x0000001ed9c00000,0x0000001ed9d00000) (1024K)]
  0x0000012dfb579d20 JavaThread "Cache worker for journal cache (C:\Users\User\.gradle\caches\journal-1)"        [_thread_in_native, id=22492, stack(0x0000001edad00000,0x0000001edae00000) (1024K)]
  0x0000012dfb576f30 JavaThread "File lock request listener"        [_thread_in_native, id=9936, stack(0x0000001edae00000,0x0000001edaf00000) (1024K)]
  0x0000012dfb5782e0 JavaThread "Cache worker for file hash cache (C:\Users\User\.gradle\caches\8.9\fileHashes)"        [_thread_blocked, id=18380, stack(0x0000001edaf00000,0x0000001edb000000) (1024K)]
  0x0000012dfb9f79b0 JavaThread "File watcher server"        daemon [_thread_in_native, id=5208, stack(0x0000001edb200000,0x0000001edb300000) (1024K)]
  0x0000012dfb9fa7a0 JavaThread "File watcher consumer"      daemon [_thread_blocked, id=13832, stack(0x0000001edb300000,0x0000001edb400000) (1024K)]
  0x0000012dfb9f8040 JavaThread "Cache worker for file content cache (C:\Users\User\.gradle\caches\8.9\fileContent)"        [_thread_blocked, id=20024, stack(0x0000001edb500000,0x0000001edb600000) (1024K)]
  0x0000012d815f9db0 JavaThread "Memory manager"                    [_thread_blocked, id=10720, stack(0x0000001ede700000,0x0000001ede800000) (1024K)]
  0x0000012d89cd0f90 JavaThread "Cache worker for Java compile cache (C:\Users\User\.gradle\caches\8.9\javaCompile)"        [_thread_blocked, id=1704, stack(0x0000001ee1900000,0x0000001ee1a00000) (1024K)]
  0x0000012dfa82c3e0 JavaThread "Daemon Thread 2"                   [_thread_blocked, id=8288, stack(0x0000001ed7b00000,0x0000001ed7c00000) (1024K)]
  0x0000012dfa831fc0 JavaThread "Handler for socket connection from /127.0.0.1:64567 to /127.0.0.1:64858"        [_thread_in_native, id=14380, stack(0x0000001ed7c00000,0x0000001ed7d00000) (1024K)]
  0x0000012dfa831930 JavaThread "Cancel handler"                    [_thread_blocked, id=8840, stack(0x0000001ed7d00000,0x0000001ed7e00000) (1024K)]
  0x0000012dfa82de20 JavaThread "Daemon worker Thread 2"            [_thread_blocked, id=828, stack(0x0000001ed8e00000,0x0000001ed8f00000) (1024K)]
  0x0000012dfa833a00 JavaThread "Asynchronous log dispatcher for DefaultDaemonConnection: socket connection from /127.0.0.1:64567 to /127.0.0.1:64858"        [_thread_blocked, id=15920, stack(0x0000001ed9100000,0x0000001ed9200000) (1024K)]
  0x0000012dfa82ca70 JavaThread "Stdin handler"                     [_thread_blocked, id=6700, stack(0x0000001ed9200000,0x0000001ed9300000) (1024K)]
  0x0000012dfa82eb40 JavaThread "Daemon client event forwarder"        [_thread_blocked, id=17960, stack(0x0000001ed9800000,0x0000001ed9900000) (1024K)]
  0x0000012df52f9d10 JavaThread "C1 CompilerThread1"         daemon [_thread_blocked, id=408, stack(0x0000001ed9900000,0x0000001ed9a00000) (1024K)]
  0x0000012dfa83a300 JavaThread "Cache worker for file hash cache (C:\Users\User\Downloads\Crave Express\.gradle\8.9\fileHashes)"        [_thread_blocked, id=17940, stack(0x0000001ed9d00000,0x0000001ed9e00000) (1024K)]
  0x0000012dfa835440 JavaThread "Cache worker for Build Output Cleanup Cache (C:\Users\User\Downloads\Crave Express\.gradle\buildOutputCleanup)"        [_thread_blocked, id=18164, stack(0x0000001ed9e00000,0x0000001ed9f00000) (1024K)]
  0x0000012dfa837ba0 JavaThread "Cache worker for checksums cache (C:\Users\User\Downloads\Crave Express\.gradle\8.9\checksums)"        [_thread_blocked, id=22252, stack(0x0000001ed9f00000,0x0000001eda000000) (1024K)]
  0x0000012dfa836e80 JavaThread "Cache worker for cache directory md-rule (C:\Users\User\.gradle\caches\8.9\md-rule)"        [_thread_blocked, id=15792, stack(0x0000001eda000000,0x0000001eda100000) (1024K)]
  0x0000012dfa836160 JavaThread "Cache worker for cache directory md-supplier (C:\Users\User\.gradle\caches\8.9\md-supplier)"        [_thread_blocked, id=19856, stack(0x0000001eda100000,0x0000001eda200000) (1024K)]
  0x0000012dfd3aa280 JavaThread "C2 CompilerThread1"         daemon [_thread_in_native, id=22320, stack(0x0000001eda200000,0x0000001eda300000) (1024K)]
=>0x0000012dfd3a8070 JavaThread "C2 CompilerThread2"         daemon [_thread_in_native, id=17852, stack(0x0000001eda300000,0x0000001eda400000) (1024K)]
  0x0000012dfd3aa950 JavaThread "C2 CompilerThread3"         daemon [_thread_in_native, id=16220, stack(0x0000001edb000000,0x0000001edb100000) (1024K)]
  0x0000012dfd3a94e0 JavaThread "C1 CompilerThread2"         daemon [_thread_in_native, id=11520, stack(0x0000001edb100000,0x0000001edb200000) (1024K)]
  0x0000012dfd3ab020 JavaThread "C1 CompilerThread3"         daemon [_thread_blocked, id=21688, stack(0x0000001edb400000,0x0000001edb500000) (1024K)]
  0x0000012dfa830c10 JavaThread "Unconstrained build operations"        [_thread_blocked, id=10440, stack(0x0000001edb600000,0x0000001edb700000) (1024K)]
  0x0000012dfa82a9a0 JavaThread "Unconstrained build operations Thread 2"        [_thread_blocked, id=8036, stack(0x0000001edb700000,0x0000001edb800000) (1024K)]
  0x0000012dfa82fef0 JavaThread "Unconstrained build operations Thread 3"        [_thread_blocked, id=11624, stack(0x0000001edb800000,0x0000001edb900000) (1024K)]
  0x0000012dfa8312a0 JavaThread "Unconstrained build operations Thread 4"        [_thread_in_vm, id=14624, stack(0x0000001edb900000,0x0000001edba00000) (1024K)]
  0x0000012dfa82b030 JavaThread "Unconstrained build operations Thread 5"        [_thread_blocked, id=17080, stack(0x0000001edba00000,0x0000001edbb00000) (1024K)]
  0x0000012dfa832650 JavaThread "Unconstrained build operations Thread 6"        [_thread_blocked, id=21660, stack(0x0000001edbb00000,0x0000001edbc00000) (1024K)]
  0x0000012dfa82b6c0 JavaThread "Unconstrained build operations Thread 7"        [_thread_blocked, id=20320, stack(0x0000001edbc00000,0x0000001edbd00000) (1024K)]
  0x0000012dfa832ce0 JavaThread "Unconstrained build operations Thread 8"        [_thread_blocked, id=1004, stack(0x0000001edbd00000,0x0000001edbe00000) (1024K)]
  0x0000012dfa82bd50 JavaThread "Unconstrained build operations Thread 9"        [_thread_blocked, id=21060, stack(0x0000001edbe00000,0x0000001edbf00000) (1024K)]
  0x0000012dfa833370 JavaThread "Unconstrained build operations Thread 10"        [_thread_blocked, id=11236, stack(0x0000001edbf00000,0x0000001edc000000) (1024K)]
  0x0000012dfa834090 JavaThread "Unconstrained build operations Thread 11"        [_thread_blocked, id=2128, stack(0x0000001edc000000,0x0000001edc100000) (1024K)]
  0x0000012dfa82d100 JavaThread "Unconstrained build operations Thread 12"        [_thread_blocked, id=5456, stack(0x0000001edc100000,0x0000001edc200000) (1024K)]
  0x0000012dfa834720 JavaThread "Unconstrained build operations Thread 13"        [_thread_blocked, id=18804, stack(0x0000001edc200000,0x0000001edc300000) (1024K)]
  0x0000012dfa835ad0 JavaThread "Unconstrained build operations Thread 14"        [_thread_blocked, id=17520, stack(0x0000001edc300000,0x0000001edc400000) (1024K)]
  0x0000012dfa838230 JavaThread "Unconstrained build operations Thread 15"        [_thread_blocked, id=16704, stack(0x0000001edc400000,0x0000001edc500000) (1024K)]
Total: 55

Other Threads:
  0x0000012df4b7e5c0 VMThread "VM Thread"                           [id=18812, stack(0x0000001ed8500000,0x0000001ed8600000) (1024K)]
  0x0000012df4b11310 WatcherThread "VM Periodic Task Thread"        [id=20504, stack(0x0000001ed8400000,0x0000001ed8500000) (1024K)]
  0x0000012ddc96fb40 WorkerThread "GC Thread#0"                     [id=19572, stack(0x0000001ed7f00000,0x0000001ed8000000) (1024K)]
  0x0000012df56261c0 WorkerThread "GC Thread#1"                     [id=1364, stack(0x0000001ed9300000,0x0000001ed9400000) (1024K)]
  0x0000012df54ac8c0 WorkerThread "GC Thread#2"                     [id=14984, stack(0x0000001ed9400000,0x0000001ed9500000) (1024K)]
  0x0000012df54acc60 WorkerThread "GC Thread#3"                     [id=14792, stack(0x0000001ed9500000,0x0000001ed9600000) (1024K)]
  0x0000012df57bf3e0 WorkerThread "GC Thread#4"                     [id=1340, stack(0x0000001ed9600000,0x0000001ed9700000) (1024K)]
  0x0000012df57bf780 WorkerThread "GC Thread#5"                     [id=11096, stack(0x0000001ed9700000,0x0000001ed9800000) (1024K)]
  0x0000012dfb593f90 WorkerThread "GC Thread#6"                     [id=15060, stack(0x0000001eda400000,0x0000001eda500000) (1024K)]
  0x0000012dfb594330 WorkerThread "GC Thread#7"                     [id=15916, stack(0x0000001eda500000,0x0000001eda600000) (1024K)]
  0x0000012dfb725ae0 WorkerThread "GC Thread#8"                     [id=7756, stack(0x0000001eda600000,0x0000001eda700000) (1024K)]
  0x0000012dfb718e80 WorkerThread "GC Thread#9"                     [id=11820, stack(0x0000001eda700000,0x0000001eda800000) (1024K)]
  0x0000012dfb7195c0 WorkerThread "GC Thread#10"                    [id=16328, stack(0x0000001eda800000,0x0000001eda900000) (1024K)]
  0x0000012dfb7183a0 WorkerThread "GC Thread#11"                    [id=11792, stack(0x0000001eda900000,0x0000001edaa00000) (1024K)]
  0x0000012dfb719220 WorkerThread "GC Thread#12"                    [id=9396, stack(0x0000001edaa00000,0x0000001edab00000) (1024K)]
  0x0000012ddc980b20 ConcurrentGCThread "G1 Main Marker"            [id=15320, stack(0x0000001ed8000000,0x0000001ed8100000) (1024K)]
  0x0000012ddc981620 WorkerThread "G1 Conc#0"                       [id=18912, stack(0x0000001ed8100000,0x0000001ed8200000) (1024K)]
  0x0000012dfb718000 WorkerThread "G1 Conc#1"                       [id=22000, stack(0x0000001edab00000,0x0000001edac00000) (1024K)]
  0x0000012dfb717c60 WorkerThread "G1 Conc#2"                       [id=7232, stack(0x0000001edac00000,0x0000001edad00000) (1024K)]
  0x0000012df4a67440 ConcurrentGCThread "G1 Refine#0"               [id=19564, stack(0x0000001ed8200000,0x0000001ed8300000) (1024K)]
  0x0000012df4a67fb0 ConcurrentGCThread "G1 Service"                [id=22456, stack(0x0000001ed8300000,0x0000001ed8400000) (1024K)]
Total: 21

Threads with active compile tasks:
C2 CompilerThread1   465803 23912       4       org.gradle.internal.serialize.kryo.StringDeduplicatingKryoBackedEncoder::writeString (20 bytes)
C2 CompilerThread2   465803 23868       4       org.gradle.api.internal.artifacts.ivyservice.resolveengine.result.DesugaredAttributeContainerSerializer::read (155 bytes)
C2 CompilerThread3   465803 23910       4       org.gradle.internal.serialize.kryo.StringDeduplicatingKryoBackedEncoder::writeNullableString (114 bytes)
Total: 3

VM state: not at safepoint (normal execution)

VM Mutex/Monitor currently owned by a thread: None

Heap address: 0x0000000080000000, size: 2048 MB, Compressed Oops mode: 32-bit

CDS archive(s) not mapped
Compressed class space mapped at: 0x0000000100000000-0x0000000140000000, reserved size: 1073741824
Narrow klass base: 0x0000000000000000, Narrow klass shift: 3, Narrow klass range: 0x140000000

GC Precious Log:
 CardTable entry size: 512
 Card Set container configuration: InlinePtr #cards 5 size 8 Array Of Cards #cards 12 size 40 Howl #buckets 4 coarsen threshold 1843 Howl Bitmap #cards 512 size 80 coarsen threshold 460 Card regions per heap region 1 cards per card region 2048
 CPUs: 16 total, 16 available
 Memory: 16088M
 Large Page Support: Disabled
 NUMA Support: Disabled
 Compressed Oops: Enabled (32-bit)
 Heap Region Size: 1M
 Heap Min Capacity: 8M
 Heap Initial Capacity: 252M
 Heap Max Capacity: 2G
 Pre-touch: Disabled
 Parallel Workers: 13
 Concurrent Workers: 3
 Concurrent Refinement Workers: 13
 Periodic GC: Disabled

Heap:
 garbage-first heap   total 318464K, used 183912K [0x0000000080000000, 0x0000000100000000)
  region size 1024K, 37 young (37888K), 7 survivors (7168K)
 Metaspace       used 158434K, committed 160832K, reserved 1245184K
  class space    used 22042K, committed 23232K, reserved 1048576K

Heap Regions: E=young(eden), S=young(survivor), O=old, HS=humongous(starts), HC=humongous(continues), CS=collection set, F=free, TAMS=top-at-mark-start, PB=parsable bottom
|   0|0x0000000080000000, 0x0000000080100000, 0x0000000080100000|100%|HS|  |TAMS 0x0000000080000000| PB 0x0000000080000000| Complete 
|   1|0x0000000080100000, 0x0000000080200000, 0x0000000080200000|100%|HC|  |TAMS 0x0000000080100000| PB 0x0000000080100000| Complete 
|   2|0x0000000080200000, 0x0000000080300000, 0x0000000080300000|100%|HC|  |TAMS 0x0000000080200000| PB 0x0000000080200000| Complete 
|   3|0x0000000080300000, 0x0000000080400000, 0x0000000080400000|100%|HC|  |TAMS 0x0000000080300000| PB 0x0000000080300000| Complete 
|   4|0x0000000080400000, 0x0000000080500000, 0x0000000080500000|100%| O|  |TAMS 0x0000000080400000| PB 0x0000000080400000| Untracked 
|   5|0x0000000080500000, 0x0000000080600000, 0x0000000080600000|100%| O|  |TAMS 0x0000000080500000| PB 0x0000000080500000| Untracked 
|   6|0x0000000080600000, 0x0000000080700000, 0x0000000080700000|100%| O|  |TAMS 0x0000000080600000| PB 0x0000000080600000| Untracked 
|   7|0x0000000080700000, 0x0000000080800000, 0x0000000080800000|100%| O|  |TAMS 0x0000000080700000| PB 0x0000000080700000| Untracked 
|   8|0x0000000080800000, 0x0000000080900000, 0x0000000080900000|100%| O|  |TAMS 0x0000000080800000| PB 0x0000000080800000| Untracked 
|   9|0x0000000080900000, 0x0000000080a00000, 0x0000000080a00000|100%| O|  |TAMS 0x0000000080900000| PB 0x0000000080900000| Untracked 
|  10|0x0000000080a00000, 0x0000000080b00000, 0x0000000080b00000|100%| O|  |TAMS 0x0000000080a00000| PB 0x0000000080a00000| Untracked 
|  11|0x0000000080b00000, 0x0000000080c00000, 0x0000000080c00000|100%|HS|  |TAMS 0x0000000080b00000| PB 0x0000000080b00000| Complete 
|  12|0x0000000080c00000, 0x0000000080d00000, 0x0000000080d00000|100%| O|  |TAMS 0x0000000080c00000| PB 0x0000000080c00000| Untracked 
|  13|0x0000000080d00000, 0x0000000080e00000, 0x0000000080e00000|100%| O|  |TAMS 0x0000000080d00000| PB 0x0000000080d00000| Untracked 
|  14|0x0000000080e00000, 0x0000000080f00000, 0x0000000080f00000|100%| O|  |TAMS 0x0000000080e00000| PB 0x0000000080e00000| Untracked 
|  15|0x0000000080f00000, 0x0000000081000000, 0x0000000081000000|100%| O|  |TAMS 0x0000000080f00000| PB 0x0000000080f00000| Untracked 
|  16|0x0000000081000000, 0x0000000081100000, 0x0000000081100000|100%| O|  |TAMS 0x0000000081000000| PB 0x0000000081000000| Untracked 
|  17|0x0000000081100000, 0x0000000081200000, 0x0000000081200000|100%| O|  |TAMS 0x0000000081100000| PB 0x0000000081100000| Untracked 
|  18|0x0000000081200000, 0x0000000081300000, 0x0000000081300000|100%| O|  |TAMS 0x0000000081200000| PB 0x0000000081200000| Untracked 
|  19|0x0000000081300000, 0x0000000081400000, 0x0000000081400000|100%| O|  |TAMS 0x0000000081300000| PB 0x0000000081300000| Untracked 
|  20|0x0000000081400000, 0x0000000081500000, 0x0000000081500000|100%| O|  |TAMS 0x0000000081400000| PB 0x0000000081400000| Untracked 
|  21|0x0000000081500000, 0x0000000081600000, 0x0000000081600000|100%| O|  |TAMS 0x0000000081500000| PB 0x0000000081500000| Untracked 
|  22|0x0000000081600000, 0x0000000081700000, 0x0000000081700000|100%| O|  |TAMS 0x0000000081600000| PB 0x0000000081600000| Untracked 
|  23|0x0000000081700000, 0x0000000081800000, 0x0000000081800000|100%| O|  |TAMS 0x0000000081700000| PB 0x0000000081700000| Untracked 
|  24|0x0000000081800000, 0x0000000081900000, 0x0000000081900000|100%| O|  |TAMS 0x0000000081800000| PB 0x0000000081800000| Untracked 
|  25|0x0000000081900000, 0x0000000081a00000, 0x0000000081a00000|100%| O|  |TAMS 0x0000000081900000| PB 0x0000000081900000| Untracked 
|  26|0x0000000081a00000, 0x0000000081b00000, 0x0000000081b00000|100%| O|  |TAMS 0x0000000081a00000| PB 0x0000000081a00000| Untracked 
|  27|0x0000000081b00000, 0x0000000081c00000, 0x0000000081c00000|100%| O|  |TAMS 0x0000000081b00000| PB 0x0000000081b00000| Untracked 
|  28|0x0000000081c00000, 0x0000000081d00000, 0x0000000081d00000|100%| O|  |TAMS 0x0000000081c00000| PB 0x0000000081c00000| Untracked 
|  29|0x0000000081d00000, 0x0000000081e00000, 0x0000000081e00000|100%| O|  |TAMS 0x0000000081d00000| PB 0x0000000081d00000| Untracked 
|  30|0x0000000081e00000, 0x0000000081f00000, 0x0000000081f00000|100%| O|  |TAMS 0x0000000081e00000| PB 0x0000000081e00000| Untracked 
|  31|0x0000000081f00000, 0x0000000082000000, 0x0000000082000000|100%| O|  |TAMS 0x0000000081f00000| PB 0x0000000081f00000| Untracked 
|  32|0x0000000082000000, 0x0000000082100000, 0x0000000082100000|100%| O|  |TAMS 0x0000000082000000| PB 0x0000000082000000| Untracked 
|  33|0x0000000082100000, 0x0000000082200000, 0x0000000082200000|100%| O|  |TAMS 0x0000000082100000| PB 0x0000000082100000| Untracked 
|  34|0x0000000082200000, 0x0000000082300000, 0x0000000082300000|100%| O|  |TAMS 0x0000000082200000| PB 0x0000000082200000| Untracked 
|  35|0x0000000082300000, 0x0000000082400000, 0x0000000082400000|100%| O|  |TAMS 0x0000000082300000| PB 0x0000000082300000| Untracked 
|  36|0x0000000082400000, 0x0000000082500000, 0x0000000082500000|100%| O|  |TAMS 0x0000000082400000| PB 0x0000000082400000| Untracked 
|  37|0x0000000082500000, 0x0000000082600000, 0x0000000082600000|100%| O|  |TAMS 0x0000000082500000| PB 0x0000000082500000| Untracked 
|  38|0x0000000082600000, 0x0000000082700000, 0x0000000082700000|100%|HS|  |TAMS 0x0000000082600000| PB 0x0000000082600000| Complete 
|  39|0x0000000082700000, 0x0000000082800000, 0x0000000082800000|100%|HS|  |TAMS 0x0000000082700000| PB 0x0000000082700000| Complete 
|  40|0x0000000082800000, 0x0000000082900000, 0x0000000082900000|100%|HS|  |TAMS 0x0000000082800000| PB 0x0000000082800000| Complete 
|  41|0x0000000082900000, 0x0000000082a00000, 0x0000000082a00000|100%|HC|  |TAMS 0x0000000082900000| PB 0x0000000082900000| Complete 
|  42|0x0000000082a00000, 0x0000000082b00000, 0x0000000082b00000|100%|HS|  |TAMS 0x0000000082a00000| PB 0x0000000082a00000| Complete 
|  43|0x0000000082b00000, 0x0000000082c00000, 0x0000000082c00000|100%|HC|  |TAMS 0x0000000082b00000| PB 0x0000000082b00000| Complete 
|  44|0x0000000082c00000, 0x0000000082d00000, 0x0000000082d00000|100%|HS|  |TAMS 0x0000000082c00000| PB 0x0000000082c00000| Complete 
|  45|0x0000000082d00000, 0x0000000082e00000, 0x0000000082e00000|100%|HS|  |TAMS 0x0000000082d00000| PB 0x0000000082d00000| Complete 
|  46|0x0000000082e00000, 0x0000000082f00000, 0x0000000082f00000|100%| O|  |TAMS 0x0000000082e00000| PB 0x0000000082e00000| Untracked 
|  47|0x0000000082f00000, 0x0000000083000000, 0x0000000083000000|100%| O|  |TAMS 0x0000000082f00000| PB 0x0000000082f00000| Untracked 
|  48|0x0000000083000000, 0x0000000083100000, 0x0000000083100000|100%| O|  |TAMS 0x0000000083000000| PB 0x0000000083000000| Untracked 
|  49|0x0000000083100000, 0x0000000083200000, 0x0000000083200000|100%| O|  |TAMS 0x0000000083100000| PB 0x0000000083100000| Untracked 
|  50|0x0000000083200000, 0x0000000083300000, 0x0000000083300000|100%| O|  |TAMS 0x0000000083200000| PB 0x0000000083200000| Untracked 
|  51|0x0000000083300000, 0x0000000083400000, 0x0000000083400000|100%| O|  |TAMS 0x0000000083300000| PB 0x0000000083300000| Untracked 
|  52|0x0000000083400000, 0x0000000083500000, 0x0000000083500000|100%| O|  |TAMS 0x0000000083400000| PB 0x0000000083400000| Untracked 
|  53|0x0000000083500000, 0x0000000083600000, 0x0000000083600000|100%|HS|  |TAMS 0x0000000083500000| PB 0x0000000083500000| Complete 
|  54|0x0000000083600000, 0x0000000083700000, 0x0000000083700000|100%|HC|  |TAMS 0x0000000083600000| PB 0x0000000083600000| Complete 
|  55|0x0000000083700000, 0x0000000083800000, 0x0000000083800000|100%|HC|  |TAMS 0x0000000083700000| PB 0x0000000083700000| Complete 
|  56|0x0000000083800000, 0x0000000083900000, 0x0000000083900000|100%| O|  |TAMS 0x0000000083800000| PB 0x0000000083800000| Untracked 
|  57|0x0000000083900000, 0x0000000083a00000, 0x0000000083a00000|100%| O|  |TAMS 0x0000000083900000| PB 0x0000000083900000| Untracked 
|  58|0x0000000083a00000, 0x0000000083b00000, 0x0000000083b00000|100%| O|  |TAMS 0x0000000083a00000| PB 0x0000000083a00000| Untracked 
|  59|0x0000000083b00000, 0x0000000083c00000, 0x0000000083c00000|100%|HS|  |TAMS 0x0000000083b00000| PB 0x0000000083b00000| Complete 
|  60|0x0000000083c00000, 0x0000000083d00000, 0x0000000083d00000|100%|HS|  |TAMS 0x0000000083c00000| PB 0x0000000083c00000| Complete 
|  61|0x0000000083d00000, 0x0000000083e00000, 0x0000000083e00000|100%| O|  |TAMS 0x0000000083d00000| PB 0x0000000083d00000| Untracked 
|  62|0x0000000083e00000, 0x0000000083f00000, 0x0000000083f00000|100%|HS|  |TAMS 0x0000000083e00000| PB 0x0000000083e00000| Complete 
|  63|0x0000000083f00000, 0x0000000084000000, 0x0000000084000000|100%| O|  |TAMS 0x0000000083f00000| PB 0x0000000083f00000| Untracked 
|  64|0x0000000084000000, 0x0000000084100000, 0x0000000084100000|100%| O|  |TAMS 0x0000000084000000| PB 0x0000000084000000| Untracked 
|  65|0x0000000084100000, 0x0000000084200000, 0x0000000084200000|100%| O|  |TAMS 0x0000000084100000| PB 0x0000000084100000| Untracked 
|  66|0x0000000084200000, 0x0000000084300000, 0x0000000084300000|100%| O|  |TAMS 0x0000000084200000| PB 0x0000000084200000| Untracked 
|  67|0x0000000084300000, 0x0000000084400000, 0x0000000084400000|100%| O|  |TAMS 0x0000000084300000| PB 0x0000000084300000| Untracked 
|  68|0x0000000084400000, 0x0000000084500000, 0x0000000084500000|100%| O|  |TAMS 0x0000000084400000| PB 0x0000000084400000| Untracked 
|  69|0x0000000084500000, 0x0000000084600000, 0x0000000084600000|100%| O|  |TAMS 0x0000000084500000| PB 0x0000000084500000| Untracked 
|  70|0x0000000084600000, 0x0000000084700000, 0x0000000084700000|100%| O|  |TAMS 0x0000000084600000| PB 0x0000000084600000| Untracked 
|  71|0x0000000084700000, 0x0000000084800000, 0x0000000084800000|100%| O|  |TAMS 0x0000000084700000| PB 0x0000000084700000| Untracked 
|  72|0x0000000084800000, 0x0000000084800000, 0x0000000084900000|  0%| F|  |TAMS 0x0000000084800000| PB 0x0000000084800000| Untracked 
|  73|0x0000000084900000, 0x0000000084a00000, 0x0000000084a00000|100%| O|  |TAMS 0x0000000084900000| PB 0x0000000084900000| Untracked 
|  74|0x0000000084a00000, 0x0000000084b00000, 0x0000000084b00000|100%|HS|  |TAMS 0x0000000084a00000| PB 0x0000000084a00000| Complete 
|  75|0x0000000084b00000, 0x0000000084c00000, 0x0000000084c00000|100%|HC|  |TAMS 0x0000000084b00000| PB 0x0000000084b00000| Complete 
|  76|0x0000000084c00000, 0x0000000084d00000, 0x0000000084d00000|100%|HC|  |TAMS 0x0000000084c00000| PB 0x0000000084c00000| Complete 
|  77|0x0000000084d00000, 0x0000000084e00000, 0x0000000084e00000|100%| O|  |TAMS 0x0000000084d00000| PB 0x0000000084d00000| Untracked 
|  78|0x0000000084e00000, 0x0000000084f00000, 0x0000000084f00000|100%| O|  |TAMS 0x0000000084e00000| PB 0x0000000084e00000| Untracked 
|  79|0x0000000084f00000, 0x0000000085000000, 0x0000000085000000|100%| O|  |TAMS 0x0000000084f00000| PB 0x0000000084f00000| Untracked 
|  80|0x0000000085000000, 0x0000000085100000, 0x0000000085100000|100%| O|  |TAMS 0x0000000085000000| PB 0x0000000085000000| Untracked 
|  81|0x0000000085100000, 0x0000000085200000, 0x0000000085200000|100%| O|  |TAMS 0x0000000085100000| PB 0x0000000085100000| Untracked 
|  82|0x0000000085200000, 0x0000000085300000, 0x0000000085300000|100%| O|  |TAMS 0x0000000085200000| PB 0x0000000085200000| Untracked 
|  83|0x0000000085300000, 0x0000000085400000, 0x0000000085400000|100%| O|  |TAMS 0x0000000085300000| PB 0x0000000085300000| Untracked 
|  84|0x0000000085400000, 0x0000000085500000, 0x0000000085500000|100%| O|  |TAMS 0x0000000085400000| PB 0x0000000085400000| Untracked 
|  85|0x0000000085500000, 0x0000000085600000, 0x0000000085600000|100%| O|  |TAMS 0x0000000085500000| PB 0x0000000085500000| Untracked 
|  86|0x0000000085600000, 0x0000000085700000, 0x0000000085700000|100%| O|  |TAMS 0x0000000085600000| PB 0x0000000085600000| Untracked 
|  87|0x0000000085700000, 0x0000000085800000, 0x0000000085800000|100%| O|  |TAMS 0x0000000085700000| PB 0x0000000085700000| Untracked 
|  88|0x0000000085800000, 0x0000000085900000, 0x0000000085900000|100%| O|  |TAMS 0x0000000085800000| PB 0x0000000085800000| Untracked 
|  89|0x0000000085900000, 0x0000000085a00000, 0x0000000085a00000|100%| O|  |TAMS 0x0000000085900000| PB 0x0000000085900000| Untracked 
|  90|0x0000000085a00000, 0x0000000085b00000, 0x0000000085b00000|100%| O|  |TAMS 0x0000000085a00000| PB 0x0000000085a00000| Untracked 
|  91|0x0000000085b00000, 0x0000000085c00000, 0x0000000085c00000|100%| O|  |TAMS 0x0000000085b00000| PB 0x0000000085b00000| Untracked 
|  92|0x0000000085c00000, 0x0000000085d00000, 0x0000000085d00000|100%| O|  |TAMS 0x0000000085c00000| PB 0x0000000085c00000| Untracked 
|  93|0x0000000085d00000, 0x0000000085e00000, 0x0000000085e00000|100%| O|  |TAMS 0x0000000085d00000| PB 0x0000000085d00000| Untracked 
|  94|0x0000000085e00000, 0x0000000085f00000, 0x0000000085f00000|100%| O|  |TAMS 0x0000000085e00000| PB 0x0000000085e00000| Untracked 
|  95|0x0000000085f00000, 0x0000000086000000, 0x0000000086000000|100%| O|  |TAMS 0x0000000085f00000| PB 0x0000000085f00000| Untracked 
|  96|0x0000000086000000, 0x0000000086100000, 0x0000000086100000|100%| O|  |TAMS 0x0000000086000000| PB 0x0000000086000000| Untracked 
|  97|0x0000000086100000, 0x0000000086200000, 0x0000000086200000|100%| O|  |TAMS 0x0000000086100000| PB 0x0000000086100000| Untracked 
|  98|0x0000000086200000, 0x0000000086300000, 0x0000000086300000|100%| O|  |TAMS 0x0000000086200000| PB 0x0000000086200000| Untracked 
|  99|0x0000000086300000, 0x0000000086400000, 0x0000000086400000|100%| O|  |TAMS 0x0000000086300000| PB 0x0000000086300000| Untracked 
| 100|0x0000000086400000, 0x0000000086500000, 0x0000000086500000|100%| O|Cm|TAMS 0x0000000086400000| PB 0x0000000086400000| Complete 
| 101|0x0000000086500000, 0x0000000086600000, 0x0000000086600000|100%| O|Cm|TAMS 0x0000000086500000| PB 0x0000000086500000| Complete 
| 102|0x0000000086600000, 0x0000000086700000, 0x0000000086700000|100%| O|  |TAMS 0x0000000086600000| PB 0x0000000086600000| Untracked 
| 103|0x0000000086700000, 0x0000000086800000, 0x0000000086800000|100%| O|  |TAMS 0x0000000086700000| PB 0x0000000086700000| Untracked 
| 104|0x0000000086800000, 0x0000000086900000, 0x0000000086900000|100%| O|  |TAMS 0x0000000086800000| PB 0x0000000086800000| Untracked 
| 105|0x0000000086900000, 0x0000000086a00000, 0x0000000086a00000|100%| O|  |TAMS 0x0000000086900000| PB 0x0000000086900000| Untracked 
| 106|0x0000000086a00000, 0x0000000086b00000, 0x0000000086b00000|100%| O|Cm|TAMS 0x0000000086a00000| PB 0x0000000086a00000| Complete 
| 107|0x0000000086b00000, 0x0000000086c00000, 0x0000000086c00000|100%| O|  |TAMS 0x0000000086b00000| PB 0x0000000086b00000| Untracked 
| 108|0x0000000086c00000, 0x0000000086d00000, 0x0000000086d00000|100%| O|  |TAMS 0x0000000086c00000| PB 0x0000000086c00000| Untracked 
| 109|0x0000000086d00000, 0x0000000086e00000, 0x0000000086e00000|100%| O|Cm|TAMS 0x0000000086d00000| PB 0x0000000086d00000| Complete 
| 110|0x0000000086e00000, 0x0000000086f00000, 0x0000000086f00000|100%| O|  |TAMS 0x0000000086e00000| PB 0x0000000086e00000| Untracked 
| 111|0x0000000086f00000, 0x0000000087000000, 0x0000000087000000|100%| O|Cm|TAMS 0x0000000086f00000| PB 0x0000000086f00000| Complete 
| 112|0x0000000087000000, 0x0000000087100000, 0x0000000087100000|100%| O|Cm|TAMS 0x0000000087000000| PB 0x0000000087000000| Complete 
| 113|0x0000000087100000, 0x0000000087200000, 0x0000000087200000|100%| O|  |TAMS 0x0000000087100000| PB 0x0000000087100000| Untracked 
| 114|0x0000000087200000, 0x0000000087300000, 0x0000000087300000|100%| O|  |TAMS 0x0000000087200000| PB 0x0000000087200000| Untracked 
| 115|0x0000000087300000, 0x0000000087400000, 0x0000000087400000|100%| O|  |TAMS 0x0000000087300000| PB 0x0000000087300000| Untracked 
| 116|0x0000000087400000, 0x0000000087500000, 0x0000000087500000|100%| O|  |TAMS 0x0000000087400000| PB 0x0000000087400000| Untracked 
| 117|0x0000000087500000, 0x0000000087600000, 0x0000000087600000|100%| O|  |TAMS 0x0000000087500000| PB 0x0000000087500000| Untracked 
| 118|0x0000000087600000, 0x0000000087700000, 0x0000000087700000|100%| O|  |TAMS 0x0000000087600000| PB 0x0000000087600000| Untracked 
| 119|0x0000000087700000, 0x0000000087800000, 0x0000000087800000|100%| O|  |TAMS 0x0000000087700000| PB 0x0000000087700000| Untracked 
| 120|0x0000000087800000, 0x0000000087900000, 0x0000000087900000|100%| O|  |TAMS 0x0000000087800000| PB 0x0000000087800000| Untracked 
| 121|0x0000000087900000, 0x0000000087a00000, 0x0000000087a00000|100%| O|  |TAMS 0x0000000087900000| PB 0x0000000087900000| Untracked 
| 122|0x0000000087a00000, 0x0000000087b00000, 0x0000000087b00000|100%| O|  |TAMS 0x0000000087a00000| PB 0x0000000087a00000| Untracked 
| 123|0x0000000087b00000, 0x0000000087c00000, 0x0000000087c00000|100%| O|  |TAMS 0x0000000087b00000| PB 0x0000000087b00000| Untracked 
| 124|0x0000000087c00000, 0x0000000087d00000, 0x0000000087d00000|100%| O|  |TAMS 0x0000000087c00000| PB 0x0000000087c00000| Untracked 
| 125|0x0000000087d00000, 0x0000000087e00000, 0x0000000087e00000|100%| O|  |TAMS 0x0000000087d00000| PB 0x0000000087d00000| Untracked 
| 126|0x0000000087e00000, 0x0000000087f00000, 0x0000000087f00000|100%| O|  |TAMS 0x0000000087e00000| PB 0x0000000087e00000| Untracked 
| 127|0x0000000087f00000, 0x0000000088000000, 0x0000000088000000|100%| O|  |TAMS 0x0000000087f00000| PB 0x0000000087f00000| Untracked 
| 128|0x0000000088000000, 0x0000000088100000, 0x0000000088100000|100%| O|  |TAMS 0x0000000088000000| PB 0x0000000088000000| Untracked 
| 129|0x0000000088100000, 0x0000000088200000, 0x0000000088200000|100%| O|  |TAMS 0x0000000088100000| PB 0x0000000088100000| Untracked 
| 130|0x0000000088200000, 0x0000000088300000, 0x0000000088300000|100%| O|  |TAMS 0x0000000088200000| PB 0x0000000088200000| Untracked 
| 131|0x0000000088300000, 0x0000000088400000, 0x0000000088400000|100%| O|  |TAMS 0x0000000088300000| PB 0x0000000088300000| Untracked 
| 132|0x0000000088400000, 0x0000000088500000, 0x0000000088500000|100%| O|  |TAMS 0x0000000088400000| PB 0x0000000088400000| Untracked 
| 133|0x0000000088500000, 0x0000000088600000, 0x0000000088600000|100%| O|  |TAMS 0x0000000088500000| PB 0x0000000088500000| Untracked 
| 134|0x0000000088600000, 0x0000000088700000, 0x0000000088700000|100%| O|  |TAMS 0x0000000088600000| PB 0x0000000088600000| Untracked 
| 135|0x0000000088700000, 0x0000000088800000, 0x0000000088800000|100%| O|  |TAMS 0x0000000088700000| PB 0x0000000088700000| Untracked 
| 136|0x0000000088800000, 0x0000000088900000, 0x0000000088900000|100%| O|  |TAMS 0x0000000088800000| PB 0x0000000088800000| Untracked 
| 137|0x0000000088900000, 0x0000000088a00000, 0x0000000088a00000|100%| O|  |TAMS 0x0000000088900000| PB 0x0000000088900000| Untracked 
| 138|0x0000000088a00000, 0x0000000088b00000, 0x0000000088b00000|100%| O|  |TAMS 0x0000000088a00000| PB 0x0000000088a00000| Untracked 
| 139|0x0000000088b00000, 0x0000000088c00000, 0x0000000088c00000|100%| O|  |TAMS 0x0000000088b00000| PB 0x0000000088b00000| Untracked 
| 140|0x0000000088c00000, 0x0000000088d00000, 0x0000000088d00000|100%| O|  |TAMS 0x0000000088c00000| PB 0x0000000088c00000| Untracked 
| 141|0x0000000088d00000, 0x0000000088e00000, 0x0000000088e00000|100%| O|  |TAMS 0x0000000088d00000| PB 0x0000000088d00000| Untracked 
| 142|0x0000000088e00000, 0x0000000088e00000, 0x0000000088f00000|  0%| F|  |TAMS 0x0000000088e00000| PB 0x0000000088e00000| Untracked 
| 143|0x0000000088f00000, 0x0000000088f00000, 0x0000000089000000|  0%| F|  |TAMS 0x0000000088f00000| PB 0x0000000088f00000| Untracked 
| 144|0x0000000089000000, 0x0000000089000000, 0x0000000089100000|  0%| F|  |TAMS 0x0000000089000000| PB 0x0000000089000000| Untracked 
| 145|0x0000000089100000, 0x0000000089100000, 0x0000000089200000|  0%| F|  |TAMS 0x0000000089100000| PB 0x0000000089100000| Untracked 
| 146|0x0000000089200000, 0x0000000089200000, 0x0000000089300000|  0%| F|  |TAMS 0x0000000089200000| PB 0x0000000089200000| Untracked 
| 147|0x0000000089300000, 0x0000000089300000, 0x0000000089400000|  0%| F|  |TAMS 0x0000000089300000| PB 0x0000000089300000| Untracked 
| 148|0x0000000089400000, 0x0000000089400000, 0x0000000089500000|  0%| F|  |TAMS 0x0000000089400000| PB 0x0000000089400000| Untracked 
| 149|0x0000000089500000, 0x0000000089500000, 0x0000000089600000|  0%| F|  |TAMS 0x0000000089500000| PB 0x0000000089500000| Untracked 
| 150|0x0000000089600000, 0x0000000089600000, 0x0000000089700000|  0%| F|  |TAMS 0x0000000089600000| PB 0x0000000089600000| Untracked 
| 151|0x0000000089700000, 0x0000000089700000, 0x0000000089800000|  0%| F|  |TAMS 0x0000000089700000| PB 0x0000000089700000| Untracked 
| 152|0x0000000089800000, 0x0000000089800000, 0x0000000089900000|  0%| F|  |TAMS 0x0000000089800000| PB 0x0000000089800000| Untracked 
| 153|0x0000000089900000, 0x0000000089900000, 0x0000000089a00000|  0%| F|  |TAMS 0x0000000089900000| PB 0x0000000089900000| Untracked 
| 154|0x0000000089a00000, 0x0000000089a00000, 0x0000000089b00000|  0%| F|  |TAMS 0x0000000089a00000| PB 0x0000000089a00000| Untracked 
| 155|0x0000000089b00000, 0x0000000089b00000, 0x0000000089c00000|  0%| F|  |TAMS 0x0000000089b00000| PB 0x0000000089b00000| Untracked 
| 156|0x0000000089c00000, 0x0000000089c00000, 0x0000000089d00000|  0%| F|  |TAMS 0x0000000089c00000| PB 0x0000000089c00000| Untracked 
| 157|0x0000000089d00000, 0x0000000089d00000, 0x0000000089e00000|  0%| F|  |TAMS 0x0000000089d00000| PB 0x0000000089d00000| Untracked 
| 158|0x0000000089e00000, 0x0000000089e00000, 0x0000000089f00000|  0%| F|  |TAMS 0x0000000089e00000| PB 0x0000000089e00000| Untracked 
| 159|0x0000000089f00000, 0x0000000089f00000, 0x000000008a000000|  0%| F|  |TAMS 0x0000000089f00000| PB 0x0000000089f00000| Untracked 
| 160|0x000000008a000000, 0x000000008a000000, 0x000000008a100000|  0%| F|  |TAMS 0x000000008a000000| PB 0x000000008a000000| Untracked 
| 161|0x000000008a100000, 0x000000008a100000, 0x000000008a200000|  0%| F|  |TAMS 0x000000008a100000| PB 0x000000008a100000| Untracked 
| 162|0x000000008a200000, 0x000000008a200000, 0x000000008a300000|  0%| F|  |TAMS 0x000000008a200000| PB 0x000000008a200000| Untracked 
| 163|0x000000008a300000, 0x000000008a300000, 0x000000008a400000|  0%| F|  |TAMS 0x000000008a300000| PB 0x000000008a300000| Untracked 
| 164|0x000000008a400000, 0x000000008a400000, 0x000000008a500000|  0%| F|  |TAMS 0x000000008a400000| PB 0x000000008a400000| Untracked 
| 165|0x000000008a500000, 0x000000008a500000, 0x000000008a600000|  0%| F|  |TAMS 0x000000008a500000| PB 0x000000008a500000| Untracked 
| 166|0x000000008a600000, 0x000000008a600000, 0x000000008a700000|  0%| F|  |TAMS 0x000000008a600000| PB 0x000000008a600000| Untracked 
| 167|0x000000008a700000, 0x000000008a700000, 0x000000008a800000|  0%| F|  |TAMS 0x000000008a700000| PB 0x000000008a700000| Untracked 
| 168|0x000000008a800000, 0x000000008a89a118, 0x000000008a900000| 60%| S|CS|TAMS 0x000000008a800000| PB 0x000000008a800000| Complete 
| 169|0x000000008a900000, 0x000000008aa00000, 0x000000008aa00000|100%| S|CS|TAMS 0x000000008a900000| PB 0x000000008a900000| Complete 
| 170|0x000000008aa00000, 0x000000008ab00000, 0x000000008ab00000|100%| S|CS|TAMS 0x000000008aa00000| PB 0x000000008aa00000| Complete 
| 171|0x000000008ab00000, 0x000000008ac00000, 0x000000008ac00000|100%| S|CS|TAMS 0x000000008ab00000| PB 0x000000008ab00000| Complete 
| 172|0x000000008ac00000, 0x000000008ad00000, 0x000000008ad00000|100%| S|CS|TAMS 0x000000008ac00000| PB 0x000000008ac00000| Complete 
| 173|0x000000008ad00000, 0x000000008ae00000, 0x000000008ae00000|100%| S|CS|TAMS 0x000000008ad00000| PB 0x000000008ad00000| Complete 
| 174|0x000000008ae00000, 0x000000008af00000, 0x000000008af00000|100%| S|CS|TAMS 0x000000008ae00000| PB 0x000000008ae00000| Complete 
| 175|0x000000008af00000, 0x000000008af00000, 0x000000008b000000|  0%| F|  |TAMS 0x000000008af00000| PB 0x000000008af00000| Untracked 
| 176|0x000000008b000000, 0x000000008b000000, 0x000000008b100000|  0%| F|  |TAMS 0x000000008b000000| PB 0x000000008b000000| Untracked 
| 177|0x000000008b100000, 0x000000008b100000, 0x000000008b200000|  0%| F|  |TAMS 0x000000008b100000| PB 0x000000008b100000| Untracked 
| 178|0x000000008b200000, 0x000000008b200000, 0x000000008b300000|  0%| F|  |TAMS 0x000000008b200000| PB 0x000000008b200000| Untracked 
| 179|0x000000008b300000, 0x000000008b300000, 0x000000008b400000|  0%| F|  |TAMS 0x000000008b300000| PB 0x000000008b300000| Untracked 
| 180|0x000000008b400000, 0x000000008b400000, 0x000000008b500000|  0%| F|  |TAMS 0x000000008b400000| PB 0x000000008b400000| Untracked 
| 181|0x000000008b500000, 0x000000008b500000, 0x000000008b600000|  0%| F|  |TAMS 0x000000008b500000| PB 0x000000008b500000| Untracked 
| 182|0x000000008b600000, 0x000000008b600000, 0x000000008b700000|  0%| F|  |TAMS 0x000000008b600000| PB 0x000000008b600000| Untracked 
| 183|0x000000008b700000, 0x000000008b700000, 0x000000008b800000|  0%| F|  |TAMS 0x000000008b700000| PB 0x000000008b700000| Untracked 
| 184|0x000000008b800000, 0x000000008b800000, 0x000000008b900000|  0%| F|  |TAMS 0x000000008b800000| PB 0x000000008b800000| Untracked 
| 185|0x000000008b900000, 0x000000008b900000, 0x000000008ba00000|  0%| F|  |TAMS 0x000000008b900000| PB 0x000000008b900000| Untracked 
| 186|0x000000008ba00000, 0x000000008ba00000, 0x000000008bb00000|  0%| F|  |TAMS 0x000000008ba00000| PB 0x000000008ba00000| Untracked 
| 187|0x000000008bb00000, 0x000000008bb00000, 0x000000008bc00000|  0%| F|  |TAMS 0x000000008bb00000| PB 0x000000008bb00000| Untracked 
| 188|0x000000008bc00000, 0x000000008bc00000, 0x000000008bd00000|  0%| F|  |TAMS 0x000000008bc00000| PB 0x000000008bc00000| Untracked 
| 189|0x000000008bd00000, 0x000000008bd00000, 0x000000008be00000|  0%| F|  |TAMS 0x000000008bd00000| PB 0x000000008bd00000| Untracked 
| 190|0x000000008be00000, 0x000000008be00000, 0x000000008bf00000|  0%| F|  |TAMS 0x000000008be00000| PB 0x000000008be00000| Untracked 
| 191|0x000000008bf00000, 0x000000008bf00000, 0x000000008c000000|  0%| F|  |TAMS 0x000000008bf00000| PB 0x000000008bf00000| Untracked 
| 192|0x000000008c000000, 0x000000008c000000, 0x000000008c100000|  0%| F|  |TAMS 0x000000008c000000| PB 0x000000008c000000| Untracked 
| 193|0x000000008c100000, 0x000000008c100000, 0x000000008c200000|  0%| F|  |TAMS 0x000000008c100000| PB 0x000000008c100000| Untracked 
| 194|0x000000008c200000, 0x000000008c200000, 0x000000008c300000|  0%| F|  |TAMS 0x000000008c200000| PB 0x000000008c200000| Untracked 
| 195|0x000000008c300000, 0x000000008c300000, 0x000000008c400000|  0%| F|  |TAMS 0x000000008c300000| PB 0x000000008c300000| Untracked 
| 196|0x000000008c400000, 0x000000008c400000, 0x000000008c500000|  0%| F|  |TAMS 0x000000008c400000| PB 0x000000008c400000| Untracked 
| 197|0x000000008c500000, 0x000000008c500000, 0x000000008c600000|  0%| F|  |TAMS 0x000000008c500000| PB 0x000000008c500000| Untracked 
| 198|0x000000008c600000, 0x000000008c600000, 0x000000008c700000|  0%| F|  |TAMS 0x000000008c600000| PB 0x000000008c600000| Untracked 
| 199|0x000000008c700000, 0x000000008c700000, 0x000000008c800000|  0%| F|  |TAMS 0x000000008c700000| PB 0x000000008c700000| Untracked 
| 200|0x000000008c800000, 0x000000008c800000, 0x000000008c900000|  0%| F|  |TAMS 0x000000008c800000| PB 0x000000008c800000| Untracked 
| 201|0x000000008c900000, 0x000000008c900000, 0x000000008ca00000|  0%| F|  |TAMS 0x000000008c900000| PB 0x000000008c900000| Untracked 
| 202|0x000000008ca00000, 0x000000008ca00000, 0x000000008cb00000|  0%| F|  |TAMS 0x000000008ca00000| PB 0x000000008ca00000| Untracked 
| 203|0x000000008cb00000, 0x000000008cb00000, 0x000000008cc00000|  0%| F|  |TAMS 0x000000008cb00000| PB 0x000000008cb00000| Untracked 
| 204|0x000000008cc00000, 0x000000008cc00000, 0x000000008cd00000|  0%| F|  |TAMS 0x000000008cc00000| PB 0x000000008cc00000| Untracked 
| 205|0x000000008cd00000, 0x000000008cd00000, 0x000000008ce00000|  0%| F|  |TAMS 0x000000008cd00000| PB 0x000000008cd00000| Untracked 
| 206|0x000000008ce00000, 0x000000008ce00000, 0x000000008cf00000|  0%| F|  |TAMS 0x000000008ce00000| PB 0x000000008ce00000| Untracked 
| 207|0x000000008cf00000, 0x000000008cf00000, 0x000000008d000000|  0%| F|  |TAMS 0x000000008cf00000| PB 0x000000008cf00000| Untracked 
| 208|0x000000008d000000, 0x000000008d000000, 0x000000008d100000|  0%| F|  |TAMS 0x000000008d000000| PB 0x000000008d000000| Untracked 
| 209|0x000000008d100000, 0x000000008d100000, 0x000000008d200000|  0%| F|  |TAMS 0x000000008d100000| PB 0x000000008d100000| Untracked 
| 210|0x000000008d200000, 0x000000008d200000, 0x000000008d300000|  0%| F|  |TAMS 0x000000008d200000| PB 0x000000008d200000| Untracked 
| 211|0x000000008d300000, 0x000000008d300000, 0x000000008d400000|  0%| F|  |TAMS 0x000000008d300000| PB 0x000000008d300000| Untracked 
| 212|0x000000008d400000, 0x000000008d400000, 0x000000008d500000|  0%| F|  |TAMS 0x000000008d400000| PB 0x000000008d400000| Untracked 
| 213|0x000000008d500000, 0x000000008d500000, 0x000000008d600000|  0%| F|  |TAMS 0x000000008d500000| PB 0x000000008d500000| Untracked 
| 214|0x000000008d600000, 0x000000008d600000, 0x000000008d700000|  0%| F|  |TAMS 0x000000008d600000| PB 0x000000008d600000| Untracked 
| 215|0x000000008d700000, 0x000000008d700000, 0x000000008d800000|  0%| F|  |TAMS 0x000000008d700000| PB 0x000000008d700000| Untracked 
| 216|0x000000008d800000, 0x000000008d800000, 0x000000008d900000|  0%| F|  |TAMS 0x000000008d800000| PB 0x000000008d800000| Untracked 
| 217|0x000000008d900000, 0x000000008d900000, 0x000000008da00000|  0%| F|  |TAMS 0x000000008d900000| PB 0x000000008d900000| Untracked 
| 218|0x000000008da00000, 0x000000008da00000, 0x000000008db00000|  0%| F|  |TAMS 0x000000008da00000| PB 0x000000008da00000| Untracked 
| 219|0x000000008db00000, 0x000000008db00000, 0x000000008dc00000|  0%| F|  |TAMS 0x000000008db00000| PB 0x000000008db00000| Untracked 
| 220|0x000000008dc00000, 0x000000008dc00000, 0x000000008dd00000|  0%| F|  |TAMS 0x000000008dc00000| PB 0x000000008dc00000| Untracked 
| 221|0x000000008dd00000, 0x000000008dd00000, 0x000000008de00000|  0%| F|  |TAMS 0x000000008dd00000| PB 0x000000008dd00000| Untracked 
| 222|0x000000008de00000, 0x000000008de00000, 0x000000008df00000|  0%| F|  |TAMS 0x000000008de00000| PB 0x000000008de00000| Untracked 
| 223|0x000000008df00000, 0x000000008df00000, 0x000000008e000000|  0%| F|  |TAMS 0x000000008df00000| PB 0x000000008df00000| Untracked 
| 224|0x000000008e000000, 0x000000008e000000, 0x000000008e100000|  0%| F|  |TAMS 0x000000008e000000| PB 0x000000008e000000| Untracked 
| 225|0x000000008e100000, 0x000000008e100000, 0x000000008e200000|  0%| F|  |TAMS 0x000000008e100000| PB 0x000000008e100000| Untracked 
| 226|0x000000008e200000, 0x000000008e200000, 0x000000008e300000|  0%| F|  |TAMS 0x000000008e200000| PB 0x000000008e200000| Untracked 
| 227|0x000000008e300000, 0x000000008e300000, 0x000000008e400000|  0%| F|  |TAMS 0x000000008e300000| PB 0x000000008e300000| Untracked 
| 228|0x000000008e400000, 0x000000008e400000, 0x000000008e500000|  0%| F|  |TAMS 0x000000008e400000| PB 0x000000008e400000| Untracked 
| 229|0x000000008e500000, 0x000000008e500000, 0x000000008e600000|  0%| F|  |TAMS 0x000000008e500000| PB 0x000000008e500000| Untracked 
| 230|0x000000008e600000, 0x000000008e600000, 0x000000008e700000|  0%| F|  |TAMS 0x000000008e600000| PB 0x000000008e600000| Untracked 
| 231|0x000000008e700000, 0x000000008e700000, 0x000000008e800000|  0%| F|  |TAMS 0x000000008e700000| PB 0x000000008e700000| Untracked 
| 232|0x000000008e800000, 0x000000008e800000, 0x000000008e900000|  0%| F|  |TAMS 0x000000008e800000| PB 0x000000008e800000| Untracked 
| 233|0x000000008e900000, 0x000000008e900000, 0x000000008ea00000|  0%| F|  |TAMS 0x000000008e900000| PB 0x000000008e900000| Untracked 
| 234|0x000000008ea00000, 0x000000008ea00000, 0x000000008eb00000|  0%| F|  |TAMS 0x000000008ea00000| PB 0x000000008ea00000| Untracked 
| 235|0x000000008eb00000, 0x000000008eb00000, 0x000000008ec00000|  0%| F|  |TAMS 0x000000008eb00000| PB 0x000000008eb00000| Untracked 
| 236|0x000000008ec00000, 0x000000008ec00000, 0x000000008ed00000|  0%| F|  |TAMS 0x000000008ec00000| PB 0x000000008ec00000| Untracked 
| 237|0x000000008ed00000, 0x000000008ed00000, 0x000000008ee00000|  0%| F|  |TAMS 0x000000008ed00000| PB 0x000000008ed00000| Untracked 
| 238|0x000000008ee00000, 0x000000008ee00000, 0x000000008ef00000|  0%| F|  |TAMS 0x000000008ee00000| PB 0x000000008ee00000| Untracked 
| 239|0x000000008ef00000, 0x000000008ef00000, 0x000000008f000000|  0%| F|  |TAMS 0x000000008ef00000| PB 0x000000008ef00000| Untracked 
| 240|0x000000008f000000, 0x000000008f000000, 0x000000008f100000|  0%| F|  |TAMS 0x000000008f000000| PB 0x000000008f000000| Untracked 
| 241|0x000000008f100000, 0x000000008f100000, 0x000000008f200000|  0%| F|  |TAMS 0x000000008f100000| PB 0x000000008f100000| Untracked 
| 242|0x000000008f200000, 0x000000008f200000, 0x000000008f300000|  0%| F|  |TAMS 0x000000008f200000| PB 0x000000008f200000| Untracked 
| 243|0x000000008f300000, 0x000000008f300000, 0x000000008f400000|  0%| F|  |TAMS 0x000000008f300000| PB 0x000000008f300000| Untracked 
| 244|0x000000008f400000, 0x000000008f400000, 0x000000008f500000|  0%| F|  |TAMS 0x000000008f400000| PB 0x000000008f400000| Untracked 
| 245|0x000000008f500000, 0x000000008f500000, 0x000000008f600000|  0%| F|  |TAMS 0x000000008f500000| PB 0x000000008f500000| Untracked 
| 246|0x000000008f600000, 0x000000008f600000, 0x000000008f700000|  0%| F|  |TAMS 0x000000008f600000| PB 0x000000008f600000| Untracked 
| 247|0x000000008f700000, 0x000000008f700000, 0x000000008f800000|  0%| F|  |TAMS 0x000000008f700000| PB 0x000000008f700000| Untracked 
| 248|0x000000008f800000, 0x000000008f800000, 0x000000008f900000|  0%| F|  |TAMS 0x000000008f800000| PB 0x000000008f800000| Untracked 
| 249|0x000000008f900000, 0x000000008f900000, 0x000000008fa00000|  0%| F|  |TAMS 0x000000008f900000| PB 0x000000008f900000| Untracked 
| 250|0x000000008fa00000, 0x000000008fa00000, 0x000000008fb00000|  0%| F|  |TAMS 0x000000008fa00000| PB 0x000000008fa00000| Untracked 
| 251|0x000000008fb00000, 0x000000008fb00000, 0x000000008fc00000|  0%| F|  |TAMS 0x000000008fb00000| PB 0x000000008fb00000| Untracked 
| 252|0x000000008fc00000, 0x000000008fc00000, 0x000000008fd00000|  0%| F|  |TAMS 0x000000008fc00000| PB 0x000000008fc00000| Untracked 
| 253|0x000000008fd00000, 0x000000008fd00000, 0x000000008fe00000|  0%| F|  |TAMS 0x000000008fd00000| PB 0x000000008fd00000| Untracked 
| 254|0x000000008fe00000, 0x000000008fe00000, 0x000000008ff00000|  0%| F|  |TAMS 0x000000008fe00000| PB 0x000000008fe00000| Untracked 
| 255|0x000000008ff00000, 0x000000008ff00000, 0x0000000090000000|  0%| F|  |TAMS 0x000000008ff00000| PB 0x000000008ff00000| Untracked 
| 256|0x0000000090000000, 0x0000000090000000, 0x0000000090100000|  0%| F|  |TAMS 0x0000000090000000| PB 0x0000000090000000| Untracked 
| 257|0x0000000090100000, 0x0000000090100000, 0x0000000090200000|  0%| F|  |TAMS 0x0000000090100000| PB 0x0000000090100000| Untracked 
| 258|0x0000000090200000, 0x0000000090200000, 0x0000000090300000|  0%| F|  |TAMS 0x0000000090200000| PB 0x0000000090200000| Untracked 
| 259|0x0000000090300000, 0x0000000090300000, 0x0000000090400000|  0%| F|  |TAMS 0x0000000090300000| PB 0x0000000090300000| Untracked 
| 260|0x0000000090400000, 0x0000000090400000, 0x0000000090500000|  0%| F|  |TAMS 0x0000000090400000| PB 0x0000000090400000| Untracked 
| 261|0x0000000090500000, 0x0000000090500000, 0x0000000090600000|  0%| F|  |TAMS 0x0000000090500000| PB 0x0000000090500000| Untracked 
| 262|0x0000000090600000, 0x0000000090600000, 0x0000000090700000|  0%| F|  |TAMS 0x0000000090600000| PB 0x0000000090600000| Untracked 
| 263|0x0000000090700000, 0x0000000090700000, 0x0000000090800000|  0%| F|  |TAMS 0x0000000090700000| PB 0x0000000090700000| Untracked 
| 264|0x0000000090800000, 0x0000000090800000, 0x0000000090900000|  0%| F|  |TAMS 0x0000000090800000| PB 0x0000000090800000| Untracked 
| 265|0x0000000090900000, 0x0000000090900000, 0x0000000090a00000|  0%| F|  |TAMS 0x0000000090900000| PB 0x0000000090900000| Untracked 
| 266|0x0000000090a00000, 0x0000000090a00000, 0x0000000090b00000|  0%| F|  |TAMS 0x0000000090a00000| PB 0x0000000090a00000| Untracked 
| 267|0x0000000090b00000, 0x0000000090b00000, 0x0000000090c00000|  0%| F|  |TAMS 0x0000000090b00000| PB 0x0000000090b00000| Untracked 
| 268|0x0000000090c00000, 0x0000000090c00000, 0x0000000090d00000|  0%| F|  |TAMS 0x0000000090c00000| PB 0x0000000090c00000| Untracked 
| 269|0x0000000090d00000, 0x0000000090d00000, 0x0000000090e00000|  0%| F|  |TAMS 0x0000000090d00000| PB 0x0000000090d00000| Untracked 
| 270|0x0000000090e00000, 0x0000000090e00000, 0x0000000090f00000|  0%| F|  |TAMS 0x0000000090e00000| PB 0x0000000090e00000| Untracked 
| 271|0x0000000090f00000, 0x0000000090f00000, 0x0000000091000000|  0%| F|  |TAMS 0x0000000090f00000| PB 0x0000000090f00000| Untracked 
| 272|0x0000000091000000, 0x0000000091000000, 0x0000000091100000|  0%| F|  |TAMS 0x0000000091000000| PB 0x0000000091000000| Untracked 
| 273|0x0000000091100000, 0x0000000091100000, 0x0000000091200000|  0%| F|  |TAMS 0x0000000091100000| PB 0x0000000091100000| Untracked 
| 274|0x0000000091200000, 0x0000000091200000, 0x0000000091300000|  0%| F|  |TAMS 0x0000000091200000| PB 0x0000000091200000| Untracked 
| 275|0x0000000091300000, 0x0000000091300000, 0x0000000091400000|  0%| F|  |TAMS 0x0000000091300000| PB 0x0000000091300000| Untracked 
| 276|0x0000000091400000, 0x000000009142c550, 0x0000000091500000| 17%| E|  |TAMS 0x0000000091400000| PB 0x0000000091400000| Complete 
| 277|0x0000000091500000, 0x0000000091600000, 0x0000000091600000|100%| E|CS|TAMS 0x0000000091500000| PB 0x0000000091500000| Complete 
| 278|0x0000000091600000, 0x0000000091700000, 0x0000000091700000|100%| E|CS|TAMS 0x0000000091600000| PB 0x0000000091600000| Complete 
| 279|0x0000000091700000, 0x0000000091800000, 0x0000000091800000|100%| E|CS|TAMS 0x0000000091700000| PB 0x0000000091700000| Complete 
| 280|0x0000000091800000, 0x0000000091900000, 0x0000000091900000|100%| E|CS|TAMS 0x0000000091800000| PB 0x0000000091800000| Complete 
| 281|0x0000000091900000, 0x0000000091a00000, 0x0000000091a00000|100%| E|CS|TAMS 0x0000000091900000| PB 0x0000000091900000| Complete 
| 282|0x0000000091a00000, 0x0000000091b00000, 0x0000000091b00000|100%| E|CS|TAMS 0x0000000091a00000| PB 0x0000000091a00000| Complete 
| 283|0x0000000091b00000, 0x0000000091c00000, 0x0000000091c00000|100%| E|CS|TAMS 0x0000000091b00000| PB 0x0000000091b00000| Complete 
| 284|0x0000000091c00000, 0x0000000091d00000, 0x0000000091d00000|100%| E|CS|TAMS 0x0000000091c00000| PB 0x0000000091c00000| Complete 
| 285|0x0000000091d00000, 0x0000000091e00000, 0x0000000091e00000|100%| E|CS|TAMS 0x0000000091d00000| PB 0x0000000091d00000| Complete 
| 286|0x0000000091e00000, 0x0000000091f00000, 0x0000000091f00000|100%| E|CS|TAMS 0x0000000091e00000| PB 0x0000000091e00000| Complete 
| 287|0x0000000091f00000, 0x0000000092000000, 0x0000000092000000|100%| E|CS|TAMS 0x0000000091f00000| PB 0x0000000091f00000| Complete 
| 288|0x0000000092000000, 0x0000000092100000, 0x0000000092100000|100%| E|CS|TAMS 0x0000000092000000| PB 0x0000000092000000| Complete 
| 289|0x0000000092100000, 0x0000000092200000, 0x0000000092200000|100%| E|CS|TAMS 0x0000000092100000| PB 0x0000000092100000| Complete 
| 290|0x0000000092200000, 0x0000000092300000, 0x0000000092300000|100%| E|CS|TAMS 0x0000000092200000| PB 0x0000000092200000| Complete 
| 291|0x0000000092300000, 0x0000000092400000, 0x0000000092400000|100%| E|CS|TAMS 0x0000000092300000| PB 0x0000000092300000| Complete 
| 292|0x0000000092400000, 0x0000000092500000, 0x0000000092500000|100%| E|CS|TAMS 0x0000000092400000| PB 0x0000000092400000| Complete 
| 293|0x0000000092500000, 0x0000000092600000, 0x0000000092600000|100%| E|CS|TAMS 0x0000000092500000| PB 0x0000000092500000| Complete 
| 294|0x0000000092600000, 0x0000000092700000, 0x0000000092700000|100%| E|CS|TAMS 0x0000000092600000| PB 0x0000000092600000| Complete 
|2032|0x00000000ff000000, 0x00000000ff100000, 0x00000000ff100000|100%| E|CS|TAMS 0x00000000ff000000| PB 0x00000000ff000000| Complete 
|2033|0x00000000ff100000, 0x00000000ff200000, 0x00000000ff200000|100%| E|CS|TAMS 0x00000000ff100000| PB 0x00000000ff100000| Complete 
|2034|0x00000000ff200000, 0x00000000ff300000, 0x00000000ff300000|100%| E|CS|TAMS 0x00000000ff200000| PB 0x00000000ff200000| Complete 
|2035|0x00000000ff300000, 0x00000000ff400000, 0x00000000ff400000|100%| E|CS|TAMS 0x00000000ff300000| PB 0x00000000ff300000| Complete 
|2036|0x00000000ff400000, 0x00000000ff500000, 0x00000000ff500000|100%| E|CS|TAMS 0x00000000ff400000| PB 0x00000000ff400000| Complete 
|2037|0x00000000ff500000, 0x00000000ff600000, 0x00000000ff600000|100%| E|CS|TAMS 0x00000000ff500000| PB 0x00000000ff500000| Complete 
|2038|0x00000000ff600000, 0x00000000ff700000, 0x00000000ff700000|100%| E|CS|TAMS 0x00000000ff600000| PB 0x00000000ff600000| Complete 
|2039|0x00000000ff700000, 0x00000000ff800000, 0x00000000ff800000|100%| E|CS|TAMS 0x00000000ff700000| PB 0x00000000ff700000| Complete 
|2040|0x00000000ff800000, 0x00000000ff900000, 0x00000000ff900000|100%| E|CS|TAMS 0x00000000ff800000| PB 0x00000000ff800000| Complete 
|2041|0x00000000ff900000, 0x00000000ffa00000, 0x00000000ffa00000|100%| E|CS|TAMS 0x00000000ff900000| PB 0x00000000ff900000| Complete 
|2042|0x00000000ffa00000, 0x00000000ffb00000, 0x00000000ffb00000|100%| E|CS|TAMS 0x00000000ffa00000| PB 0x00000000ffa00000| Complete 
|2043|0x00000000ffb00000, 0x00000000ffc00000, 0x00000000ffc00000|100%| E|CS|TAMS 0x00000000ffb00000| PB 0x00000000ffb00000| Complete 
|2044|0x00000000ffc00000, 0x00000000ffd00000, 0x00000000ffd00000|100%| O|  |TAMS 0x00000000ffc00000| PB 0x00000000ffc00000| Untracked 
|2045|0x00000000ffd00000, 0x00000000ffe00000, 0x00000000ffe00000|100%| E|CS|TAMS 0x00000000ffd00000| PB 0x00000000ffd00000| Complete 
|2046|0x00000000ffe00000, 0x00000000fff00000, 0x00000000fff00000|100%| O|  |TAMS 0x00000000ffe00000| PB 0x00000000ffe00000| Untracked 
|2047|0x00000000fff00000, 0x0000000100000000, 0x0000000100000000|100%| O|  |TAMS 0x00000000fff00000| PB 0x00000000fff00000| Untracked 

Card table byte_map: [0x0000012def6e0000,0x0000012defae0000] _byte_map_base: 0x0000012def2e0000

Marking Bits: (CMBitMap*) 0x0000012ddc970240
 Bits: [0x0000012defae0000, 0x0000012df1ae0000)

Polling page: 0x0000012dda910000

Metaspace:

Usage:
  Non-class:    133.20 MB used.
      Class:     21.53 MB used.
       Both:    154.73 MB used.

Virtual space:
  Non-class space:      192.00 MB reserved,     134.38 MB ( 70%) committed,  3 nodes.
      Class space:        1.00 GB reserved,      22.69 MB (  2%) committed,  1 nodes.
             Both:        1.19 GB reserved,     157.06 MB ( 13%) committed. 

Chunk freelists:
   Non-Class:  9.12 MB
       Class:  9.29 MB
        Both:  18.42 MB

MaxMetaspaceSize: unlimited
CompressedClassSpaceSize: 1.00 GB
Initial GC threshold: 21.00 MB
Current GC threshold: 254.31 MB
CDS: off
 - commit_granule_bytes: 65536.
 - commit_granule_words: 8192.
 - virtual_space_node_default_size: 8388608.
 - enlarge_chunks_in_place: 1.
 - use_allocation_guard: 0.


Internal statistics:

num_allocs_failed_limit: 12.
num_arena_births: 4582.
num_arena_deaths: 0.
num_vsnodes_births: 4.
num_vsnodes_deaths: 0.
num_space_committed: 2510.
num_space_uncommitted: 0.
num_chunks_returned_to_freelist: 12.
num_chunks_taken_from_freelist: 11101.
num_chunk_merges: 12.
num_chunk_splits: 7483.
num_chunks_enlarged: 4944.
num_inconsistent_stats: 0.

CodeHeap 'non-profiled nmethods': size=119168Kb used=15403Kb max_used=15403Kb free=103764Kb
 bounds [0x0000012de7600000, 0x0000012de8510000, 0x0000012deea60000]
CodeHeap 'profiled nmethods': size=119104Kb used=40602Kb max_used=40602Kb free=78501Kb
 bounds [0x0000012ddfa60000, 0x0000012de2210000, 0x0000012de6eb0000]
CodeHeap 'non-nmethods': size=7488Kb used=3928Kb max_used=3978Kb free=3559Kb
 bounds [0x0000012de6eb0000, 0x0000012de72b0000, 0x0000012de7600000]
 total_blobs=21183 nmethods=20233 adapters=849
 compilation: enabled
              stopped_count=0, restarted_count=0
 full_count=0

Compilation events (20 events):
Event: 465.777 Thread 0x0000012df52f9d10 nmethod 23894 0x0000012de21be710 code [0x0000012de21be9c0, 0x0000012de21c0070]
Event: 465.777 Thread 0x0000012df52f9d10 23900       3       org.gradle.internal.component.external.model.maven.DefaultMavenModuleResolveMetadata::withSources (14 bytes)
Event: 465.777 Thread 0x0000012df52f9d10 nmethod 23900 0x0000012de21c0490 code [0x0000012de21c0640, 0x0000012de21c08e0]
Event: 465.777 Thread 0x0000012df52f9d10 23901       3       org.gradle.internal.component.model.DefaultExternalComponentGraphResolveState::<init> (100 bytes)
Event: 465.777 Thread 0x0000012dfd3a94e0 nmethod 23903 0x0000012de21c0a10 code [0x0000012de21c0d40, 0x0000012de21c21e0]
Event: 465.777 Thread 0x0000012dfd3ab020 23902       3       org.gradle.internal.component.model.DefaultExternalComponentGraphResolveState$$Lambda/0x0000000100947ce8::<init> (15 bytes)
Event: 465.777 Thread 0x0000012dfd3a94e0 23904       3       org.gradle.internal.component.external.model.AbstractLazyModuleComponentResolveMetadata::addVariantsByRule (357 bytes)
Event: 465.777 Thread 0x0000012dfd3ab020 nmethod 23902 0x0000012de21c2890 code [0x0000012de21c2a40, 0x0000012de21c2c60]
Event: 465.778 Thread 0x0000012df4c877a0 nmethod 23896 0x0000012de21c2d10 code [0x0000012de21c3000, 0x0000012de21c3fe8]
Event: 465.778 Thread 0x0000012df52f9d10 nmethod 23901 0x0000012de21c4590 code [0x0000012de21c4920, 0x0000012de21c6440]
Event: 465.779 Thread 0x0000012df4c86d00 23905       4       org.gradle.api.internal.artifacts.dependencies.DefaultImmutableVersionConstraint::<init> (152 bytes)
Event: 465.779 Thread 0x0000012dfd3a94e0 nmethod 23904 0x0000012de21c6d10 code [0x0000012de21c73c0, 0x0000012de21cae50]
Event: 465.782 Thread 0x0000012dfd3aa950 23906   !   4       org.gradle.internal.lazy.LockingLazy::get (62 bytes)
Event: 465.783 Thread 0x0000012dfd3aa950 nmethod 23906 0x0000012de84fc290 code [0x0000012de84fc420, 0x0000012de84fc870]
Event: 465.783 Thread 0x0000012dfd3aa950 23907       4       org.gradle.api.internal.artifacts.DefaultModuleIdentifier::equals (74 bytes)
Event: 465.783 Thread 0x0000012dfd3ab020 23908       3       org.gradle.api.internal.artifacts.ivyservice.resolveengine.graph.builder.NodeState::collectAncestorsStrictVersionsSingleEdge (57 bytes)
Event: 465.784 Thread 0x0000012df4c877a0 23909       3       org.gradle.internal.resolve.result.DefaultBuildableModuleComponentMetaDataResolveResult::missing (23 bytes)
Event: 465.784 Thread 0x0000012dfd3ab020 nmethod 23908 0x0000012de21cc190 code [0x0000012de21cc3a0, 0x0000012de21cca38]
Event: 465.784 Thread 0x0000012df4c877a0 nmethod 23909 0x0000012de21ccc90 code [0x0000012de21cce40, 0x0000012de21cd0d8]
Event: 465.785 Thread 0x0000012dfd3aa950 nmethod 23907 0x0000012de84fc990 code [0x0000012de84fcb20, 0x0000012de84fce70]

GC Heap History (20 events):
Event: 9.114 GC heap before
{Heap before GC invocations=32 (full 0):
 garbage-first heap   total 198656K, used 188720K [0x0000000080000000, 0x0000000100000000)
  region size 1024K, 69 young (70656K), 6 survivors (6144K)
 Metaspace       used 113381K, committed 115520K, reserved 1179648K
  class space    used 15538K, committed 16640K, reserved 1048576K
}
Event: 9.123 GC heap after
{Heap after GC invocations=33 (full 0):
 garbage-first heap   total 217088K, used 134068K [0x0000000080000000, 0x0000000100000000)
  region size 1024K, 9 young (9216K), 9 survivors (9216K)
 Metaspace       used 113381K, committed 115520K, reserved 1179648K
  class space    used 15538K, committed 16640K, reserved 1048576K
}
Event: 9.353 GC heap before
{Heap before GC invocations=33 (full 0):
 garbage-first heap   total 217088K, used 199604K [0x0000000080000000, 0x0000000100000000)
  region size 1024K, 59 young (60416K), 9 survivors (9216K)
 Metaspace       used 114713K, committed 116864K, reserved 1179648K
  class space    used 15671K, committed 16768K, reserved 1048576K
}
Event: 9.358 GC heap after
{Heap after GC invocations=34 (full 0):
 garbage-first heap   total 217088K, used 133761K [0x0000000080000000, 0x0000000100000000)
  region size 1024K, 4 young (4096K), 4 survivors (4096K)
 Metaspace       used 114713K, committed 116864K, reserved 1179648K
  class space    used 15671K, committed 16768K, reserved 1048576K
}
Event: 9.582 GC heap before
{Heap before GC invocations=34 (full 0):
 garbage-first heap   total 217088K, used 188033K [0x0000000080000000, 0x0000000100000000)
  region size 1024K, 58 young (59392K), 4 survivors (4096K)
 Metaspace       used 116951K, committed 119104K, reserved 1179648K
  class space    used 15887K, committed 16960K, reserved 1048576K
}
Event: 9.585 GC heap after
{Heap after GC invocations=35 (full 0):
 garbage-first heap   total 217088K, used 139730K [0x0000000080000000, 0x0000000100000000)
  region size 1024K, 8 young (8192K), 8 survivors (8192K)
 Metaspace       used 116951K, committed 119104K, reserved 1179648K
  class space    used 15887K, committed 16960K, reserved 1048576K
}
Event: 9.716 GC heap before
{Heap before GC invocations=36 (full 0):
 garbage-first heap   total 260096K, used 189906K [0x0000000080000000, 0x0000000100000000)
  region size 1024K, 58 young (59392K), 8 survivors (8192K)
 Metaspace       used 117073K, committed 119296K, reserved 1179648K
  class space    used 15904K, committed 17024K, reserved 1048576K
}
Event: 9.722 GC heap after
{Heap after GC invocations=37 (full 0):
 garbage-first heap   total 260096K, used 144348K [0x0000000080000000, 0x0000000100000000)
  region size 1024K, 7 young (7168K), 7 survivors (7168K)
 Metaspace       used 117073K, committed 119296K, reserved 1179648K
  class space    used 15904K, committed 17024K, reserved 1048576K
}
Event: 9.989 GC heap before
{Heap before GC invocations=37 (full 0):
 garbage-first heap   total 260096K, used 229340K [0x0000000080000000, 0x0000000100000000)
  region size 1024K, 91 young (93184K), 7 survivors (7168K)
 Metaspace       used 119434K, committed 121600K, reserved 1179648K
  class space    used 16121K, committed 17216K, reserved 1048576K
}
Event: 9.995 GC heap after
{Heap after GC invocations=38 (full 0):
 garbage-first heap   total 260096K, used 141922K [0x0000000080000000, 0x0000000100000000)
  region size 1024K, 6 young (6144K), 6 survivors (6144K)
 Metaspace       used 119434K, committed 121600K, reserved 1179648K
  class space    used 16121K, committed 17216K, reserved 1048576K
}
Event: 11.522 GC heap before
{Heap before GC invocations=38 (full 0):
 garbage-first heap   total 260096K, used 229986K [0x0000000080000000, 0x0000000100000000)
  region size 1024K, 93 young (95232K), 6 survivors (6144K)
 Metaspace       used 121756K, committed 123968K, reserved 1179648K
  class space    used 16381K, committed 17472K, reserved 1048576K
}
Event: 11.527 GC heap after
{Heap after GC invocations=39 (full 0):
 garbage-first heap   total 318464K, used 147314K [0x0000000080000000, 0x0000000100000000)
  region size 1024K, 11 young (11264K), 11 survivors (11264K)
 Metaspace       used 121756K, committed 123968K, reserved 1179648K
  class space    used 16381K, committed 17472K, reserved 1048576K
}
Event: 12.657 GC heap before
{Heap before GC invocations=40 (full 0):
 garbage-first heap   total 318464K, used 279410K [0x0000000080000000, 0x0000000100000000)
  region size 1024K, 142 young (145408K), 11 survivors (11264K)
 Metaspace       used 132646K, committed 134912K, reserved 1179648K
  class space    used 17749K, committed 18880K, reserved 1048576K
}
Event: 12.665 GC heap after
{Heap after GC invocations=41 (full 0):
 garbage-first heap   total 318464K, used 149795K [0x0000000080000000, 0x0000000100000000)
  region size 1024K, 16 young (16384K), 16 survivors (16384K)
 Metaspace       used 132646K, committed 134912K, reserved 1179648K
  class space    used 17749K, committed 18880K, reserved 1048576K
}
Event: 13.383 GC heap before
{Heap before GC invocations=41 (full 0):
 garbage-first heap   total 318464K, used 275747K [0x0000000080000000, 0x0000000100000000)
  region size 1024K, 138 young (141312K), 16 survivors (16384K)
 Metaspace       used 146346K, committed 148672K, reserved 1179648K
  class space    used 20137K, committed 21312K, reserved 1048576K
}
Event: 13.394 GC heap after
{Heap after GC invocations=42 (full 0):
 garbage-first heap   total 318464K, used 151911K [0x0000000080000000, 0x0000000100000000)
  region size 1024K, 18 young (18432K), 18 survivors (18432K)
 Metaspace       used 146346K, committed 148672K, reserved 1179648K
  class space    used 20137K, committed 21312K, reserved 1048576K
}
Event: 13.723 GC heap before
{Heap before GC invocations=42 (full 0):
 garbage-first heap   total 318464K, used 243047K [0x0000000080000000, 0x0000000100000000)
  region size 1024K, 109 young (111616K), 18 survivors (18432K)
 Metaspace       used 153853K, committed 156224K, reserved 1245184K
  class space    used 21353K, committed 22528K, reserved 1048576K
}
Event: 13.731 GC heap after
{Heap after GC invocations=43 (full 0):
 garbage-first heap   total 318464K, used 154541K [0x0000000080000000, 0x0000000100000000)
  region size 1024K, 6 young (6144K), 6 survivors (6144K)
 Metaspace       used 153853K, committed 156224K, reserved 1245184K
  class space    used 21353K, committed 22528K, reserved 1048576K
}
Event: 465.569 GC heap before
{Heap before GC invocations=44 (full 0):
 garbage-first heap   total 318464K, used 297901K [0x0000000080000000, 0x0000000100000000)
  region size 1024K, 133 young (136192K), 6 survivors (6144K)
 Metaspace       used 158250K, committed 160704K, reserved 1245184K
  class space    used 22042K, committed 23232K, reserved 1048576K
}
Event: 465.576 GC heap after
{Heap after GC invocations=45 (full 0):
 garbage-first heap   total 318464K, used 154216K [0x0000000080000000, 0x0000000100000000)
  region size 1024K, 7 young (7168K), 7 survivors (7168K)
 Metaspace       used 158250K, committed 160704K, reserved 1245184K
  class space    used 22042K, committed 23232K, reserved 1048576K
}

Dll operation events (3 events):
Event: 0.004 Loaded shared library C:\Program Files\Android\Android Studio3\jbr\bin\java.dll
Event: 0.008 Loaded shared library C:\Program Files\Android\Android Studio3\jbr\bin\zip.dll
Event: 0.261 Loaded shared library C:\Program Files\Android\Android Studio3\jbr\bin\verify.dll

Deoptimization events (20 events):
Event: 465.626 Thread 0x0000012dfa82de20 Uncommon trap: trap_request=0xffffffde fr.pc=0x0000012de81fd204 relative=0x0000000000000144
Event: 465.626 Thread 0x0000012dfa82de20 Uncommon trap: reason=class_check action=maybe_recompile pc=0x0000012de81fd204 method=com.google.common.base.CharMatcher$Or.matches(C)Z @ 5 c2
Event: 465.626 Thread 0x0000012dfa82de20 DEOPT PACKING pc=0x0000012de81fd204 sp=0x0000001ed8ef9380
Event: 465.626 Thread 0x0000012dfa82de20 DEOPT UNPACKING pc=0x0000012de6f046a2 sp=0x0000001ed8ef9328 mode 2
Event: 465.626 Thread 0x0000012dfa82de20 Uncommon trap: trap_request=0xffffffde fr.pc=0x0000012de81fd204 relative=0x0000000000000144
Event: 465.626 Thread 0x0000012dfa82de20 Uncommon trap: reason=class_check action=maybe_recompile pc=0x0000012de81fd204 method=com.google.common.base.CharMatcher$Or.matches(C)Z @ 5 c2
Event: 465.626 Thread 0x0000012dfa82de20 DEOPT PACKING pc=0x0000012de81fd204 sp=0x0000001ed8ef9310
Event: 465.626 Thread 0x0000012dfa82de20 DEOPT UNPACKING pc=0x0000012de6f046a2 sp=0x0000001ed8ef92b8 mode 2
Event: 465.626 Thread 0x0000012dfa82de20 Uncommon trap: trap_request=0xffffffde fr.pc=0x0000012de81fd204 relative=0x0000000000000144
Event: 465.626 Thread 0x0000012dfa82de20 Uncommon trap: reason=class_check action=maybe_recompile pc=0x0000012de81fd204 method=com.google.common.base.CharMatcher$Or.matches(C)Z @ 5 c2
Event: 465.626 Thread 0x0000012dfa82de20 DEOPT PACKING pc=0x0000012de81fd204 sp=0x0000001ed8ef93f0
Event: 465.626 Thread 0x0000012dfa82de20 DEOPT UNPACKING pc=0x0000012de6f046a2 sp=0x0000001ed8ef9398 mode 2
Event: 465.645 Thread 0x0000012dfa82de20 Uncommon trap: trap_request=0xffffffde fr.pc=0x0000012de7c6887c relative=0x0000000000000b7c
Event: 465.645 Thread 0x0000012dfa82de20 Uncommon trap: reason=class_check action=maybe_recompile pc=0x0000012de7c6887c method=org.gradle.api.internal.artifacts.dependencies.DefaultImmutableVersionConstraint.of(Lorg/gradle/api/artifacts/VersionConstraint;)Lorg/gradle/api/internal/artifacts/Immut
Event: 465.645 Thread 0x0000012dfa82de20 DEOPT PACKING pc=0x0000012de7c6887c sp=0x0000001ed8ef7b50
Event: 465.645 Thread 0x0000012dfa82de20 DEOPT UNPACKING pc=0x0000012de6f046a2 sp=0x0000001ed8ef7ac8 mode 2
Event: 465.653 Thread 0x0000012dfa82de20 Uncommon trap: trap_request=0xffffff45 fr.pc=0x0000012de84ac52c relative=0x000000000000008c
Event: 465.653 Thread 0x0000012dfa82de20 Uncommon trap: reason=unstable_if action=reinterpret pc=0x0000012de84ac52c method=java.util.Collections.eq(Ljava/lang/Object;Ljava/lang/Object;)Z @ 1 c2
Event: 465.653 Thread 0x0000012dfa82de20 DEOPT PACKING pc=0x0000012de84ac52c sp=0x0000001ed8ef7430
Event: 465.653 Thread 0x0000012dfa82de20 DEOPT UNPACKING pc=0x0000012de6f046a2 sp=0x0000001ed8ef7368 mode 2

Classes loaded (20 events):
Event: 14.324 Loading class javax/management/MalformedObjectNameException
Event: 14.324 Loading class javax/management/MalformedObjectNameException done
Event: 14.324 Loading class javax/management/InstanceAlreadyExistsException
Event: 14.324 Loading class javax/management/InstanceAlreadyExistsException done
Event: 14.324 Loading class javax/management/MBeanRegistrationException
Event: 14.324 Loading class javax/management/MBeanException
Event: 14.324 Loading class javax/management/MBeanException done
Event: 14.324 Loading class javax/management/MBeanRegistrationException done
Event: 14.324 Loading class javax/management/NotCompliantMBeanException
Event: 14.324 Loading class javax/management/NotCompliantMBeanException done
Event: 14.324 Loading class javax/management/AttributeNotFoundException
Event: 14.324 Loading class javax/management/AttributeNotFoundException done
Event: 14.324 Loading class javax/management/ReflectionException
Event: 14.324 Loading class javax/management/ReflectionException done
Event: 14.324 Loading class javax/management/InstanceNotFoundException
Event: 14.324 Loading class javax/management/InstanceNotFoundException done
Event: 14.420 Loading class java/util/concurrent/CompletableFuture$AsyncRun
Event: 14.420 Loading class java/util/concurrent/CompletableFuture$AsyncRun done
Event: 465.536 Loading class jdk/internal/math/FormattedFPDecimal
Event: 465.536 Loading class jdk/internal/math/FormattedFPDecimal done

Classes unloaded (0 events):
No events

Classes redefined (0 events):
No events

Internal exceptions (20 events):
Event: 14.449 Thread 0x0000012dfa82eb40 Exception <a 'sun/nio/fs/WindowsException'{0x000000008beede18}> (0x000000008beede18) 
thrown [s\src\hotspot\share\prims\jni.cpp, line 535]
Event: 14.449 Thread 0x0000012dfa82eb40 Exception <a 'sun/nio/fs/WindowsException'{0x000000008beee948}> (0x000000008beee948) 
thrown [s\src\hotspot\share\prims\jni.cpp, line 535]
Event: 14.449 Thread 0x0000012dfa82eb40 Exception <a 'sun/nio/fs/WindowsException'{0x000000008bef6b08}> (0x000000008bef6b08) 
thrown [s\src\hotspot\share\prims\jni.cpp, line 535]
Event: 14.449 Thread 0x0000012dfa82eb40 Exception <a 'sun/nio/fs/WindowsException'{0x000000008bef7618}> (0x000000008bef7618) 
thrown [s\src\hotspot\share\prims\jni.cpp, line 535]
Event: 14.449 Thread 0x0000012dfa82eb40 Exception <a 'sun/nio/fs/WindowsException'{0x000000008bef8438}> (0x000000008bef8438) 
thrown [s\src\hotspot\share\prims\jni.cpp, line 535]
Event: 14.450 Thread 0x0000012dfa82eb40 Exception <a 'sun/nio/fs/WindowsException'{0x000000008bd024a8}> (0x000000008bd024a8) 
thrown [s\src\hotspot\share\prims\jni.cpp, line 535]
Event: 14.450 Thread 0x0000012dfa82eb40 Exception <a 'sun/nio/fs/WindowsException'{0x000000008bd02fb0}> (0x000000008bd02fb0) 
thrown [s\src\hotspot\share\prims\jni.cpp, line 535]
Event: 14.450 Thread 0x0000012dfa82eb40 Exception <a 'sun/nio/fs/WindowsException'{0x000000008bd03b00}> (0x000000008bd03b00) 
thrown [s\src\hotspot\share\prims\jni.cpp, line 535]
Event: 14.450 Thread 0x0000012dfa82eb40 Exception <a 'sun/nio/fs/WindowsException'{0x000000008bd07a48}> (0x000000008bd07a48) 
thrown [s\src\hotspot\share\prims\jni.cpp, line 535]
Event: 14.450 Thread 0x0000012dfa82eb40 Exception <a 'sun/nio/fs/WindowsException'{0x000000008bd08558}> (0x000000008bd08558) 
thrown [s\src\hotspot\share\prims\jni.cpp, line 535]
Event: 14.450 Thread 0x0000012dfa82eb40 Exception <a 'sun/nio/fs/WindowsException'{0x000000008bd090c8}> (0x000000008bd090c8) 
thrown [s\src\hotspot\share\prims\jni.cpp, line 535]
Event: 14.451 Thread 0x0000012dfa82eb40 Exception <a 'sun/nio/fs/WindowsException'{0x000000008bd0e170}> (0x000000008bd0e170) 
thrown [s\src\hotspot\share\prims\jni.cpp, line 535]
Event: 14.451 Thread 0x0000012dfa82eb40 Exception <a 'sun/nio/fs/WindowsException'{0x000000008bd0f460}> (0x000000008bd0f460) 
thrown [s\src\hotspot\share\prims\jni.cpp, line 535]
Event: 465.562 Thread 0x0000012dfa82de20 Exception <a 'sun/nio/fs/WindowsException'{0x000000008b09f5c0}> (0x000000008b09f5c0) 
thrown [s\src\hotspot\share\prims\jni.cpp, line 535]
Event: 465.562 Thread 0x0000012dfa82de20 Exception <a 'sun/nio/fs/WindowsException'{0x000000008b0a0a88}> (0x000000008b0a0a88) 
thrown [s\src\hotspot\share\prims\jni.cpp, line 535]
Event: 465.562 Thread 0x0000012dfa82de20 Exception <a 'sun/nio/fs/WindowsException'{0x000000008b0a1f48}> (0x000000008b0a1f48) 
thrown [s\src\hotspot\share\prims\jni.cpp, line 535]
Event: 465.563 Thread 0x0000012dfa82de20 Exception <a 'sun/nio/fs/WindowsException'{0x000000008b0a33f8}> (0x000000008b0a33f8) 
thrown [s\src\hotspot\share\prims\jni.cpp, line 535]
Event: 465.599 Thread 0x0000012dfa82de20 Exception <a 'sun/nio/fs/WindowsException'{0x000000009254c1a8}> (0x000000009254c1a8) 
thrown [s\src\hotspot\share\prims\jni.cpp, line 535]
Event: 465.600 Thread 0x0000012dfa82de20 Exception <a 'sun/nio/fs/WindowsException'{0x000000009254d950}> (0x000000009254d950) 
thrown [s\src\hotspot\share\prims\jni.cpp, line 535]
Event: 465.600 Thread 0x0000012dfa82de20 Exception <a 'sun/nio/fs/WindowsException'{0x00000000925512b0}> (0x00000000925512b0) 
thrown [s\src\hotspot\share\prims\jni.cpp, line 535]

ZGC Phase Switch (0 events):
No events

VM Operations (20 events):
Event: 151.193 Executing VM operation: Cleanup
Event: 151.193 Executing VM operation: Cleanup done
Event: 161.300 Executing VM operation: Cleanup
Event: 161.300 Executing VM operation: Cleanup done
Event: 171.387 Executing VM operation: Cleanup
Event: 171.387 Executing VM operation: Cleanup done
Event: 230.961 Executing VM operation: Cleanup
Event: 230.961 Executing VM operation: Cleanup done
Event: 378.476 Executing VM operation: Cleanup
Event: 378.476 Executing VM operation: Cleanup done
Event: 380.490 Executing VM operation: Cleanup
Event: 380.490 Executing VM operation: Cleanup done
Event: 381.492 Executing VM operation: Cleanup
Event: 381.492 Executing VM operation: Cleanup done
Event: 450.142 Executing VM operation: Cleanup
Event: 450.142 Executing VM operation: Cleanup done
Event: 465.569 Executing VM operation: G1CollectForAllocation (G1 Evacuation Pause)
Event: 465.576 Executing VM operation: G1CollectForAllocation (G1 Evacuation Pause) done
Event: 465.684 Executing VM operation: ICBufferFull
Event: 465.684 Executing VM operation: ICBufferFull done

Events (20 events):
Event: 435.052 Thread 0x0000012df52f9d10 Thread added: 0x0000012df52f9d10
Event: 440.078 Thread 0x0000012df52f9d10 Thread exited: 0x0000012df52f9d10
Event: 465.522 Thread 0x0000012dfa82c3e0 Thread added: 0x0000012dfa82c3e0
Event: 465.523 Thread 0x0000012dfa831fc0 Thread added: 0x0000012dfa831fc0
Event: 465.532 Thread 0x0000012dfa831930 Thread added: 0x0000012dfa831930
Event: 465.534 Thread 0x0000012dfa82de20 Thread added: 0x0000012dfa82de20
Event: 465.536 Thread 0x0000012dfa833a00 Thread added: 0x0000012dfa833a00
Event: 465.537 Thread 0x0000012dfa82ca70 Thread added: 0x0000012dfa82ca70
Event: 465.537 Thread 0x0000012dfa82eb40 Thread added: 0x0000012dfa82eb40
Event: 465.538 Thread 0x0000012df52f9d10 Thread added: 0x0000012df52f9d10
Event: 465.542 Thread 0x0000012dfa83a300 Thread added: 0x0000012dfa83a300
Event: 465.544 Thread 0x0000012dfa835440 Thread added: 0x0000012dfa835440
Event: 465.554 Thread 0x0000012dfa837ba0 Thread added: 0x0000012dfa837ba0
Event: 465.557 Thread 0x0000012dfa836e80 Thread added: 0x0000012dfa836e80
Event: 465.559 Thread 0x0000012dfa836160 Thread added: 0x0000012dfa836160
Event: 465.605 Thread 0x0000012dfd3aa280 Thread added: 0x0000012dfd3aa280
Event: 465.605 Thread 0x0000012dfd3a8070 Thread added: 0x0000012dfd3a8070
Event: 465.611 Thread 0x0000012dfd3aa950 Thread added: 0x0000012dfd3aa950
Event: 465.611 Thread 0x0000012dfd3a94e0 Thread added: 0x0000012dfd3a94e0
Event: 465.611 Thread 0x0000012dfd3ab020 Thread added: 0x0000012dfd3ab020


Dynamic libraries:
0x00007ff6e2c80000 - 0x00007ff6e2c8a000 	C:\Program Files\Android\Android Studio3\jbr\bin\java.exe
0x00007fff25af0000 - 0x00007fff25d07000 	C:\WINDOWS\SYSTEM32\ntdll.dll
0x00007fff24860000 - 0x00007fff24924000 	C:\WINDOWS\System32\KERNEL32.DLL
0x00007fff23230000 - 0x00007fff235e9000 	C:\WINDOWS\System32\KERNELBASE.dll
0x00007fff236f0000 - 0x00007fff23801000 	C:\WINDOWS\System32\ucrtbase.dll
0x00007fff1ca00000 - 0x00007fff1ca1b000 	C:\Program Files\Android\Android Studio3\jbr\bin\VCRUNTIME140.dll
0x00007fff135e0000 - 0x00007fff135f8000 	C:\Program Files\Android\Android Studio3\jbr\bin\jli.dll
0x00007fff24b30000 - 0x00007fff24cde000 	C:\WINDOWS\System32\USER32.dll
0x00007fff236c0000 - 0x00007fff236e6000 	C:\WINDOWS\System32\win32u.dll
0x00007fff11700000 - 0x00007fff11992000 	C:\WINDOWS\WinSxS\amd64_microsoft.windows.common-controls_6595b64144ccf1df_6.0.22621.4391_none_2715d37f73803e96\COMCTL32.dll
0x00007fff25570000 - 0x00007fff25599000 	C:\WINDOWS\System32\GDI32.dll
0x00007fff23090000 - 0x00007fff231ab000 	C:\WINDOWS\System32\gdi32full.dll
0x00007fff23fd0000 - 0x00007fff24077000 	C:\WINDOWS\System32\msvcrt.dll
0x00007fff23620000 - 0x00007fff236ba000 	C:\WINDOWS\System32\msvcp_win.dll
0x00007fff24080000 - 0x00007fff240b1000 	C:\WINDOWS\System32\IMM32.DLL
0x00007fff1cac0000 - 0x00007fff1cacc000 	C:\Program Files\Android\Android Studio3\jbr\bin\vcruntime140_1.dll
0x00007ffecfb70000 - 0x00007ffecfbfd000 	C:\Program Files\Android\Android Studio3\jbr\bin\msvcp140.dll
0x00007ffeba8c0000 - 0x00007ffebb53d000 	C:\Program Files\Android\Android Studio3\jbr\bin\server\jvm.dll
0x00007fff24120000 - 0x00007fff241d2000 	C:\WINDOWS\System32\ADVAPI32.dll
0x00007fff25950000 - 0x00007fff259f7000 	C:\WINDOWS\System32\sechost.dll
0x00007fff235f0000 - 0x00007fff23618000 	C:\WINDOWS\System32\bcrypt.dll
0x00007fff23a30000 - 0x00007fff23b44000 	C:\WINDOWS\System32\RPCRT4.dll
0x00007fff24270000 - 0x00007fff242e1000 	C:\WINDOWS\System32\WS2_32.dll
0x00007fff21c40000 - 0x00007fff21c8d000 	C:\WINDOWS\SYSTEM32\POWRPROF.dll
0x00007fff1c210000 - 0x00007fff1c244000 	C:\WINDOWS\SYSTEM32\WINMM.dll
0x00007fff1b650000 - 0x00007fff1b65a000 	C:\WINDOWS\SYSTEM32\VERSION.dll
0x00007fff21c20000 - 0x00007fff21c33000 	C:\WINDOWS\SYSTEM32\UMPDC.dll
0x00007fff21ef0000 - 0x00007fff21f08000 	C:\WINDOWS\SYSTEM32\kernel.appcore.dll
0x00007fff1cab0000 - 0x00007fff1caba000 	C:\Program Files\Android\Android Studio3\jbr\bin\jimage.dll
0x00007fff20600000 - 0x00007fff20832000 	C:\WINDOWS\SYSTEM32\DBGHELP.DLL
0x00007fff24470000 - 0x00007fff247ff000 	C:\WINDOWS\System32\combase.dll
0x00007fff25750000 - 0x00007fff25827000 	C:\WINDOWS\System32\OLEAUT32.dll
0x00007fff085f0000 - 0x00007fff08622000 	C:\WINDOWS\SYSTEM32\dbgcore.DLL
0x00007fff231b0000 - 0x00007fff2322b000 	C:\WINDOWS\System32\bcryptPrimitives.dll
0x00007fff15410000 - 0x00007fff1541e000 	C:\Program Files\Android\Android Studio3\jbr\bin\instrument.dll
0x00007fff1d9a0000 - 0x00007fff1d9bf000 	C:\Program Files\Android\Android Studio3\jbr\bin\java.dll
0x00007fff156c0000 - 0x00007fff156d8000 	C:\Program Files\Android\Android Studio3\jbr\bin\zip.dll
0x00007fff24cf0000 - 0x00007fff25566000 	C:\WINDOWS\System32\SHELL32.dll
0x00007fff20cf0000 - 0x00007fff215f3000 	C:\WINDOWS\SYSTEM32\windows.storage.dll
0x00007fff20bb0000 - 0x00007fff20cef000 	C:\WINDOWS\SYSTEM32\wintypes.dll
0x00007fff24a30000 - 0x00007fff24b29000 	C:\WINDOWS\System32\SHCORE.dll
0x00007fff240c0000 - 0x00007fff2411e000 	C:\WINDOWS\System32\shlwapi.dll
0x00007fff22d20000 - 0x00007fff22d4b000 	C:\WINDOWS\SYSTEM32\profapi.dll
0x00007fff1f3e0000 - 0x00007fff1f3f0000 	C:\Program Files\Android\Android Studio3\jbr\bin\net.dll
0x00007fff1c580000 - 0x00007fff1c6b6000 	C:\WINDOWS\SYSTEM32\WINHTTP.dll
0x00007fff22360000 - 0x00007fff223c9000 	C:\WINDOWS\system32\mswsock.dll
0x00007fff1f3c0000 - 0x00007fff1f3d6000 	C:\Program Files\Android\Android Studio3\jbr\bin\nio.dll
0x00007fff15d40000 - 0x00007fff15d50000 	C:\Program Files\Android\Android Studio3\jbr\bin\verify.dll
0x00007ffefae20000 - 0x00007ffefae47000 	C:\Users\User\.gradle\native\c067742578af261105cb4f569cf0c3c89f3d7b1fecec35dd04571415982c5e48\windows-amd64\native-platform.dll
0x00007ffebeab0000 - 0x00007ffebebf4000 	C:\Users\User\.gradle\native\100fb08df4bc3b14c8652ba06237920a3bd2aa13389f12d3474272988ae205f9\windows-amd64\native-platform-file-events.dll
0x00007fff1c9f0000 - 0x00007fff1c9f9000 	C:\Program Files\Android\Android Studio3\jbr\bin\management.dll
0x00007fff19470000 - 0x00007fff1947b000 	C:\Program Files\Android\Android Studio3\jbr\bin\management_ext.dll
0x00007fff24850000 - 0x00007fff24858000 	C:\WINDOWS\System32\PSAPI.DLL
0x00007fff22600000 - 0x00007fff2261b000 	C:\WINDOWS\SYSTEM32\CRYPTSP.dll
0x00007fff21e50000 - 0x00007fff21e85000 	C:\WINDOWS\system32\rsaenh.dll
0x00007fff22470000 - 0x00007fff22498000 	C:\WINDOWS\SYSTEM32\USERENV.dll
0x00007fff225f0000 - 0x00007fff225fc000 	C:\WINDOWS\SYSTEM32\CRYPTBASE.dll
0x00007fff21910000 - 0x00007fff2193d000 	C:\WINDOWS\SYSTEM32\IPHLPAPI.DLL
0x00007fff24300000 - 0x00007fff24309000 	C:\WINDOWS\System32\NSI.dll
0x00007fff1d990000 - 0x00007fff1d999000 	C:\Program Files\Android\Android Studio3\jbr\bin\extnet.dll
0x00007ffeef3e0000 - 0x00007ffeef3e8000 	C:\WINDOWS\system32\wshunix.dll
0x00007ffefa780000 - 0x00007ffefa797000 	C:\WINDOWS\system32\napinsp.dll
0x00007ffef7b90000 - 0x00007ffef7bab000 	C:\WINDOWS\system32\pnrpnsp.dll
0x00007fff21990000 - 0x00007fff21a92000 	C:\WINDOWS\SYSTEM32\DNSAPI.dll
0x00007ffef7b70000 - 0x00007ffef7b81000 	C:\WINDOWS\System32\winrnr.dll
0x00007ffef7b50000 - 0x00007ffef7b65000 	C:\WINDOWS\system32\wshbth.dll
0x00007ffef7b20000 - 0x00007ffef7b47000 	C:\WINDOWS\system32\nlansp_c.dll
0x00007fff1ab00000 - 0x00007fff1ab0a000 	C:\Windows\System32\rasadhlp.dll
0x00007fff1b6d0000 - 0x00007fff1b753000 	C:\WINDOWS\System32\fwpuclnt.dll
0x00007fff22000000 - 0x00007fff22034000 	C:\WINDOWS\SYSTEM32\ntmarta.dll

dbghelp: loaded successfully - version: 4.0.5 - missing functions: none
symbol engine: initialized successfully - sym options: 0x614 - pdb path: .;C:\Program Files\Android\Android Studio3\jbr\bin;C:\WINDOWS\SYSTEM32;C:\WINDOWS\WinSxS\amd64_microsoft.windows.common-controls_6595b64144ccf1df_6.0.22621.4391_none_2715d37f73803e96;C:\Program Files\Android\Android Studio3\jbr\bin\server;C:\Users\User\.gradle\native\c067742578af261105cb4f569cf0c3c89f3d7b1fecec35dd04571415982c5e48\windows-amd64;C:\Users\User\.gradle\native\100fb08df4bc3b14c8652ba06237920a3bd2aa13389f12d3474272988ae205f9\windows-amd64

VM Arguments:
jvm_args: --add-opens=java.base/java.util=ALL-UNNAMED --add-opens=java.base/java.lang=ALL-UNNAMED --add-opens=java.base/java.lang.invoke=ALL-UNNAMED --add-opens=java.prefs/java.util.prefs=ALL-UNNAMED --add-exports=jdk.compiler/com.sun.tools.javac.api=ALL-UNNAMED --add-exports=jdk.compiler/com.sun.tools.javac.util=ALL-UNNAMED --add-opens=java.base/java.nio.charset=ALL-UNNAMED --add-opens=java.base/java.net=ALL-UNNAMED --add-opens=java.base/java.util.concurrent.atomic=ALL-UNNAMED -Xmx2048m -Dfile.encoding=UTF-8 -Duser.country=MY -Duser.language=en -Duser.variant -javaagent:C:\Users\User\.gradle\wrapper\dists\gradle-8.9-all\6m0mbzute7p0zdleavqlib88a\gradle-8.9\lib\agents\gradle-instrumentation-agent-8.9.jar 
java_command: org.gradle.launcher.daemon.bootstrap.GradleDaemon 8.9
java_class_path (initial): C:\Users\User\.gradle\wrapper\dists\gradle-8.9-all\6m0mbzute7p0zdleavqlib88a\gradle-8.9\lib\gradle-daemon-main-8.9.jar
Launcher Type: SUN_STANDARD

[Global flags]
     intx CICompilerCount                          = 12                                        {product} {ergonomic}
     uint ConcGCThreads                            = 3                                         {product} {ergonomic}
     uint G1ConcRefinementThreads                  = 13                                        {product} {ergonomic}
   size_t G1HeapRegionSize                         = 1048576                                   {product} {ergonomic}
    uintx GCDrainStackTargetSize                   = 64                                        {product} {ergonomic}
   size_t InitialHeapSize                          = 264241152                                 {product} {ergonomic}
   size_t MarkStackSize                            = 4194304                                   {product} {ergonomic}
   size_t MaxHeapSize                              = 2147483648                                {product} {command line}
   size_t MaxNewSize                               = 1287651328                                {product} {ergonomic}
   size_t MinHeapDeltaBytes                        = 1048576                                   {product} {ergonomic}
   size_t MinHeapSize                              = 8388608                                   {product} {ergonomic}
    uintx NonNMethodCodeHeapSize                   = 7602480                                {pd product} {ergonomic}
    uintx NonProfiledCodeHeapSize                  = 122027880                              {pd product} {ergonomic}
    uintx ProfiledCodeHeapSize                     = 122027880                              {pd product} {ergonomic}
    uintx ReservedCodeCacheSize                    = 251658240                              {pd product} {ergonomic}
     bool SegmentedCodeCache                       = true                                      {product} {ergonomic}
   size_t SoftMaxHeapSize                          = 2147483648                             {manageable} {ergonomic}
     bool UseCompressedOops                        = true                           {product lp64_product} {ergonomic}
     bool UseG1GC                                  = true                                      {product} {ergonomic}
     bool UseLargePagesIndividualAllocation        = false                                  {pd product} {ergonomic}

Logging:
Log output configuration:
 #0: stdout all=warning uptime,level,tags foldmultilines=false
 #1: stderr all=off uptime,level,tags foldmultilines=false

Environment Variables:
PATH=C:\Program Files\Common Files\Oracle\Java\javapath;C:\Windows\system32;C:\Windows;C:\Windows\System32\Wbem;C:\Windows\System32\WindowsPowerShell\v1.0\;C:\Windows\System32\OpenSSH\;C:\Program Files (x86)\NVIDIA Corporation\PhysX\Common;C:\Program Files\NVIDIA Corporation\NVIDIA NvDLISR;C:\WINDOWS\system32;C:\WINDOWS;C:\WINDOWS\System32\Wbem;C:\WINDOWS\System32\WindowsPowerShell\v1.0\;C:\WINDOWS\System32\OpenSSH\;C:\Program Files\Git\cmd;C:\Program Files\nodejs\;C:\flutter\src\flutter\bin;C:\Users\User\AppData\Local\Programs\Python\Python312\Scripts\;C:\Users\User\AppData\Local\Programs\Python\Python312\;C:\Users\User\AppData\Local\Microsoft\WindowsApps;C:\Users\User\AppData\Local\Programs\Microsoft VS Code\bin;C:\Users\User\AppData\Roaming\npm
USERNAME=User
OS=Windows_NT
PROCESSOR_IDENTIFIER=Intel64 Family 6 Model 154 Stepping 3, GenuineIntel
TMP=C:\Users\User\AppData\Local\Temp
TEMP=C:\Users\User\AppData\Local\Temp




Periodic native trim disabled

JNI global refs:
JNI global refs: 38, weak refs: 0

JNI global refs memory usage: 835, weak refs: 833

Process memory usage:
Resident Set Size: 736788K (4% of 16474168K total physical memory with 2141240K free physical memory)

OOME stack traces (most recent first):
Classloader memory used:
Loader org.gradle.internal.classloader.VisitableURLClassLoader$InstrumentingVisitableURLClassLoader: 60280K
Loader org.gradle.internal.classloader.VisitableURLClassLoader                         : 43290K
Loader bootstrap                                                                       : 31991K
Loader org.gradle.initialization.MixInLegacyTypesClassLoader                           : 12327K
Loader jdk.internal.loader.ClassLoaders$AppClassLoader                                 : 8769K
Loader jdk.internal.loader.ClassLoaders$PlatformClassLoader                            : 733K
Loader jdk.internal.reflect.DelegatingClassLoader                                      : 566K
Loader jdk.internal.jrtfs.JrtFileSystemProvider$JrtFsLoader                            : 299K
Loader org.gradle.internal.classloader.VisitableURLClassLoader                         : 184K
Loader sun.reflect.misc.MethodUtil                                                     : 2960B


[error occurred during error reporting (Classloader stats), id 0xe0000001, Out of Memory Error (s\src\hotspot\share\memory\arena.cpp:168)]
---------------  S Y S T E M  ---------------

OS:
 Windows 11 , 64 bit Build 22621 (10.0.22621.4391)
OS uptime: 0 days 17:22 hours
Hyper-V role detected

CPU: total 16 (initial active 16) (8 cores per cpu, 2 threads per core) family 6 model 154 stepping 3 microcode 0x420, cx8, cmov, fxsr, ht, mmx, 3dnowpref, sse, sse2, sse3, ssse3, sse4.1, sse4.2, popcnt, lzcnt, tsc, tscinvbit, avx, avx2, aes, erms, clmul, bmi1, bmi2, adx, sha, fma, vzeroupper, clflush, clflushopt, clwb, hv, serialize, rdtscp, rdpid, fsrm, f16c, cet_ibt, cet_ss
Processor Information for processor 0
  Max Mhz: 3100, Current Mhz: 3100, Mhz Limit: 3100
Processor Information for processor 1
  Max Mhz: 3100, Current Mhz: 3100, Mhz Limit: 3100
Processor Information for processor 2
  Max Mhz: 3100, Current Mhz: 3100, Mhz Limit: 3100
Processor Information for processor 3
  Max Mhz: 3100, Current Mhz: 3100, Mhz Limit: 3100
Processor Information for processor 4
  Max Mhz: 3100, Current Mhz: 3100, Mhz Limit: 3100
Processor Information for processor 5
  Max Mhz: 3100, Current Mhz: 3100, Mhz Limit: 3100
Processor Information for processor 6
  Max Mhz: 3100, Current Mhz: 3100, Mhz Limit: 3100
Processor Information for processor 7
  Max Mhz: 3100, Current Mhz: 3100, Mhz Limit: 3100
Processor Information for processor 8
  Max Mhz: 3100, Current Mhz: 2232, Mhz Limit: 2232
Processor Information for processor 9
  Max Mhz: 3100, Current Mhz: 2232, Mhz Limit: 2232
Processor Information for processor 10
  Max Mhz: 3100, Current Mhz: 2232, Mhz Limit: 2232
Processor Information for processor 11
  Max Mhz: 3100, Current Mhz: 2232, Mhz Limit: 2232
Processor Information for processor 12
  Max Mhz: 3100, Current Mhz: 2232, Mhz Limit: 2232
Processor Information for processor 13
  Max Mhz: 3100, Current Mhz: 2232, Mhz Limit: 2232
Processor Information for processor 14
  Max Mhz: 3100, Current Mhz: 2232, Mhz Limit: 2232
Processor Information for processor 15
  Max Mhz: 3100, Current Mhz: 2232, Mhz Limit: 2232

Memory: 4k page, system-wide physical 16088M (2090M free)
TotalPageFile size 16088M (AvailPageFile size 4M)
current process WorkingSet (physical memory assigned to process): 721M, peak: 769M
current process commit charge ("private bytes"): 765M, peak: 819M

vm_info: OpenJDK 64-Bit Server VM (21.0.3+-12282718-b509.11) for windows-amd64 JRE (21.0.3+-12282718-b509.11), built on 2024-08-27T17:34:15Z by "builder" with MS VC++ 16.10 / 16.11 (VS2019)

END.
