#
# There is insufficient memory for the Java Runtime Environment to continue.
# Native memory allocation (malloc) failed to allocate 1253456 bytes. Error detail: Chunk::new
# Possible reasons:
#   The system is out of physical RAM or swap space
#   This process is running with CompressedOops enabled, and the Java Heap may be blocking the growth of the native heap
# Possible solutions:
#   Reduce memory load on the system
#   Increase physical memory or swap space
#   Check if swap backing store is full
#   Decrease Java heap size (-Xmx/-Xms)
#   Decrease number of Java threads
#   Decrease Java thread stack sizes (-Xss)
#   Set larger code cache with -XX:ReservedCodeCacheSize=
#   JVM is running with Unscaled Compressed Oops mode in which the Java heap is
#     placed in the first 4GB address space. The Java Heap base address is the
#     maximum limit for the native heap growth. Please use -XX:HeapBaseMinAddress
#     to set the Java Heap base and to place the Java Heap above 4GB virtual address.
# This output file may be truncated or incomplete.
#
#  Out of Memory Error (arena.cpp:168), pid=17676, tid=16516
#
# JRE version: OpenJDK Runtime Environment (21.0.3) (build 21.0.3+-12282718-b509.11)
# Java VM: OpenJDK 64-Bit Server VM (21.0.3+-12282718-b509.11, mixed mode, tiered, compressed oops, compressed class ptrs, g1 gc, windows-amd64)
# No core dump will be written. Minidumps are not enabled by default on client versions of Windows
#

---------------  S U M M A R Y ------------

Command Line: --add-opens=java.base/java.util=ALL-UNNAMED --add-opens=java.base/java.lang=ALL-UNNAMED --add-opens=java.base/java.lang.invoke=ALL-UNNAMED --add-opens=java.prefs/java.util.prefs=ALL-UNNAMED --add-exports=jdk.compiler/com.sun.tools.javac.api=ALL-UNNAMED --add-exports=jdk.compiler/com.sun.tools.javac.util=ALL-UNNAMED --add-opens=java.base/java.nio.charset=ALL-UNNAMED --add-opens=java.base/java.net=ALL-UNNAMED --add-opens=java.base/java.util.concurrent.atomic=ALL-UNNAMED -Xmx2048m -Dfile.encoding=UTF-8 -Duser.country=MY -Duser.language=en -Duser.variant -javaagent:C:\Users\User\.gradle\wrapper\dists\gradle-8.9-all\6m0mbzute7p0zdleavqlib88a\gradle-8.9\lib\agents\gradle-instrumentation-agent-8.9.jar org.gradle.launcher.daemon.bootstrap.GradleDaemon 8.9

Host: 12th Gen Intel(R) Core(TM) i5-12500H, 16 cores, 15G,  Windows 11 , 64 bit Build 22621 (10.0.22621.4391)
Time: Sun Nov 24 17:45:44 2024 Malay Peninsula Standard Time elapsed time: 2.328728 seconds (0d 0h 0m 2s)

---------------  T H R E A D  ---------------

Current thread (0x000001aa38181dc0):  JavaThread "C2 CompilerThread1" daemon [_thread_in_native, id=16516, stack(0x0000001c83e00000,0x0000001c83f00000) (1024K)]


Current CompileTask:
C2:   2328 4455   !   4       java.net.URLClassLoader$1::run (81 bytes)

Stack: [0x0000001c83e00000,0x0000001c83f00000]
Native frames: (J=compiled Java code, j=interpreted, Vv=VM code, C=native code)
V  [jvm.dll+0x6cafb9]
V  [jvm.dll+0x858523]
V  [jvm.dll+0x85aa7e]
V  [jvm.dll+0x85b163]
V  [jvm.dll+0x27d356]
V  [jvm.dll+0xbf93d]
V  [jvm.dll+0xbfe73]
V  [jvm.dll+0x3b1cb1]
V  [jvm.dll+0x1dde94]
V  [jvm.dll+0x246c54]
V  [jvm.dll+0x2460d1]
V  [jvm.dll+0x1c5804]
V  [jvm.dll+0x25575c]
V  [jvm.dll+0x253c36]
V  [jvm.dll+0x3ec996]
V  [jvm.dll+0x800d78]
V  [jvm.dll+0x6c98cd]
C  [ucrtbase.dll+0x29333]
C  [KERNEL32.DLL+0x1259d]
C  [ntdll.dll+0x5af38]


---------------  P R O C E S S  ---------------

Threads class SMR info:
_java_thread_list=0x000001aa39ce8500, length=39, elements={
0x000001aa197d7410, 0x000001aa33bb4cb0, 0x000001aa33bb5970, 0x000001aa33bb8d90,
0x000001aa33bccd80, 0x000001aa33bcfbf0, 0x000001aa33bd0650, 0x000001aa33bd13e0,
0x000001aa33bd1e80, 0x000001aa33c05110, 0x000001aa33d3a350, 0x000001aa380b6480,
0x000001aa38181dc0, 0x000001aa383f1cd0, 0x000001aa3932b9c0, 0x000001aa38c37910,
0x000001aa33ad1030, 0x000001aa39c93310, 0x000001aa39f35320, 0x000001aa39edd850,
0x000001aa39eef070, 0x000001aa39d22450, 0x000001aa39d5a660, 0x000001aa39d63830,
0x000001aa39d63ec0, 0x000001aa39d65f90, 0x000001aa39d631a0, 0x000001aa39d66620,
0x000001aa39d65270, 0x000001aa3a192e80, 0x000001aa39d65900, 0x000001aa39d64550,
0x000001aa3cdc26d0, 0x000001aa3cdc2040, 0x000001aa3cdc2d60, 0x000001aa3cdbff70,
0x000001aa3cdc33f0, 0x000001aa3cdc5b50, 0x000001aa3a1927b0
}

Java Threads: ( => current thread )
  0x000001aa197d7410 JavaThread "main"                              [_thread_blocked, id=22428, stack(0x0000001c82b00000,0x0000001c82c00000) (1024K)]
  0x000001aa33bb4cb0 JavaThread "Reference Handler"          daemon [_thread_blocked, id=10680, stack(0x0000001c83300000,0x0000001c83400000) (1024K)]
  0x000001aa33bb5970 JavaThread "Finalizer"                  daemon [_thread_blocked, id=1268, stack(0x0000001c83400000,0x0000001c83500000) (1024K)]
  0x000001aa33bb8d90 JavaThread "Signal Dispatcher"          daemon [_thread_blocked, id=2892, stack(0x0000001c83500000,0x0000001c83600000) (1024K)]
  0x000001aa33bccd80 JavaThread "Attach Listener"            daemon [_thread_blocked, id=11496, stack(0x0000001c83600000,0x0000001c83700000) (1024K)]
  0x000001aa33bcfbf0 JavaThread "Service Thread"             daemon [_thread_blocked, id=17212, stack(0x0000001c83700000,0x0000001c83800000) (1024K)]
  0x000001aa33bd0650 JavaThread "Monitor Deflation Thread"   daemon [_thread_blocked, id=9752, stack(0x0000001c83800000,0x0000001c83900000) (1024K)]
  0x000001aa33bd13e0 JavaThread "C2 CompilerThread0"         daemon [_thread_in_native, id=16392, stack(0x0000001c83900000,0x0000001c83a00000) (1024K)]
  0x000001aa33bd1e80 JavaThread "C1 CompilerThread0"         daemon [_thread_blocked, id=15664, stack(0x0000001c83a00000,0x0000001c83b00000) (1024K)]
  0x000001aa33c05110 JavaThread "C1 CompilerThread1"         daemon [_thread_blocked, id=12612, stack(0x0000001c83b00000,0x0000001c83c00000) (1024K)]
  0x000001aa33d3a350 JavaThread "Common-Cleaner"             daemon [_thread_blocked, id=23408, stack(0x0000001c83c00000,0x0000001c83d00000) (1024K)]
  0x000001aa380b6480 JavaThread "Notification Thread"        daemon [_thread_blocked, id=15796, stack(0x0000001c83d00000,0x0000001c83e00000) (1024K)]
=>0x000001aa38181dc0 JavaThread "C2 CompilerThread1"         daemon [_thread_in_native, id=16516, stack(0x0000001c83e00000,0x0000001c83f00000) (1024K)]
  0x000001aa383f1cd0 JavaThread "C2 CompilerThread2"         daemon [_thread_in_native, id=25088, stack(0x0000001c83f00000,0x0000001c84000000) (1024K)]
  0x000001aa3932b9c0 JavaThread "C1 CompilerThread2"         daemon [_thread_blocked, id=1168, stack(0x0000001c84500000,0x0000001c84600000) (1024K)]
  0x000001aa38c37910 JavaThread "C1 CompilerThread3"         daemon [_thread_blocked, id=13268, stack(0x0000001c84600000,0x0000001c84700000) (1024K)]
  0x000001aa33ad1030 JavaThread "Daemon health stats"               [_thread_blocked, id=23312, stack(0x0000001c84700000,0x0000001c84800000) (1024K)]
  0x000001aa39c93310 JavaThread "Incoming local TCP Connector on port 38574"        [_thread_in_native, id=14812, stack(0x0000001c84800000,0x0000001c84900000) (1024K)]
  0x000001aa39f35320 JavaThread "Daemon periodic checks"            [_thread_blocked, id=13996, stack(0x0000001c84900000,0x0000001c84a00000) (1024K)]
  0x000001aa39edd850 JavaThread "Daemon"                            [_thread_blocked, id=22764, stack(0x0000001c84a00000,0x0000001c84b00000) (1024K)]
  0x000001aa39eef070 JavaThread "Handler for socket connection from /127.0.0.1:38574 to /127.0.0.1:38575"        [_thread_in_native, id=25060, stack(0x0000001c84b00000,0x0000001c84c00000) (1024K)]
  0x000001aa39d22450 JavaThread "Cancel handler"                    [_thread_blocked, id=4176, stack(0x0000001c84c00000,0x0000001c84d00000) (1024K)]
  0x000001aa39d5a660 JavaThread "Daemon worker"                     [_thread_in_Java, id=16824, stack(0x0000001c84d00000,0x0000001c84e00000) (1024K)]
  0x000001aa39d63830 JavaThread "Asynchronous log dispatcher for DefaultDaemonConnection: socket connection from /127.0.0.1:38574 to /127.0.0.1:38575"        [_thread_blocked, id=18924, stack(0x0000001c84e00000,0x0000001c84f00000) (1024K)]
  0x000001aa39d63ec0 JavaThread "Stdin handler"                     [_thread_blocked, id=9212, stack(0x0000001c84f00000,0x0000001c85000000) (1024K)]
  0x000001aa39d65f90 JavaThread "Daemon client event forwarder"        [_thread_blocked, id=14124, stack(0x0000001c85000000,0x0000001c85100000) (1024K)]
  0x000001aa39d631a0 JavaThread "Cache worker for journal cache (C:\Users\User\.gradle\caches\journal-1)"        [_thread_blocked, id=2756, stack(0x0000001c85a00000,0x0000001c85b00000) (1024K)]
  0x000001aa39d66620 JavaThread "File lock request listener"        [_thread_in_native, id=23200, stack(0x0000001c85b00000,0x0000001c85c00000) (1024K)]
  0x000001aa39d65270 JavaThread "Cache worker for file hash cache (C:\Users\User\.gradle\caches\8.9\fileHashes)"        [_thread_blocked, id=20020, stack(0x0000001c85c00000,0x0000001c85d00000) (1024K)]
  0x000001aa3a192e80 JavaThread "C2 CompilerThread3"         daemon [_thread_in_native, id=15184, stack(0x0000001c85d00000,0x0000001c85e00000) (1024K)]
  0x000001aa39d65900 JavaThread "Cache worker for file hash cache (C:\Users\User\Downloads\Crave Express\.gradle\8.9\fileHashes)"        [_thread_blocked, id=3344, stack(0x0000001c85e00000,0x0000001c85f00000) (1024K)]
  0x000001aa39d64550 JavaThread "Cache worker for Build Output Cleanup Cache (C:\Users\User\Downloads\Crave Express\.gradle\buildOutputCleanup)"        [_thread_blocked, id=1244, stack(0x0000001c85f00000,0x0000001c86000000) (1024K)]
  0x000001aa3cdc26d0 JavaThread "File watcher server"        daemon [_thread_in_native, id=15676, stack(0x0000001c86000000,0x0000001c86100000) (1024K)]
  0x000001aa3cdc2040 JavaThread "File watcher consumer"      daemon [_thread_blocked, id=18988, stack(0x0000001c86100000,0x0000001c86200000) (1024K)]
  0x000001aa3cdc2d60 JavaThread "Cache worker for checksums cache (C:\Users\User\Downloads\Crave Express\.gradle\8.9\checksums)"        [_thread_blocked, id=2228, stack(0x0000001c86200000,0x0000001c86300000) (1024K)]
  0x000001aa3cdbff70 JavaThread "Cache worker for file content cache (C:\Users\User\.gradle\caches\8.9\fileContent)"        [_thread_blocked, id=2648, stack(0x0000001c86300000,0x0000001c86400000) (1024K)]
  0x000001aa3cdc33f0 JavaThread "Cache worker for cache directory md-rule (C:\Users\User\.gradle\caches\8.9\md-rule)"        [_thread_blocked, id=7524, stack(0x0000001c86400000,0x0000001c86500000) (1024K)]
  0x000001aa3cdc5b50 JavaThread "Cache worker for cache directory md-supplier (C:\Users\User\.gradle\caches\8.9\md-supplier)"        [_thread_blocked, id=16788, stack(0x0000001c86500000,0x0000001c86600000) (1024K)]
  0x000001aa3a1927b0 JavaThread "C2 CompilerThread4"         daemon [_thread_in_native, id=17256, stack(0x0000001c86600000,0x0000001c86700000) (1024K)]
Total: 39

Other Threads:
  0x000001aa33b0d2e0 VMThread "VM Thread"                           [id=16140, stack(0x0000001c83200000,0x0000001c83300000) (1024K)]
  0x000001aa33952d50 WatcherThread "VM Periodic Task Thread"        [id=2340, stack(0x0000001c83100000,0x0000001c83200000) (1024K)]
  0x000001aa1982fef0 WorkerThread "GC Thread#0"                     [id=23400, stack(0x0000001c82c00000,0x0000001c82d00000) (1024K)]
  0x000001aa389d45d0 WorkerThread "GC Thread#1"                     [id=12192, stack(0x0000001c84000000,0x0000001c84100000) (1024K)]
  0x000001aa387f7b40 WorkerThread "GC Thread#2"                     [id=25360, stack(0x0000001c84100000,0x0000001c84200000) (1024K)]
  0x000001aa381b0820 WorkerThread "GC Thread#3"                     [id=21600, stack(0x0000001c84200000,0x0000001c84300000) (1024K)]
  0x000001aa381fd000 WorkerThread "GC Thread#4"                     [id=5336, stack(0x0000001c84300000,0x0000001c84400000) (1024K)]
  0x000001aa381fd3a0 WorkerThread "GC Thread#5"                     [id=18168, stack(0x0000001c84400000,0x0000001c84500000) (1024K)]
  0x000001aa39dce330 WorkerThread "GC Thread#6"                     [id=16372, stack(0x0000001c85100000,0x0000001c85200000) (1024K)]
  0x000001aa39db4250 WorkerThread "GC Thread#7"                     [id=18112, stack(0x0000001c85200000,0x0000001c85300000) (1024K)]
  0x000001aa39dbf2c0 WorkerThread "GC Thread#8"                     [id=17004, stack(0x0000001c85300000,0x0000001c85400000) (1024K)]
  0x000001aa39dbdd00 WorkerThread "GC Thread#9"                     [id=12184, stack(0x0000001c85400000,0x0000001c85500000) (1024K)]
  0x000001aa39dbf660 WorkerThread "GC Thread#10"                    [id=14364, stack(0x0000001c85500000,0x0000001c85600000) (1024K)]
  0x000001aa39dbe0a0 WorkerThread "GC Thread#11"                    [id=3400, stack(0x0000001c85600000,0x0000001c85700000) (1024K)]
  0x000001aa39dbe440 WorkerThread "GC Thread#12"                    [id=16168, stack(0x0000001c85700000,0x0000001c85800000) (1024K)]
  0x000001aa19840ed0 ConcurrentGCThread "G1 Main Marker"            [id=15228, stack(0x0000001c82d00000,0x0000001c82e00000) (1024K)]
  0x000001aa198419d0 WorkerThread "G1 Conc#0"                       [id=12580, stack(0x0000001c82e00000,0x0000001c82f00000) (1024K)]
  0x000001aa39dbeb80 WorkerThread "G1 Conc#1"                       [id=11624, stack(0x0000001c85800000,0x0000001c85900000) (1024K)]
  0x000001aa39dbe7e0 WorkerThread "G1 Conc#2"                       [id=6156, stack(0x0000001c85900000,0x0000001c85a00000) (1024K)]
  0x000001aa33828a70 ConcurrentGCThread "G1 Refine#0"               [id=16584, stack(0x0000001c82f00000,0x0000001c83000000) (1024K)]
  0x000001aa338293f0 ConcurrentGCThread "G1 Service"                [id=16120, stack(0x0000001c83000000,0x0000001c83100000) (1024K)]
Total: 21

Threads with active compile tasks:
C2 CompilerThread0     2340 4502 %     4       java.util.LinkedHashMap::keysToArray @ 51 (80 bytes)
C2 CompilerThread1     2340 4455   !   4       java.net.URLClassLoader$1::run (81 bytes)
C2 CompilerThread2     2340 4465   !   4       java.net.URLClassLoader::findClass (47 bytes)
C2 CompilerThread3     2340 4428       4       java.lang.String::split (148 bytes)
C2 CompilerThread4     2340 4454       4       java.net.URLClassLoader$1::run (5 bytes)
Total: 5

VM state: not at safepoint (normal execution)

VM Mutex/Monitor currently owned by a thread: None

Heap address: 0x0000000080000000, size: 2048 MB, Compressed Oops mode: 32-bit

CDS archive(s) not mapped
Compressed class space mapped at: 0x0000000100000000-0x0000000140000000, reserved size: 1073741824
Narrow klass base: 0x0000000000000000, Narrow klass shift: 3, Narrow klass range: 0x140000000

GC Precious Log:
 CardTable entry size: 512
 Card Set container configuration: InlinePtr #cards 5 size 8 Array Of Cards #cards 12 size 40 Howl #buckets 4 coarsen threshold 1843 Howl Bitmap #cards 512 size 80 coarsen threshold 460 Card regions per heap region 1 cards per card region 2048
 CPUs: 16 total, 16 available
 Memory: 16088M
 Large Page Support: Disabled
 NUMA Support: Disabled
 Compressed Oops: Enabled (32-bit)
 Heap Region Size: 1M
 Heap Min Capacity: 8M
 Heap Initial Capacity: 252M
 Heap Max Capacity: 2G
 Pre-touch: Disabled
 Parallel Workers: 13
 Concurrent Workers: 3
 Concurrent Refinement Workers: 13
 Periodic GC: Disabled

Heap:
 garbage-first heap   total 145408K, used 73001K [0x0000000080000000, 0x0000000100000000)
  region size 1024K, 49 young (50176K), 7 survivors (7168K)
 Metaspace       used 46431K, committed 47616K, reserved 1114112K
  class space    used 6242K, committed 6848K, reserved 1048576K

Heap Regions: E=young(eden), S=young(survivor), O=old, HS=humongous(starts), HC=humongous(continues), CS=collection set, F=free, TAMS=top-at-mark-start, PB=parsable bottom
|   0|0x0000000080000000, 0x0000000080100000, 0x0000000080100000|100%|HS|  |TAMS 0x0000000080000000| PB 0x0000000080000000| Complete 
|   1|0x0000000080100000, 0x0000000080200000, 0x0000000080200000|100%|HC|  |TAMS 0x0000000080100000| PB 0x0000000080100000| Complete 
|   2|0x0000000080200000, 0x0000000080300000, 0x0000000080300000|100%|HC|  |TAMS 0x0000000080200000| PB 0x0000000080200000| Complete 
|   3|0x0000000080300000, 0x0000000080400000, 0x0000000080400000|100%|HC|  |TAMS 0x0000000080300000| PB 0x0000000080300000| Complete 
|   4|0x0000000080400000, 0x0000000080500000, 0x0000000080500000|100%| O|  |TAMS 0x0000000080400000| PB 0x0000000080400000| Untracked 
|   5|0x0000000080500000, 0x0000000080600000, 0x0000000080600000|100%| O|  |TAMS 0x0000000080500000| PB 0x0000000080500000| Untracked 
|   6|0x0000000080600000, 0x0000000080700000, 0x0000000080700000|100%| O|  |TAMS 0x0000000080600000| PB 0x0000000080600000| Untracked 
|   7|0x0000000080700000, 0x0000000080800000, 0x0000000080800000|100%| O|  |TAMS 0x0000000080700000| PB 0x0000000080700000| Untracked 
|   8|0x0000000080800000, 0x0000000080900000, 0x0000000080900000|100%| O|  |TAMS 0x0000000080800000| PB 0x0000000080800000| Untracked 
|   9|0x0000000080900000, 0x0000000080a00000, 0x0000000080a00000|100%| O|  |TAMS 0x0000000080900000| PB 0x0000000080900000| Untracked 
|  10|0x0000000080a00000, 0x0000000080b00000, 0x0000000080b00000|100%| O|  |TAMS 0x0000000080a00000| PB 0x0000000080a00000| Untracked 
|  11|0x0000000080b00000, 0x0000000080c00000, 0x0000000080c00000|100%|HS|  |TAMS 0x0000000080b00000| PB 0x0000000080b00000| Complete 
|  12|0x0000000080c00000, 0x0000000080d00000, 0x0000000080d00000|100%| O|  |TAMS 0x0000000080c00000| PB 0x0000000080c00000| Untracked 
|  13|0x0000000080d00000, 0x0000000080e00000, 0x0000000080e00000|100%| O|  |TAMS 0x0000000080d00000| PB 0x0000000080d00000| Untracked 
|  14|0x0000000080e00000, 0x0000000080f00000, 0x0000000080f00000|100%| O|  |TAMS 0x0000000080e00000| PB 0x0000000080e00000| Untracked 
|  15|0x0000000080f00000, 0x0000000081000000, 0x0000000081000000|100%| O|  |TAMS 0x0000000080f00000| PB 0x0000000080f00000| Untracked 
|  16|0x0000000081000000, 0x0000000081100000, 0x0000000081100000|100%| O|  |TAMS 0x0000000081000000| PB 0x0000000081000000| Untracked 
|  17|0x0000000081100000, 0x0000000081200000, 0x0000000081200000|100%| O|  |TAMS 0x0000000081100000| PB 0x0000000081100000| Untracked 
|  18|0x0000000081200000, 0x0000000081300000, 0x0000000081300000|100%| O|  |TAMS 0x0000000081200000| PB 0x0000000081200000| Untracked 
|  19|0x0000000081300000, 0x0000000081400000, 0x0000000081400000|100%| O|  |TAMS 0x0000000081300000| PB 0x0000000081300000| Untracked 
|  20|0x0000000081400000, 0x0000000081500000, 0x0000000081500000|100%| O|Cm|TAMS 0x0000000081400000| PB 0x0000000081400000| Complete 
|  21|0x0000000081500000, 0x0000000081600000, 0x0000000081600000|100%| O|  |TAMS 0x0000000081500000| PB 0x0000000081500000| Untracked 
|  22|0x0000000081600000, 0x0000000081700000, 0x0000000081700000|100%| O|  |TAMS 0x0000000081600000| PB 0x0000000081600000| Untracked 
|  23|0x0000000081700000, 0x00000000817a0170, 0x0000000081800000| 62%| O|  |TAMS 0x0000000081700000| PB 0x0000000081700000| Untracked 
|  24|0x0000000081800000, 0x0000000081800000, 0x0000000081900000|  0%| F|  |TAMS 0x0000000081800000| PB 0x0000000081800000| Untracked 
|  25|0x0000000081900000, 0x0000000081900000, 0x0000000081a00000|  0%| F|  |TAMS 0x0000000081900000| PB 0x0000000081900000| Untracked 
|  26|0x0000000081a00000, 0x0000000081a00000, 0x0000000081b00000|  0%| F|  |TAMS 0x0000000081a00000| PB 0x0000000081a00000| Untracked 
|  27|0x0000000081b00000, 0x0000000081b00000, 0x0000000081c00000|  0%| F|  |TAMS 0x0000000081b00000| PB 0x0000000081b00000| Untracked 
|  28|0x0000000081c00000, 0x0000000081c00000, 0x0000000081d00000|  0%| F|  |TAMS 0x0000000081c00000| PB 0x0000000081c00000| Untracked 
|  29|0x0000000081d00000, 0x0000000081d00000, 0x0000000081e00000|  0%| F|  |TAMS 0x0000000081d00000| PB 0x0000000081d00000| Untracked 
|  30|0x0000000081e00000, 0x0000000081e00000, 0x0000000081f00000|  0%| F|  |TAMS 0x0000000081e00000| PB 0x0000000081e00000| Untracked 
|  31|0x0000000081f00000, 0x0000000081f00000, 0x0000000082000000|  0%| F|  |TAMS 0x0000000081f00000| PB 0x0000000081f00000| Untracked 
|  32|0x0000000082000000, 0x0000000082000000, 0x0000000082100000|  0%| F|  |TAMS 0x0000000082000000| PB 0x0000000082000000| Untracked 
|  33|0x0000000082100000, 0x00000000821aa5a0, 0x0000000082200000| 66%| S|CS|TAMS 0x0000000082100000| PB 0x0000000082100000| Complete 
|  34|0x0000000082200000, 0x0000000082300000, 0x0000000082300000|100%| S|CS|TAMS 0x0000000082200000| PB 0x0000000082200000| Complete 
|  35|0x0000000082300000, 0x0000000082400000, 0x0000000082400000|100%| S|CS|TAMS 0x0000000082300000| PB 0x0000000082300000| Complete 
|  36|0x0000000082400000, 0x0000000082500000, 0x0000000082500000|100%| S|CS|TAMS 0x0000000082400000| PB 0x0000000082400000| Complete 
|  37|0x0000000082500000, 0x0000000082600000, 0x0000000082600000|100%| S|CS|TAMS 0x0000000082500000| PB 0x0000000082500000| Complete 
|  38|0x0000000082600000, 0x0000000082700000, 0x0000000082700000|100%| S|CS|TAMS 0x0000000082600000| PB 0x0000000082600000| Complete 
|  39|0x0000000082700000, 0x0000000082800000, 0x0000000082800000|100%| S|CS|TAMS 0x0000000082700000| PB 0x0000000082700000| Complete 
|  40|0x0000000082800000, 0x0000000082800000, 0x0000000082900000|  0%| F|  |TAMS 0x0000000082800000| PB 0x0000000082800000| Untracked 
|  41|0x0000000082900000, 0x0000000082900000, 0x0000000082a00000|  0%| F|  |TAMS 0x0000000082900000| PB 0x0000000082900000| Untracked 
|  42|0x0000000082a00000, 0x0000000082a00000, 0x0000000082b00000|  0%| F|  |TAMS 0x0000000082a00000| PB 0x0000000082a00000| Untracked 
|  43|0x0000000082b00000, 0x0000000082b00000, 0x0000000082c00000|  0%| F|  |TAMS 0x0000000082b00000| PB 0x0000000082b00000| Untracked 
|  44|0x0000000082c00000, 0x0000000082c00000, 0x0000000082d00000|  0%| F|  |TAMS 0x0000000082c00000| PB 0x0000000082c00000| Untracked 
|  45|0x0000000082d00000, 0x0000000082d00000, 0x0000000082e00000|  0%| F|  |TAMS 0x0000000082d00000| PB 0x0000000082d00000| Untracked 
|  46|0x0000000082e00000, 0x0000000082e00000, 0x0000000082f00000|  0%| F|  |TAMS 0x0000000082e00000| PB 0x0000000082e00000| Untracked 
|  47|0x0000000082f00000, 0x0000000082f00000, 0x0000000083000000|  0%| F|  |TAMS 0x0000000082f00000| PB 0x0000000082f00000| Untracked 
|  48|0x0000000083000000, 0x0000000083000000, 0x0000000083100000|  0%| F|  |TAMS 0x0000000083000000| PB 0x0000000083000000| Untracked 
|  49|0x0000000083100000, 0x0000000083100000, 0x0000000083200000|  0%| F|  |TAMS 0x0000000083100000| PB 0x0000000083100000| Untracked 
|  50|0x0000000083200000, 0x0000000083200000, 0x0000000083300000|  0%| F|  |TAMS 0x0000000083200000| PB 0x0000000083200000| Untracked 
|  51|0x0000000083300000, 0x0000000083300000, 0x0000000083400000|  0%| F|  |TAMS 0x0000000083300000| PB 0x0000000083300000| Untracked 
|  52|0x0000000083400000, 0x0000000083400000, 0x0000000083500000|  0%| F|  |TAMS 0x0000000083400000| PB 0x0000000083400000| Untracked 
|  53|0x0000000083500000, 0x0000000083500000, 0x0000000083600000|  0%| F|  |TAMS 0x0000000083500000| PB 0x0000000083500000| Untracked 
|  54|0x0000000083600000, 0x0000000083600000, 0x0000000083700000|  0%| F|  |TAMS 0x0000000083600000| PB 0x0000000083600000| Untracked 
|  55|0x0000000083700000, 0x0000000083700000, 0x0000000083800000|  0%| F|  |TAMS 0x0000000083700000| PB 0x0000000083700000| Untracked 
|  56|0x0000000083800000, 0x0000000083800000, 0x0000000083900000|  0%| F|  |TAMS 0x0000000083800000| PB 0x0000000083800000| Untracked 
|  57|0x0000000083900000, 0x0000000083900000, 0x0000000083a00000|  0%| F|  |TAMS 0x0000000083900000| PB 0x0000000083900000| Untracked 
|  58|0x0000000083a00000, 0x0000000083a00000, 0x0000000083b00000|  0%| F|  |TAMS 0x0000000083a00000| PB 0x0000000083a00000| Untracked 
|  59|0x0000000083b00000, 0x0000000083b00000, 0x0000000083c00000|  0%| F|  |TAMS 0x0000000083b00000| PB 0x0000000083b00000| Untracked 
|  60|0x0000000083c00000, 0x0000000083c00000, 0x0000000083d00000|  0%| F|  |TAMS 0x0000000083c00000| PB 0x0000000083c00000| Untracked 
|  61|0x0000000083d00000, 0x0000000083d00000, 0x0000000083e00000|  0%| F|  |TAMS 0x0000000083d00000| PB 0x0000000083d00000| Untracked 
|  62|0x0000000083e00000, 0x0000000083e00000, 0x0000000083f00000|  0%| F|  |TAMS 0x0000000083e00000| PB 0x0000000083e00000| Untracked 
|  63|0x0000000083f00000, 0x0000000083f00000, 0x0000000084000000|  0%| F|  |TAMS 0x0000000083f00000| PB 0x0000000083f00000| Untracked 
|  64|0x0000000084000000, 0x0000000084000000, 0x0000000084100000|  0%| F|  |TAMS 0x0000000084000000| PB 0x0000000084000000| Untracked 
|  65|0x0000000084100000, 0x0000000084100000, 0x0000000084200000|  0%| F|  |TAMS 0x0000000084100000| PB 0x0000000084100000| Untracked 
|  66|0x0000000084200000, 0x0000000084200000, 0x0000000084300000|  0%| F|  |TAMS 0x0000000084200000| PB 0x0000000084200000| Untracked 
|  67|0x0000000084300000, 0x0000000084300000, 0x0000000084400000|  0%| F|  |TAMS 0x0000000084300000| PB 0x0000000084300000| Untracked 
|  68|0x0000000084400000, 0x0000000084400000, 0x0000000084500000|  0%| F|  |TAMS 0x0000000084400000| PB 0x0000000084400000| Untracked 
|  69|0x0000000084500000, 0x0000000084500000, 0x0000000084600000|  0%| F|  |TAMS 0x0000000084500000| PB 0x0000000084500000| Untracked 
|  70|0x0000000084600000, 0x0000000084600000, 0x0000000084700000|  0%| F|  |TAMS 0x0000000084600000| PB 0x0000000084600000| Untracked 
|  71|0x0000000084700000, 0x0000000084700000, 0x0000000084800000|  0%| F|  |TAMS 0x0000000084700000| PB 0x0000000084700000| Untracked 
|  72|0x0000000084800000, 0x0000000084800000, 0x0000000084900000|  0%| F|  |TAMS 0x0000000084800000| PB 0x0000000084800000| Untracked 
|  73|0x0000000084900000, 0x0000000084900000, 0x0000000084a00000|  0%| F|  |TAMS 0x0000000084900000| PB 0x0000000084900000| Untracked 
|  74|0x0000000084a00000, 0x0000000084a00000, 0x0000000084b00000|  0%| F|  |TAMS 0x0000000084a00000| PB 0x0000000084a00000| Untracked 
|  75|0x0000000084b00000, 0x0000000084b00000, 0x0000000084c00000|  0%| F|  |TAMS 0x0000000084b00000| PB 0x0000000084b00000| Untracked 
|  76|0x0000000084c00000, 0x0000000084c00000, 0x0000000084d00000|  0%| F|  |TAMS 0x0000000084c00000| PB 0x0000000084c00000| Untracked 
|  77|0x0000000084d00000, 0x0000000084d00000, 0x0000000084e00000|  0%| F|  |TAMS 0x0000000084d00000| PB 0x0000000084d00000| Untracked 
|  78|0x0000000084e00000, 0x0000000084e00000, 0x0000000084f00000|  0%| F|  |TAMS 0x0000000084e00000| PB 0x0000000084e00000| Untracked 
|  79|0x0000000084f00000, 0x0000000084f00000, 0x0000000085000000|  0%| F|  |TAMS 0x0000000084f00000| PB 0x0000000084f00000| Untracked 
|  80|0x0000000085000000, 0x0000000085000000, 0x0000000085100000|  0%| F|  |TAMS 0x0000000085000000| PB 0x0000000085000000| Untracked 
|  81|0x0000000085100000, 0x0000000085100000, 0x0000000085200000|  0%| F|  |TAMS 0x0000000085100000| PB 0x0000000085100000| Untracked 
|  82|0x0000000085200000, 0x0000000085200000, 0x0000000085300000|  0%| F|  |TAMS 0x0000000085200000| PB 0x0000000085200000| Untracked 
|  83|0x0000000085300000, 0x0000000085300000, 0x0000000085400000|  0%| F|  |TAMS 0x0000000085300000| PB 0x0000000085300000| Untracked 
|  84|0x0000000085400000, 0x0000000085400000, 0x0000000085500000|  0%| F|  |TAMS 0x0000000085400000| PB 0x0000000085400000| Untracked 
|  85|0x0000000085500000, 0x0000000085500000, 0x0000000085600000|  0%| F|  |TAMS 0x0000000085500000| PB 0x0000000085500000| Untracked 
|  86|0x0000000085600000, 0x0000000085600000, 0x0000000085700000|  0%| F|  |TAMS 0x0000000085600000| PB 0x0000000085600000| Untracked 
|  87|0x0000000085700000, 0x0000000085700000, 0x0000000085800000|  0%| F|  |TAMS 0x0000000085700000| PB 0x0000000085700000| Untracked 
|  88|0x0000000085800000, 0x0000000085800000, 0x0000000085900000|  0%| F|  |TAMS 0x0000000085800000| PB 0x0000000085800000| Untracked 
|  89|0x0000000085900000, 0x0000000085900000, 0x0000000085a00000|  0%| F|  |TAMS 0x0000000085900000| PB 0x0000000085900000| Untracked 
|  90|0x0000000085a00000, 0x0000000085a00000, 0x0000000085b00000|  0%| F|  |TAMS 0x0000000085a00000| PB 0x0000000085a00000| Untracked 
|  91|0x0000000085b00000, 0x0000000085b00000, 0x0000000085c00000|  0%| F|  |TAMS 0x0000000085b00000| PB 0x0000000085b00000| Untracked 
|  92|0x0000000085c00000, 0x0000000085c00000, 0x0000000085d00000|  0%| F|  |TAMS 0x0000000085c00000| PB 0x0000000085c00000| Untracked 
|  93|0x0000000085d00000, 0x0000000085d00000, 0x0000000085e00000|  0%| F|  |TAMS 0x0000000085d00000| PB 0x0000000085d00000| Untracked 
|  94|0x0000000085e00000, 0x0000000085e00000, 0x0000000085f00000|  0%| F|  |TAMS 0x0000000085e00000| PB 0x0000000085e00000| Untracked 
|  95|0x0000000085f00000, 0x0000000085f00000, 0x0000000086000000|  0%| F|  |TAMS 0x0000000085f00000| PB 0x0000000085f00000| Untracked 
|  96|0x0000000086000000, 0x0000000086000000, 0x0000000086100000|  0%| F|  |TAMS 0x0000000086000000| PB 0x0000000086000000| Untracked 
|  97|0x0000000086100000, 0x0000000086100000, 0x0000000086200000|  0%| F|  |TAMS 0x0000000086100000| PB 0x0000000086100000| Untracked 
|  98|0x0000000086200000, 0x0000000086200000, 0x0000000086300000|  0%| F|  |TAMS 0x0000000086200000| PB 0x0000000086200000| Untracked 
|  99|0x0000000086300000, 0x0000000086380800, 0x0000000086400000| 50%| E|  |TAMS 0x0000000086300000| PB 0x0000000086300000| Complete 
| 100|0x0000000086400000, 0x0000000086500000, 0x0000000086500000|100%| E|CS|TAMS 0x0000000086400000| PB 0x0000000086400000| Complete 
| 101|0x0000000086500000, 0x0000000086600000, 0x0000000086600000|100%| E|CS|TAMS 0x0000000086500000| PB 0x0000000086500000| Complete 
| 102|0x0000000086600000, 0x0000000086700000, 0x0000000086700000|100%| E|CS|TAMS 0x0000000086600000| PB 0x0000000086600000| Complete 
| 103|0x0000000086700000, 0x0000000086800000, 0x0000000086800000|100%| E|CS|TAMS 0x0000000086700000| PB 0x0000000086700000| Complete 
| 104|0x0000000086800000, 0x0000000086900000, 0x0000000086900000|100%| E|CS|TAMS 0x0000000086800000| PB 0x0000000086800000| Complete 
| 105|0x0000000086900000, 0x0000000086a00000, 0x0000000086a00000|100%| E|CS|TAMS 0x0000000086900000| PB 0x0000000086900000| Complete 
| 106|0x0000000086a00000, 0x0000000086b00000, 0x0000000086b00000|100%| E|CS|TAMS 0x0000000086a00000| PB 0x0000000086a00000| Complete 
| 107|0x0000000086b00000, 0x0000000086c00000, 0x0000000086c00000|100%| E|CS|TAMS 0x0000000086b00000| PB 0x0000000086b00000| Complete 
| 108|0x0000000086c00000, 0x0000000086d00000, 0x0000000086d00000|100%| E|CS|TAMS 0x0000000086c00000| PB 0x0000000086c00000| Complete 
| 109|0x0000000086d00000, 0x0000000086e00000, 0x0000000086e00000|100%| E|CS|TAMS 0x0000000086d00000| PB 0x0000000086d00000| Complete 
| 110|0x0000000086e00000, 0x0000000086f00000, 0x0000000086f00000|100%| E|CS|TAMS 0x0000000086e00000| PB 0x0000000086e00000| Complete 
| 111|0x0000000086f00000, 0x0000000087000000, 0x0000000087000000|100%| E|CS|TAMS 0x0000000086f00000| PB 0x0000000086f00000| Complete 
| 112|0x0000000087000000, 0x0000000087100000, 0x0000000087100000|100%| E|CS|TAMS 0x0000000087000000| PB 0x0000000087000000| Complete 
| 113|0x0000000087100000, 0x0000000087200000, 0x0000000087200000|100%| E|CS|TAMS 0x0000000087100000| PB 0x0000000087100000| Complete 
| 114|0x0000000087200000, 0x0000000087300000, 0x0000000087300000|100%| E|CS|TAMS 0x0000000087200000| PB 0x0000000087200000| Complete 
| 115|0x0000000087300000, 0x0000000087400000, 0x0000000087400000|100%| E|CS|TAMS 0x0000000087300000| PB 0x0000000087300000| Complete 
| 116|0x0000000087400000, 0x0000000087500000, 0x0000000087500000|100%| E|CS|TAMS 0x0000000087400000| PB 0x0000000087400000| Complete 
| 117|0x0000000087500000, 0x0000000087600000, 0x0000000087600000|100%| E|CS|TAMS 0x0000000087500000| PB 0x0000000087500000| Complete 
| 118|0x0000000087600000, 0x0000000087700000, 0x0000000087700000|100%| E|CS|TAMS 0x0000000087600000| PB 0x0000000087600000| Complete 
| 119|0x0000000087700000, 0x0000000087800000, 0x0000000087800000|100%| E|CS|TAMS 0x0000000087700000| PB 0x0000000087700000| Complete 
| 120|0x0000000087800000, 0x0000000087900000, 0x0000000087900000|100%| E|CS|TAMS 0x0000000087800000| PB 0x0000000087800000| Complete 
| 121|0x0000000087900000, 0x0000000087a00000, 0x0000000087a00000|100%| E|CS|TAMS 0x0000000087900000| PB 0x0000000087900000| Complete 
| 122|0x0000000087a00000, 0x0000000087b00000, 0x0000000087b00000|100%| E|CS|TAMS 0x0000000087a00000| PB 0x0000000087a00000| Complete 
| 123|0x0000000087b00000, 0x0000000087c00000, 0x0000000087c00000|100%| E|CS|TAMS 0x0000000087b00000| PB 0x0000000087b00000| Complete 
| 124|0x0000000087c00000, 0x0000000087d00000, 0x0000000087d00000|100%| E|CS|TAMS 0x0000000087c00000| PB 0x0000000087c00000| Complete 
| 125|0x0000000087d00000, 0x0000000087e00000, 0x0000000087e00000|100%| E|CS|TAMS 0x0000000087d00000| PB 0x0000000087d00000| Complete 
| 126|0x0000000087e00000, 0x0000000087f00000, 0x0000000087f00000|100%| E|CS|TAMS 0x0000000087e00000| PB 0x0000000087e00000| Complete 
| 127|0x0000000087f00000, 0x0000000088000000, 0x0000000088000000|100%| E|CS|TAMS 0x0000000087f00000| PB 0x0000000087f00000| Complete 
| 128|0x0000000088000000, 0x0000000088100000, 0x0000000088100000|100%| E|CS|TAMS 0x0000000088000000| PB 0x0000000088000000| Complete 
| 129|0x0000000088100000, 0x0000000088200000, 0x0000000088200000|100%| E|CS|TAMS 0x0000000088100000| PB 0x0000000088100000| Complete 
| 130|0x0000000088200000, 0x0000000088300000, 0x0000000088300000|100%| E|CS|TAMS 0x0000000088200000| PB 0x0000000088200000| Complete 
| 176|0x000000008b000000, 0x000000008b100000, 0x000000008b100000|100%| E|CS|TAMS 0x000000008b000000| PB 0x000000008b000000| Complete 
| 177|0x000000008b100000, 0x000000008b200000, 0x000000008b200000|100%| E|CS|TAMS 0x000000008b100000| PB 0x000000008b100000| Complete 
| 178|0x000000008b200000, 0x000000008b300000, 0x000000008b300000|100%| E|CS|TAMS 0x000000008b200000| PB 0x000000008b200000| Complete 
| 179|0x000000008b300000, 0x000000008b400000, 0x000000008b400000|100%| E|CS|TAMS 0x000000008b300000| PB 0x000000008b300000| Complete 
| 180|0x000000008b400000, 0x000000008b500000, 0x000000008b500000|100%| E|CS|TAMS 0x000000008b400000| PB 0x000000008b400000| Complete 
| 181|0x000000008b500000, 0x000000008b600000, 0x000000008b600000|100%| E|CS|TAMS 0x000000008b500000| PB 0x000000008b500000| Complete 
| 182|0x000000008b600000, 0x000000008b700000, 0x000000008b700000|100%| E|CS|TAMS 0x000000008b600000| PB 0x000000008b600000| Complete 
| 183|0x000000008b700000, 0x000000008b800000, 0x000000008b800000|100%| E|CS|TAMS 0x000000008b700000| PB 0x000000008b700000| Complete 
| 184|0x000000008b800000, 0x000000008b900000, 0x000000008b900000|100%| E|CS|TAMS 0x000000008b800000| PB 0x000000008b800000| Complete 
| 185|0x000000008b900000, 0x000000008ba00000, 0x000000008ba00000|100%| E|CS|TAMS 0x000000008b900000| PB 0x000000008b900000| Complete 
| 251|0x000000008fb00000, 0x000000008fc00000, 0x000000008fc00000|100%| E|CS|TAMS 0x000000008fb00000| PB 0x000000008fb00000| Complete 

Card table byte_map: [0x000001aa2e4b0000,0x000001aa2e8b0000] _byte_map_base: 0x000001aa2e0b0000

Marking Bits: (CMBitMap*) 0x000001aa198305f0
 Bits: [0x000001aa2e8b0000, 0x000001aa308b0000)

Polling page: 0x000001aa198a0000

Metaspace:

Usage:
  Non-class:     39.25 MB used.
      Class:      6.10 MB used.
       Both:     45.34 MB used.

Virtual space:
  Non-class space:       64.00 MB reserved,      39.81 MB ( 62%) committed,  1 nodes.
      Class space:        1.00 GB reserved,       6.69 MB ( <1%) committed,  1 nodes.
             Both:        1.06 GB reserved,      46.50 MB (  4%) committed. 

Chunk freelists:
   Non-Class:  7.39 MB
       Class:  9.28 MB
        Both:  16.67 MB

MaxMetaspaceSize: unlimited
CompressedClassSpaceSize: 1.00 GB
Initial GC threshold: 21.00 MB
Current GC threshold: 59.50 MB
CDS: off
 - commit_granule_bytes: 65536.
 - commit_granule_words: 8192.
 - virtual_space_node_default_size: 8388608.
 - enlarge_chunks_in_place: 1.
 - use_allocation_guard: 0.


Internal statistics:

num_allocs_failed_limit: 9.
num_arena_births: 2198.
num_arena_deaths: 0.
num_vsnodes_births: 2.
num_vsnodes_deaths: 0.
num_space_committed: 744.
num_space_uncommitted: 0.
num_chunks_returned_to_freelist: 9.
num_chunks_taken_from_freelist: 3818.
num_chunk_merges: 9.
num_chunk_splits: 2504.
num_chunks_enlarged: 1576.
num_inconsistent_stats: 0.

CodeHeap 'non-profiled nmethods': size=119168Kb used=2296Kb max_used=2296Kb free=116871Kb
 bounds [0x000001aa25c90000, 0x000001aa25f00000, 0x000001aa2d0f0000]
CodeHeap 'profiled nmethods': size=119104Kb used=8111Kb max_used=8111Kb free=110992Kb
 bounds [0x000001aa1e0f0000, 0x000001aa1e8e0000, 0x000001aa25540000]
CodeHeap 'non-nmethods': size=7488Kb used=3584Kb max_used=3637Kb free=3903Kb
 bounds [0x000001aa25540000, 0x000001aa258e0000, 0x000001aa25c90000]
 total_blobs=4782 nmethods=4094 adapters=588
 compilation: enabled
              stopped_count=0, restarted_count=0
 full_count=0

Compilation events (20 events):
Event: 2.320 Thread 0x000001aa3932b9c0 nmethod 4487 0x000001aa1e8d5b10 code [0x000001aa1e8d5ca0, 0x000001aa1e8d5d98]
Event: 2.320 Thread 0x000001aa38c37910 4489       1       org.gradle.internal.instantiation.generator.AsmBackedClassGenerator$ClassBuilderImpl::access$3600 (5 bytes)
Event: 2.320 Thread 0x000001aa33c05110 4490       3       org.gradle.model.internal.asm.MethodVisitorScope::_INVOKESPECIAL (13 bytes)
Event: 2.320 Thread 0x000001aa38c37910 nmethod 4489 0x000001aa25ec0f90 code [0x000001aa25ec1120, 0x000001aa25ec11d0]
Event: 2.320 Thread 0x000001aa33bd1e80 nmethod 4488 0x000001aa1e8d5e10 code [0x000001aa1e8d5fc0, 0x000001aa1e8d6230]
Event: 2.320 Thread 0x000001aa33c05110 nmethod 4490 0x000001aa1e8d6310 code [0x000001aa1e8d64e0, 0x000001aa1e8d6780]
Event: 2.321 Thread 0x000001aa38c37910 4491       3       java.lang.invoke.Invokers$Holder::invokeExact_MT (24 bytes)
Event: 2.321 Thread 0x000001aa38c37910 nmethod 4491 0x000001aa1e8d6910 code [0x000001aa1e8d6b20, 0x000001aa1e8d7160]
Event: 2.321 Thread 0x000001aa38c37910 4492       3       java.util.AbstractList$Itr::hasNext (20 bytes)
Event: 2.322 Thread 0x000001aa3932b9c0 4493   !   3       java.util.AbstractList$Itr::next (46 bytes)
Event: 2.322 Thread 0x000001aa33bd1e80 4494       3       org.gradle.internal.classpath.DefaultClassPath$ImmutableUniqueList::get (57 bytes)
Event: 2.322 Thread 0x000001aa38c37910 nmethod 4492 0x000001aa1e8d7390 code [0x000001aa1e8d7540, 0x000001aa1e8d7770]
Event: 2.322 Thread 0x000001aa33bd13e0 4495       4       java.util.AbstractList$Itr::checkForComodification (23 bytes)
Event: 2.322 Thread 0x000001aa3932b9c0 nmethod 4493 0x000001aa1e8d7810 code [0x000001aa1e8d7a20, 0x000001aa1e8d8020]
Event: 2.322 Thread 0x000001aa33bd1e80 nmethod 4494 0x000001aa1e8d8290 code [0x000001aa1e8d8500, 0x000001aa1e8d8cd0]
Event: 2.322 Thread 0x000001aa33bd13e0 nmethod 4495 0x000001aa25ec1290 code [0x000001aa25ec1420, 0x000001aa25ec14e0]
Event: 2.323 Thread 0x000001aa3932b9c0 4496       3       java.io.File::getName (42 bytes)
Event: 2.323 Thread 0x000001aa3932b9c0 nmethod 4496 0x000001aa1e8d9090 code [0x000001aa1e8d92e0, 0x000001aa1e8d9b08]
Event: 2.325 Thread 0x000001aa33bd1e80 4497   !   3       java.util.zip.ZipFile$CleanableResource::run (251 bytes)
Event: 2.326 Thread 0x000001aa33bd1e80 nmethod 4497 0x000001aa1e8d9e90 code [0x000001aa1e8da160, 0x000001aa1e8db1d0]

GC Heap History (14 events):
Event: 0.294 GC heap before
{Heap before GC invocations=0 (full 0):
 garbage-first heap   total 258048K, used 26624K [0x0000000080000000, 0x0000000100000000)
  region size 1024K, 23 young (23552K), 0 survivors (0K)
 Metaspace       used 8127K, committed 8256K, reserved 1114112K
  class space    used 733K, committed 768K, reserved 1048576K
}
Event: 0.296 GC heap after
{Heap after GC invocations=1 (full 0):
 garbage-first heap   total 258048K, used 10402K [0x0000000080000000, 0x0000000100000000)
  region size 1024K, 3 young (3072K), 3 survivors (3072K)
 Metaspace       used 8127K, committed 8256K, reserved 1114112K
  class space    used 733K, committed 768K, reserved 1048576K
}
Event: 0.569 GC heap before
{Heap before GC invocations=1 (full 0):
 garbage-first heap   total 258048K, used 41122K [0x0000000080000000, 0x0000000100000000)
  region size 1024K, 33 young (33792K), 3 survivors (3072K)
 Metaspace       used 12128K, committed 12352K, reserved 1114112K
  class space    used 1281K, committed 1408K, reserved 1048576K
}
Event: 0.571 GC heap after
{Heap after GC invocations=2 (full 0):
 garbage-first heap   total 258048K, used 11873K [0x0000000080000000, 0x0000000100000000)
  region size 1024K, 2 young (2048K), 2 survivors (2048K)
 Metaspace       used 12128K, committed 12352K, reserved 1114112K
  class space    used 1281K, committed 1408K, reserved 1048576K
}
Event: 1.090 GC heap before
{Heap before GC invocations=2 (full 0):
 garbage-first heap   total 258048K, used 77409K [0x0000000080000000, 0x0000000100000000)
  region size 1024K, 66 young (67584K), 2 survivors (2048K)
 Metaspace       used 21209K, committed 21504K, reserved 1114112K
  class space    used 2457K, committed 2624K, reserved 1048576K
}
Event: 1.094 GC heap after
{Heap after GC invocations=3 (full 0):
 garbage-first heap   total 258048K, used 20700K [0x0000000080000000, 0x0000000100000000)
  region size 1024K, 10 young (10240K), 10 survivors (10240K)
 Metaspace       used 21209K, committed 21504K, reserved 1114112K
  class space    used 2457K, committed 2624K, reserved 1048576K
}
Event: 1.531 GC heap before
{Heap before GC invocations=4 (full 0):
 garbage-first heap   total 78848K, used 75996K [0x0000000080000000, 0x0000000100000000)
  region size 1024K, 65 young (66560K), 10 survivors (10240K)
 Metaspace       used 30376K, committed 30976K, reserved 1114112K
  class space    used 3940K, committed 4224K, reserved 1048576K
}
Event: 1.536 GC heap after
{Heap after GC invocations=5 (full 0):
 garbage-first heap   total 92160K, used 24168K [0x0000000080000000, 0x0000000100000000)
  region size 1024K, 13 young (13312K), 13 survivors (13312K)
 Metaspace       used 30376K, committed 30976K, reserved 1114112K
  class space    used 3940K, committed 4224K, reserved 1048576K
}
Event: 1.802 GC heap before
{Heap before GC invocations=5 (full 0):
 garbage-first heap   total 92160K, used 60008K [0x0000000080000000, 0x0000000100000000)
  region size 1024K, 50 young (51200K), 13 survivors (13312K)
 Metaspace       used 35361K, committed 36160K, reserved 1114112K
  class space    used 4762K, committed 5184K, reserved 1048576K
}
Event: 1.806 GC heap after
{Heap after GC invocations=6 (full 0):
 garbage-first heap   total 92160K, used 26656K [0x0000000080000000, 0x0000000100000000)
  region size 1024K, 6 young (6144K), 6 survivors (6144K)
 Metaspace       used 35361K, committed 36160K, reserved 1114112K
  class space    used 4762K, committed 5184K, reserved 1048576K
}
Event: 1.823 GC heap before
{Heap before GC invocations=6 (full 0):
 garbage-first heap   total 92160K, used 28704K [0x0000000080000000, 0x0000000100000000)
  region size 1024K, 9 young (9216K), 6 survivors (6144K)
 Metaspace       used 35661K, committed 36480K, reserved 1114112K
  class space    used 4829K, committed 5248K, reserved 1048576K
}
Event: 1.825 GC heap after
{Heap after GC invocations=7 (full 0):
 garbage-first heap   total 92160K, used 26993K [0x0000000080000000, 0x0000000100000000)
  region size 1024K, 3 young (3072K), 3 survivors (3072K)
 Metaspace       used 35661K, committed 36480K, reserved 1114112K
  class space    used 4829K, committed 5248K, reserved 1048576K
}
Event: 2.138 GC heap before
{Heap before GC invocations=8 (full 0):
 garbage-first heap   total 92160K, used 74097K [0x0000000080000000, 0x0000000100000000)
  region size 1024K, 50 young (51200K), 3 survivors (3072K)
 Metaspace       used 44413K, committed 45504K, reserved 1114112K
  class space    used 5999K, committed 6528K, reserved 1048576K
}
Event: 2.140 GC heap after
{Heap after GC invocations=9 (full 0):
 garbage-first heap   total 145408K, used 31017K [0x0000000080000000, 0x0000000100000000)
  region size 1024K, 7 young (7168K), 7 survivors (7168K)
 Metaspace       used 44413K, committed 45504K, reserved 1114112K
  class space    used 5999K, committed 6528K, reserved 1048576K
}

Dll operation events (3 events):
Event: 0.004 Loaded shared library C:\Program Files\Android\Android Studio3\jbr\bin\java.dll
Event: 0.007 Loaded shared library C:\Program Files\Android\Android Studio3\jbr\bin\zip.dll
Event: 0.291 Loaded shared library C:\Program Files\Android\Android Studio3\jbr\bin\verify.dll

Deoptimization events (20 events):
Event: 2.181 Thread 0x000001aa39d5a660 Uncommon trap: trap_request=0xffffff45 fr.pc=0x000001aa25d9cd18 relative=0x00000000000000f8
Event: 2.181 Thread 0x000001aa39d5a660 Uncommon trap: reason=unstable_if action=reinterpret pc=0x000001aa25d9cd18 method=java.lang.ClassLoader.getClassLoadingLock(Ljava/lang/String;)Ljava/lang/Object; @ 6 c2
Event: 2.181 Thread 0x000001aa39d5a660 DEOPT PACKING pc=0x000001aa25d9cd18 sp=0x0000001c84df8c90
Event: 2.181 Thread 0x000001aa39d5a660 DEOPT UNPACKING pc=0x000001aa255946a2 sp=0x0000001c84df8c20 mode 2
Event: 2.182 Thread 0x000001aa39d5a660 Uncommon trap: trap_request=0xffffff6e fr.pc=0x000001aa25e915dc relative=0x000000000000081c
Event: 2.182 Thread 0x000001aa39d5a660 Uncommon trap: reason=loop_limit_check action=maybe_recompile pc=0x000001aa25e915dc method=java.util.regex.Pattern$Start.match(Ljava/util/regex/Matcher;ILjava/lang/CharSequence;)Z @ 34 c2
Event: 2.182 Thread 0x000001aa39d5a660 DEOPT PACKING pc=0x000001aa25e915dc sp=0x0000001c84df8a10
Event: 2.182 Thread 0x000001aa39d5a660 DEOPT UNPACKING pc=0x000001aa255946a2 sp=0x0000001c84df8960 mode 2
Event: 2.201 Thread 0x000001aa39d5a660 DEOPT PACKING pc=0x000001aa1e889180 sp=0x0000001c84df8760
Event: 2.201 Thread 0x000001aa39d5a660 DEOPT UNPACKING pc=0x000001aa25594e42 sp=0x0000001c84df7c50 mode 0
Event: 2.323 Thread 0x000001aa39d5a660 DEOPT PACKING pc=0x000001aa1e597ace sp=0x0000001c84df92d0
Event: 2.323 Thread 0x000001aa39d5a660 DEOPT UNPACKING pc=0x000001aa25594e42 sp=0x0000001c84df87b8 mode 0
Event: 2.323 Thread 0x000001aa39d5a660 Uncommon trap: trap_request=0xffffffcc fr.pc=0x000001aa25ebd818 relative=0x0000000000000158
Event: 2.323 Thread 0x000001aa39d5a660 Uncommon trap: reason=intrinsic_or_type_checked_inlining action=make_not_entrant pc=0x000001aa25ebd818 method=java.util.ArrayList$SubList.toArray([Ljava/lang/Object;)[Ljava/lang/Object; @ 58 c2
Event: 2.323 Thread 0x000001aa39d5a660 DEOPT PACKING pc=0x000001aa25ebd818 sp=0x0000001c84df9290
Event: 2.323 Thread 0x000001aa39d5a660 DEOPT UNPACKING pc=0x000001aa255946a2 sp=0x0000001c84df9230 mode 2
Event: 2.324 Thread 0x000001aa39d5a660 DEOPT PACKING pc=0x000001aa1e6c2036 sp=0x0000001c84df8be0
Event: 2.324 Thread 0x000001aa39d5a660 DEOPT UNPACKING pc=0x000001aa25594e42 sp=0x0000001c84df8128 mode 0
Event: 2.326 Thread 0x000001aa39d5a660 DEOPT PACKING pc=0x000001aa1e597ace sp=0x0000001c84df90e0
Event: 2.326 Thread 0x000001aa39d5a660 DEOPT UNPACKING pc=0x000001aa25594e42 sp=0x0000001c84df85c8 mode 0

Classes loaded (20 events):
Event: 2.186 Loading class java/util/function/BooleanSupplier
Event: 2.186 Loading class java/util/function/BooleanSupplier done
Event: 2.186 Loading class jdk/internal/jimage/ImageReader$Resource
Event: 2.186 Loading class jdk/internal/jimage/ImageReader$Resource done
Event: 2.231 Loading class java/util/WeakHashMap$KeyIterator
Event: 2.231 Loading class java/util/WeakHashMap$HashIterator
Event: 2.231 Loading class java/util/WeakHashMap$HashIterator done
Event: 2.231 Loading class java/util/WeakHashMap$KeyIterator done
Event: 2.243 Loading class java/lang/ThreadLocal$SuppliedThreadLocal
Event: 2.243 Loading class java/lang/ThreadLocal$SuppliedThreadLocal done
Event: 2.254 Loading class sun/nio/fs/WindowsPath$1
Event: 2.254 Loading class sun/nio/fs/WindowsPath$1 done
Event: 2.254 Loading class sun/nio/fs/WindowsException
Event: 2.254 Loading class sun/nio/fs/WindowsException done
Event: 2.278 Loading class java/util/Collections$SynchronizedRandomAccessList
Event: 2.278 Loading class java/util/Collections$SynchronizedList
Event: 2.278 Loading class java/util/Collections$SynchronizedList done
Event: 2.278 Loading class java/util/Collections$SynchronizedRandomAccessList done
Event: 2.297 Loading class java/util/regex/Pattern$Pos
Event: 2.297 Loading class java/util/regex/Pattern$Pos done

Classes unloaded (0 events):
No events

Classes redefined (0 events):
No events

Internal exceptions (20 events):
Event: 2.119 Thread 0x000001aa39d5a660 Exception <a 'java/lang/ClassNotFoundException'{0x0000000082bfdd98}: groovy/lang/ExpandoMetaClassBeanInfo> (0x0000000082bfdd98) 
thrown [s\src\hotspot\share\classfile\systemDictionary.cpp, line 312]
Event: 2.120 Thread 0x000001aa39d5a660 Exception <a 'java/lang/ClassNotFoundException'{0x0000000082a06408}: groovy/lang/MetaClassImplBeanInfo> (0x0000000082a06408) 
thrown [s\src\hotspot\share\classfile\systemDictionary.cpp, line 312]
Event: 2.120 Thread 0x000001aa39d5a660 Exception <a 'java/lang/ClassNotFoundException'{0x0000000082a0ac90}: java/lang/ObjectBeanInfo> (0x0000000082a0ac90) 
thrown [s\src\hotspot\share\classfile\systemDictionary.cpp, line 312]
Event: 2.120 Thread 0x000001aa39d5a660 Exception <a 'java/lang/ClassNotFoundException'{0x0000000082a10558}: java/lang/ObjectCustomizer> (0x0000000082a10558) 
thrown [s\src\hotspot\share\classfile\systemDictionary.cpp, line 312]
Event: 2.121 Thread 0x000001aa39d5a660 Exception <a 'java/lang/IncompatibleClassChangeError'{0x0000000082a1e828}: Found class java.lang.Object, but interface was expected> (0x0000000082a1e828) 
thrown [s\src\hotspot\share\interpreter\linkResolver.cpp, line 851]
Event: 2.123 Thread 0x000001aa39d5a660 Exception <a 'java/lang/ClassNotFoundException'{0x0000000082a38340}: groovy/lang/MetaClassImplCustomizer> (0x0000000082a38340) 
thrown [s\src\hotspot\share\classfile\systemDictionary.cpp, line 312]
Event: 2.124 Thread 0x000001aa39d5a660 Exception <a 'java/lang/ClassNotFoundException'{0x0000000082a60040}: groovy/lang/ExpandoMetaClassCustomizer> (0x0000000082a60040) 
thrown [s\src\hotspot\share\classfile\systemDictionary.cpp, line 312]
Event: 2.235 Thread 0x000001aa39d5a660 Exception <a 'java/lang/ClassNotFoundException'{0x00000000876a3df0}: org/gradle/internal/extensibility/DefaultExtraPropertiesExtensionBeanInfo> (0x00000000876a3df0) 
thrown [s\src\hotspot\share\classfile\systemDictionary.cpp, line 312]
Event: 2.235 Thread 0x000001aa39d5a660 Exception <a 'java/lang/ClassNotFoundException'{0x00000000876abfb8}: groovy/lang/GroovyObjectSupportBeanInfo> (0x00000000876abfb8) 
thrown [s\src\hotspot\share\classfile\systemDictionary.cpp, line 312]
Event: 2.236 Thread 0x000001aa39d5a660 Exception <a 'java/lang/ClassNotFoundException'{0x00000000876b4188}: groovy/lang/GroovyObjectSupportCustomizer> (0x00000000876b4188) 
thrown [s\src\hotspot\share\classfile\systemDictionary.cpp, line 312]
Event: 2.238 Thread 0x000001aa39d5a660 Exception <a 'java/lang/ClassNotFoundException'{0x00000000876cddb8}: org/gradle/internal/extensibility/DefaultExtraPropertiesExtensionCustomizer> (0x00000000876cddb8) 
thrown [s\src\hotspot\share\classfile\systemDictionary.cpp, line 312]
Event: 2.240 Thread 0x000001aa39d5a660 Exception <a 'java/lang/IncompatibleClassChangeError'{0x00000000876e8cc8}: Found class java.lang.Object, but interface was expected> (0x00000000876e8cc8) 
thrown [s\src\hotspot\share\interpreter\linkResolver.cpp, line 851]
Event: 2.254 Thread 0x000001aa39d5a660 Exception <a 'sun/nio/fs/WindowsException'{0x00000000875b82a0}> (0x00000000875b82a0) 
thrown [s\src\hotspot\share\prims\jni.cpp, line 535]
Event: 2.255 Thread 0x000001aa39d5a660 Exception <a 'sun/nio/fs/WindowsException'{0x00000000875b97b0}> (0x00000000875b97b0) 
thrown [s\src\hotspot\share\prims\jni.cpp, line 535]
Event: 2.255 Thread 0x000001aa39d5a660 Exception <a 'sun/nio/fs/WindowsException'{0x00000000875bac70}> (0x00000000875bac70) 
thrown [s\src\hotspot\share\prims\jni.cpp, line 535]
Event: 2.256 Thread 0x000001aa39d5a660 Exception <a 'sun/nio/fs/WindowsException'{0x00000000875bc150}> (0x00000000875bc150) 
thrown [s\src\hotspot\share\prims\jni.cpp, line 535]
Event: 2.270 Thread 0x000001aa39d5a660 Exception <a 'java/lang/NoSuchMethodError'{0x00000000874f1ce0}: 'java.lang.Object java.lang.invoke.Invokers$Holder.invoker(java.lang.Object, java.lang.Object, java.lang.Object, java.lang.Object, java.lang.Object, java.lang.Object)'> (0x00000000874f1ce0) 
thrown [s\src\hotspot\share\interpreter\linkResolver.cpp, line 784]
Event: 2.283 Thread 0x000001aa39d5a660 Exception <a 'java/lang/NoSuchMethodError'{0x00000000873c8908}: 'java.lang.Object java.lang.invoke.Invokers$Holder.invoker(java.lang.Object, java.lang.Object, java.lang.Object, java.lang.Object, java.lang.Object)'> (0x00000000873c8908) 
thrown [s\src\hotspot\share\interpreter\linkResolver.cpp, line 784]
Event: 2.285 Thread 0x000001aa39d5a660 Exception <a 'java/lang/NoSuchMethodError'{0x00000000873e85e8}: 'java.lang.Object java.lang.invoke.Invokers$Holder.invoker(java.lang.Object, java.lang.Object, java.lang.Object, java.lang.Object, java.lang.Object, java.lang.Object, java.lang.Object, java.lang.Object, java.lang.Object, java.lang.Object, java.lang.Object, java.lang.Object, java.lang.Object, java.lang.Object, java.lang.Object, java.lang.Object, java.lang.Object, java.lang.Object, java.lang.Object, java.lang.Object, java.lang.Object, java.lang.
Event: 2.285 Thread 0x000001aa39d5a660 Exception <a 'java/lang/NoSuchMethodError'{0x00000000873eeb98}: 'java.lang.Object java.lang.invoke.DelegatingMethodHandle$Holder.delegate(java.lang.Object, java.lang.Object, java.lang.Object, java.lang.Object, java.lang.Object, java.lang.Object, java.lang.Object, java.lang.Object, java.lang.Object, java.lang.Object, java.lang.Object, java.lang.Object, java.lang.Object, java.lang.Object, java.lang.Object, java.lang.Object, java.lang.Object, java.lang.Object, java.lang.Object, java.lang.Object, java.lang.Obj

ZGC Phase Switch (0 events):
No events

VM Operations (20 events):
Event: 2.101 Executing VM operation: HandshakeAllThreads (Deoptimize)
Event: 2.101 Executing VM operation: HandshakeAllThreads (Deoptimize) done
Event: 2.138 Executing VM operation: G1CollectForAllocation (G1 Evacuation Pause)
Event: 2.140 Executing VM operation: G1CollectForAllocation (G1 Evacuation Pause) done
Event: 2.150 Executing VM operation: HandshakeAllThreads (Deoptimize)
Event: 2.150 Executing VM operation: HandshakeAllThreads (Deoptimize) done
Event: 2.150 Executing VM operation: HandshakeAllThreads (Deoptimize)
Event: 2.150 Executing VM operation: HandshakeAllThreads (Deoptimize) done
Event: 2.153 Executing VM operation: HandshakeAllThreads (Deoptimize)
Event: 2.153 Executing VM operation: HandshakeAllThreads (Deoptimize) done
Event: 2.155 Executing VM operation: HandshakeAllThreads (Deoptimize)
Event: 2.155 Executing VM operation: HandshakeAllThreads (Deoptimize) done
Event: 2.159 Executing VM operation: HandshakeAllThreads (Deoptimize)
Event: 2.159 Executing VM operation: HandshakeAllThreads (Deoptimize) done
Event: 2.185 Executing VM operation: HandshakeAllThreads (Deoptimize)
Event: 2.185 Executing VM operation: HandshakeAllThreads (Deoptimize) done
Event: 2.255 Executing VM operation: HandshakeAllThreads (Deoptimize)
Event: 2.255 Executing VM operation: HandshakeAllThreads (Deoptimize) done
Event: 2.323 Executing VM operation: ICBufferFull
Event: 2.323 Executing VM operation: ICBufferFull done

Events (20 events):
Event: 1.831 Thread 0x000001aa33b0d2e0 flushing nmethod 0x000001aa25cc1f10
Event: 1.831 Thread 0x000001aa33b0d2e0 flushing nmethod 0x000001aa25cc1c10
Event: 1.831 Thread 0x000001aa33b0d2e0 flushing nmethod 0x000001aa25cbbe10
Event: 1.831 Thread 0x000001aa33b0d2e0 flushing nmethod 0x000001aa25cba810
Event: 1.831 Thread 0x000001aa33b0d2e0 flushing nmethod 0x000001aa25cc2c10
Event: 1.831 Thread 0x000001aa33b0d2e0 flushing nmethod 0x000001aa25cad090
Event: 1.831 Thread 0x000001aa33b0d2e0 flushing nmethod 0x000001aa25cb9790
Event: 1.831 Thread 0x000001aa33b0d2e0 flushing nmethod 0x000001aa25cb8b10
Event: 1.831 Thread 0x000001aa33b0d2e0 flushing nmethod 0x000001aa25cb6990
Event: 1.831 Thread 0x000001aa33b0d2e0 flushing nmethod 0x000001aa25cb0c10
Event: 1.831 Thread 0x000001aa33b0d2e0 flushing nmethod 0x000001aa25c9de10
Event: 1.831 Thread 0x000001aa33b0d2e0 flushing nmethod 0x000001aa25c9c410
Event: 1.831 Thread 0x000001aa33b0d2e0 flushing nmethod 0x000001aa25cae010
Event: 1.831 Thread 0x000001aa33b0d2e0 flushing nmethod 0x000001aa25caa710
Event: 1.831 Thread 0x000001aa33b0d2e0 flushing nmethod 0x000001aa25ca4890
Event: 1.831 Thread 0x000001aa33b0d2e0 flushing nmethod 0x000001aa25c99990
Event: 1.831 Thread 0x000001aa33b0d2e0 flushing nmethod 0x000001aa25c99090
Event: 1.891 Thread 0x000001aa3cdc33f0 Thread added: 0x000001aa3cdc33f0
Event: 1.949 Thread 0x000001aa3cdc5b50 Thread added: 0x000001aa3cdc5b50
Event: 2.232 Thread 0x000001aa3a1927b0 Thread added: 0x000001aa3a1927b0


Dynamic libraries:
0x00007ff77d1e0000 - 0x00007ff77d1ea000 	C:\Program Files\Android\Android Studio3\jbr\bin\java.exe
0x00007ffd8a490000 - 0x00007ffd8a6a7000 	C:\WINDOWS\SYSTEM32\ntdll.dll
0x00007ffd89de0000 - 0x00007ffd89ea4000 	C:\WINDOWS\System32\KERNEL32.DLL
0x00007ffd87c80000 - 0x00007ffd88039000 	C:\WINDOWS\System32\KERNELBASE.dll
0x00007ffd87b60000 - 0x00007ffd87c71000 	C:\WINDOWS\System32\ucrtbase.dll
0x00007ffd6b090000 - 0x00007ffd6b0a8000 	C:\Program Files\Android\Android Studio3\jbr\bin\jli.dll
0x00007ffd80600000 - 0x00007ffd8061b000 	C:\Program Files\Android\Android Studio3\jbr\bin\VCRUNTIME140.dll
0x00007ffd88a10000 - 0x00007ffd88bbe000 	C:\WINDOWS\System32\USER32.dll
0x00007ffd87a90000 - 0x00007ffd87ab6000 	C:\WINDOWS\System32\win32u.dll
0x00007ffd89190000 - 0x00007ffd891b9000 	C:\WINDOWS\System32\GDI32.dll
0x00007ffd6e5d0000 - 0x00007ffd6e862000 	C:\WINDOWS\WinSxS\amd64_microsoft.windows.common-controls_6595b64144ccf1df_6.0.22621.4391_none_2715d37f73803e96\COMCTL32.dll
0x00007ffd87880000 - 0x00007ffd8799b000 	C:\WINDOWS\System32\gdi32full.dll
0x00007ffd88320000 - 0x00007ffd883c7000 	C:\WINDOWS\System32\msvcrt.dll
0x00007ffd87ac0000 - 0x00007ffd87b5a000 	C:\WINDOWS\System32\msvcp_win.dll
0x00007ffd88bc0000 - 0x00007ffd88bf1000 	C:\WINDOWS\System32\IMM32.DLL
0x00007ffd83040000 - 0x00007ffd8304c000 	C:\Program Files\Android\Android Studio3\jbr\bin\vcruntime140_1.dll
0x00007ffd3bfd0000 - 0x00007ffd3c05d000 	C:\Program Files\Android\Android Studio3\jbr\bin\msvcp140.dll
0x00007ffd38600000 - 0x00007ffd3927d000 	C:\Program Files\Android\Android Studio3\jbr\bin\server\jvm.dll
0x00007ffd89ec0000 - 0x00007ffd89f72000 	C:\WINDOWS\System32\ADVAPI32.dll
0x00007ffd888e0000 - 0x00007ffd88987000 	C:\WINDOWS\System32\sechost.dll
0x00007ffd87790000 - 0x00007ffd877b8000 	C:\WINDOWS\System32\bcrypt.dll
0x00007ffd8a230000 - 0x00007ffd8a344000 	C:\WINDOWS\System32\RPCRT4.dll
0x00007ffd88990000 - 0x00007ffd88a01000 	C:\WINDOWS\System32\WS2_32.dll
0x00007ffd865e0000 - 0x00007ffd8662d000 	C:\WINDOWS\SYSTEM32\POWRPROF.dll
0x00007ffd7f950000 - 0x00007ffd7f984000 	C:\WINDOWS\SYSTEM32\WINMM.dll
0x00007ffd7e8a0000 - 0x00007ffd7e8aa000 	C:\WINDOWS\SYSTEM32\VERSION.dll
0x00007ffd865c0000 - 0x00007ffd865d3000 	C:\WINDOWS\SYSTEM32\UMPDC.dll
0x00007ffd86820000 - 0x00007ffd86838000 	C:\WINDOWS\SYSTEM32\kernel.appcore.dll
0x00007ffd82b80000 - 0x00007ffd82b8a000 	C:\Program Files\Android\Android Studio3\jbr\bin\jimage.dll
0x00007ffd84cf0000 - 0x00007ffd84f22000 	C:\WINDOWS\SYSTEM32\DBGHELP.DLL
0x00007ffd883e0000 - 0x00007ffd8876f000 	C:\WINDOWS\System32\combase.dll
0x00007ffd891c0000 - 0x00007ffd89297000 	C:\WINDOWS\System32\OLEAUT32.dll
0x00007ffd6f070000 - 0x00007ffd6f0a2000 	C:\WINDOWS\SYSTEM32\dbgcore.DLL
0x00007ffd87a10000 - 0x00007ffd87a8b000 	C:\WINDOWS\System32\bcryptPrimitives.dll
0x00007ffd71cf0000 - 0x00007ffd71cfe000 	C:\Program Files\Android\Android Studio3\jbr\bin\instrument.dll
0x00007ffd80540000 - 0x00007ffd8055f000 	C:\Program Files\Android\Android Studio3\jbr\bin\java.dll
0x00007ffd7df80000 - 0x00007ffd7df98000 	C:\Program Files\Android\Android Studio3\jbr\bin\zip.dll
0x00007ffd89460000 - 0x00007ffd89cd6000 	C:\WINDOWS\System32\SHELL32.dll
0x00007ffd85690000 - 0x00007ffd85f93000 	C:\WINDOWS\SYSTEM32\windows.storage.dll
0x00007ffd85550000 - 0x00007ffd8568f000 	C:\WINDOWS\SYSTEM32\wintypes.dll
0x00007ffd89ce0000 - 0x00007ffd89dd9000 	C:\WINDOWS\System32\SHCORE.dll
0x00007ffd8a1d0000 - 0x00007ffd8a22e000 	C:\WINDOWS\System32\shlwapi.dll
0x00007ffd876c0000 - 0x00007ffd876eb000 	C:\WINDOWS\SYSTEM32\profapi.dll
0x00007ffd82b50000 - 0x00007ffd82b60000 	C:\Program Files\Android\Android Studio3\jbr\bin\net.dll
0x00007ffd7fb80000 - 0x00007ffd7fcb6000 	C:\WINDOWS\SYSTEM32\WINHTTP.dll
0x00007ffd86d00000 - 0x00007ffd86d69000 	C:\WINDOWS\system32\mswsock.dll
0x00007ffd7dd10000 - 0x00007ffd7dd26000 	C:\Program Files\Android\Android Studio3\jbr\bin\nio.dll
0x00007ffd7dc00000 - 0x00007ffd7dc10000 	C:\Program Files\Android\Android Studio3\jbr\bin\verify.dll
0x00007ffd6ace0000 - 0x00007ffd6ad07000 	C:\Users\User\.gradle\native\c067742578af261105cb4f569cf0c3c89f3d7b1fecec35dd04571415982c5e48\windows-amd64\native-platform.dll
0x00007ffcf6c00000 - 0x00007ffcf6d44000 	C:\Users\User\.gradle\native\100fb08df4bc3b14c8652ba06237920a3bd2aa13389f12d3474272988ae205f9\windows-amd64\native-platform-file-events.dll
0x00007ffd7f470000 - 0x00007ffd7f479000 	C:\Program Files\Android\Android Studio3\jbr\bin\management.dll
0x00007ffd7e000000 - 0x00007ffd7e00b000 	C:\Program Files\Android\Android Studio3\jbr\bin\management_ext.dll
0x00007ffd883d0000 - 0x00007ffd883d8000 	C:\WINDOWS\System32\PSAPI.DLL
0x00007ffd86f70000 - 0x00007ffd86f8b000 	C:\WINDOWS\SYSTEM32\CRYPTSP.dll
0x00007ffd867e0000 - 0x00007ffd86815000 	C:\WINDOWS\system32\rsaenh.dll
0x00007ffd86de0000 - 0x00007ffd86e08000 	C:\WINDOWS\SYSTEM32\USERENV.dll
0x00007ffd86f90000 - 0x00007ffd86f9c000 	C:\WINDOWS\SYSTEM32\CRYPTBASE.dll
0x00007ffd86270000 - 0x00007ffd8629d000 	C:\WINDOWS\SYSTEM32\IPHLPAPI.DLL
0x00007ffd89450000 - 0x00007ffd89459000 	C:\WINDOWS\System32\NSI.dll
0x00007ffd802a0000 - 0x00007ffd802a9000 	C:\Program Files\Android\Android Studio3\jbr\bin\extnet.dll
0x00007ffd51530000 - 0x00007ffd51538000 	C:\WINDOWS\system32\wshunix.dll

dbghelp: loaded successfully - version: 4.0.5 - missing functions: none
symbol engine: initialized successfully - sym options: 0x614 - pdb path: .;C:\Program Files\Android\Android Studio3\jbr\bin;C:\WINDOWS\SYSTEM32;C:\WINDOWS\WinSxS\amd64_microsoft.windows.common-controls_6595b64144ccf1df_6.0.22621.4391_none_2715d37f73803e96;C:\Program Files\Android\Android Studio3\jbr\bin\server;C:\Users\User\.gradle\native\c067742578af261105cb4f569cf0c3c89f3d7b1fecec35dd04571415982c5e48\windows-amd64;C:\Users\User\.gradle\native\100fb08df4bc3b14c8652ba06237920a3bd2aa13389f12d3474272988ae205f9\windows-amd64

VM Arguments:
jvm_args: --add-opens=java.base/java.util=ALL-UNNAMED --add-opens=java.base/java.lang=ALL-UNNAMED --add-opens=java.base/java.lang.invoke=ALL-UNNAMED --add-opens=java.prefs/java.util.prefs=ALL-UNNAMED --add-exports=jdk.compiler/com.sun.tools.javac.api=ALL-UNNAMED --add-exports=jdk.compiler/com.sun.tools.javac.util=ALL-UNNAMED --add-opens=java.base/java.nio.charset=ALL-UNNAMED --add-opens=java.base/java.net=ALL-UNNAMED --add-opens=java.base/java.util.concurrent.atomic=ALL-UNNAMED -Xmx2048m -Dfile.encoding=UTF-8 -Duser.country=MY -Duser.language=en -Duser.variant -javaagent:C:\Users\User\.gradle\wrapper\dists\gradle-8.9-all\6m0mbzute7p0zdleavqlib88a\gradle-8.9\lib\agents\gradle-instrumentation-agent-8.9.jar 
java_command: org.gradle.launcher.daemon.bootstrap.GradleDaemon 8.9
java_class_path (initial): C:\Users\User\.gradle\wrapper\dists\gradle-8.9-all\6m0mbzute7p0zdleavqlib88a\gradle-8.9\lib\gradle-daemon-main-8.9.jar
Launcher Type: SUN_STANDARD

[Global flags]
     intx CICompilerCount                          = 12                                        {product} {ergonomic}
     uint ConcGCThreads                            = 3                                         {product} {ergonomic}
     uint G1ConcRefinementThreads                  = 13                                        {product} {ergonomic}
   size_t G1HeapRegionSize                         = 1048576                                   {product} {ergonomic}
    uintx GCDrainStackTargetSize                   = 64                                        {product} {ergonomic}
   size_t InitialHeapSize                          = 264241152                                 {product} {ergonomic}
   size_t MarkStackSize                            = 4194304                                   {product} {ergonomic}
   size_t MaxHeapSize                              = 2147483648                                {product} {command line}
   size_t MaxNewSize                               = 1287651328                                {product} {ergonomic}
   size_t MinHeapDeltaBytes                        = 1048576                                   {product} {ergonomic}
   size_t MinHeapSize                              = 8388608                                   {product} {ergonomic}
    uintx NonNMethodCodeHeapSize                   = 7602480                                {pd product} {ergonomic}
    uintx NonProfiledCodeHeapSize                  = 122027880                              {pd product} {ergonomic}
    uintx ProfiledCodeHeapSize                     = 122027880                              {pd product} {ergonomic}
    uintx ReservedCodeCacheSize                    = 251658240                              {pd product} {ergonomic}
     bool SegmentedCodeCache                       = true                                      {product} {ergonomic}
   size_t SoftMaxHeapSize                          = 2147483648                             {manageable} {ergonomic}
     bool UseCompressedOops                        = true                           {product lp64_product} {ergonomic}
     bool UseG1GC                                  = true                                      {product} {ergonomic}
     bool UseLargePagesIndividualAllocation        = false                                  {pd product} {ergonomic}

Logging:
Log output configuration:
 #0: stdout all=warning uptime,level,tags foldmultilines=false
 #1: stderr all=off uptime,level,tags foldmultilines=false

Environment Variables:
PATH=C:\Program Files\Common Files\Oracle\Java\javapath;C:\Windows\system32;C:\Windows;C:\Windows\System32\Wbem;C:\Windows\System32\WindowsPowerShell\v1.0\;C:\Windows\System32\OpenSSH\;C:\Program Files (x86)\NVIDIA Corporation\PhysX\Common;C:\WINDOWS\system32;C:\WINDOWS;C:\WINDOWS\System32\Wbem;C:\WINDOWS\System32\WindowsPowerShell\v1.0\;C:\WINDOWS\System32\OpenSSH\;C:\Program Files\Git\cmd;C:\Program Files\nodejs\;C:\flutter\src\flutter\bin;;C:\Program Files\NVIDIA Corporation\NVIDIA app\NvDLISR;C:\Users\User\AppData\Local\Programs\Python\Python312\Scripts\;C:\Users\User\AppData\Local\Programs\Python\Python312\;C:\Users\User\AppData\Local\Microsoft\WindowsApps;C:\Users\User\AppData\Local\Programs\Microsoft VS Code\bin;C:\Users\User\AppData\Roaming\npm
USERNAME=User
OS=Windows_NT
PROCESSOR_IDENTIFIER=Intel64 Family 6 Model 154 Stepping 3, GenuineIntel
TMP=C:\Users\User\AppData\Local\Temp
TEMP=C:\Users\User\AppData\Local\Temp




Periodic native trim disabled

JNI global refs:
JNI global refs: 34, weak refs: 0

JNI global refs memory usage: 835, weak refs: 833

Process memory usage:
Resident Set Size: 331536K (2% of 16474168K total physical memory with 2560972K free physical memory)

OOME stack traces (most recent first):
Classloader memory used:
Loader bootstrap                                                                       : 20901K
Loader org.gradle.internal.classloader.VisitableURLClassLoader                         : 20555K
Loader org.gradle.initialization.MixInLegacyTypesClassLoader                           : 4226K
Loader jdk.internal.loader.ClassLoaders$PlatformClassLoader                            : 523K
Loader jdk.internal.loader.ClassLoaders$AppClassLoader                                 : 230K

Classes loaded by more than one classloader:
Class org.gradle.internal.classloader.FilteringClassLoader                            : loaded 2 times (x 102B)
Class org.gradle.internal.classloader.ClassLoaderHierarchy                            : loaded 2 times (x 67B)
Class org.gradle.api.internal.classpath.ManifestUtil                                  : loaded 2 times (x 68B)
Class org.gradle.internal.classloader.DefaultClassLoaderFactory                       : loaded 2 times (x 79B)
Class org.gradle.internal.classloader.ClassLoaderVisitor                              : loaded 2 times (x 73B)
Class org.gradle.api.internal.classpath.EffectiveClassPath                            : loaded 2 times (x 87B)
Class org.gradle.api.internal.DefaultClassPathProvider                                : loaded 2 times (x 73B)
Class [Lorg.gradle.api.internal.ClassPathProvider;                                    : loaded 2 times (x 66B)
Class org.gradle.api.internal.ClassPathProvider                                       : loaded 2 times (x 67B)
Class org.gradle.internal.service.UnknownServiceException                             : loaded 2 times (x 80B)
Class org.gradle.internal.classpath.TransformedClassPath                              : loaded 2 times (x 93B)
Class org.gradle.internal.service.ServiceLocator                                      : loaded 2 times (x 67B)
Class org.gradle.internal.InternalTransformer                                         : loaded 2 times (x 67B)
Class org.gradle.internal.classloader.ClasspathUtil$1                                 : loaded 2 times (x 73B)
Class org.gradle.api.internal.classpath.DefaultModuleRegistry$DefaultModule           : loaded 2 times (x 83B)
Class org.gradle.api.internal.classpath.Module                                        : loaded 2 times (x 67B)
Class org.gradle.api.internal.classpath.UnknownModuleException                        : loaded 2 times (x 79B)
Class org.gradle.api.internal.DefaultClassPathRegistry                                : loaded 2 times (x 73B)
Class org.gradle.api.internal.ClassPathRegistry                                       : loaded 2 times (x 67B)
Class org.gradle.internal.classpath.DefaultClassPath$ImmutableUniqueList              : loaded 2 times (x 196B)
Class org.gradle.internal.classpath.ClassPath                                         : loaded 2 times (x 67B)
Class org.gradle.api.UncheckedIOException                                             : loaded 2 times (x 79B)
Class org.gradle.internal.installation.GradleInstallation$1                           : loaded 2 times (x 72B)
Class org.gradle.api.internal.classpath.ModuleRegistry                                : loaded 2 times (x 67B)
Class org.gradle.api.internal.classpath.DefaultModuleRegistry                         : loaded 2 times (x 80B)
Class org.gradle.internal.service.ServiceLookupException                              : loaded 2 times (x 79B)
Class org.gradle.internal.classloader.ClassLoaderFactory                              : loaded 2 times (x 67B)
Class org.gradle.internal.service.CachingServiceLocator                               : loaded 2 times (x 79B)
Class org.gradle.internal.classloader.ClasspathUtil                                   : loaded 2 times (x 68B)
Class org.gradle.api.specs.Spec                                                       : loaded 2 times (x 67B)
Class org.gradle.internal.classloader.VisitableURLClassLoader$InstrumentingVisitableURLClassLoader: loaded 2 times (x 120B)
Class org.gradle.internal.classloader.VisitableURLClassLoader$Spec                    : loaded 2 times (x 71B)
Class org.gradle.internal.classpath.DefaultClassPath                                  : loaded 2 times (x 87B)
Class org.gradle.internal.classloader.ClassLoaderSpec                                 : loaded 2 times (x 68B)
Class org.gradle.internal.classloader.VisitableURLClassLoader                         : loaded 2 times (x 114B)
Class org.gradle.internal.Cast                                                        : loaded 2 times (x 68B)
Class org.gradle.api.Action                                                           : loaded 2 times (x 67B)
Class org.gradle.internal.agents.InstrumentingClassLoader                             : loaded 2 times (x 67B)
Class org.gradle.internal.classpath.DefaultClassPath$ImmutableUniqueList$Builder      : loaded 2 times (x 72B)
Class org.gradle.api.GradleException                                                  : loaded 2 times (x 79B)
Class org.gradle.internal.IoActions                                                   : loaded 2 times (x 68B)
Class org.gradle.internal.classloader.SystemClassLoaderSpec                           : loaded 2 times (x 68B)
Class org.gradle.internal.installation.CurrentGradleInstallationLocator               : loaded 2 times (x 68B)
Class org.gradle.internal.service.DefaultServiceLocator                               : loaded 2 times (x 80B)
Class org.gradle.internal.installation.CurrentGradleInstallation                      : loaded 2 times (x 70B)
Class org.gradle.util.internal.GUtil                                                  : loaded 2 times (x 68B)
Class org.gradle.internal.installation.GradleInstallation                             : loaded 2 times (x 72B)

---------------  S Y S T E M  ---------------

OS:
 Windows 11 , 64 bit Build 22621 (10.0.22621.4391)
OS uptime: 2 days 15:05 hours
Hyper-V role detected

CPU: total 16 (initial active 16) (8 cores per cpu, 2 threads per core) family 6 model 154 stepping 3 microcode 0x420, cx8, cmov, fxsr, ht, mmx, 3dnowpref, sse, sse2, sse3, ssse3, sse4.1, sse4.2, popcnt, lzcnt, tsc, tscinvbit, avx, avx2, aes, erms, clmul, bmi1, bmi2, adx, sha, fma, vzeroupper, clflush, clflushopt, clwb, hv, serialize, rdtscp, rdpid, fsrm, f16c, cet_ibt, cet_ss
Processor Information for processor 0
  Max Mhz: 3100, Current Mhz: 3100, Mhz Limit: 3100
Processor Information for processor 1
  Max Mhz: 3100, Current Mhz: 3100, Mhz Limit: 3100
Processor Information for processor 2
  Max Mhz: 3100, Current Mhz: 3100, Mhz Limit: 3100
Processor Information for processor 3
  Max Mhz: 3100, Current Mhz: 3100, Mhz Limit: 3100
Processor Information for processor 4
  Max Mhz: 3100, Current Mhz: 3100, Mhz Limit: 3100
Processor Information for processor 5
  Max Mhz: 3100, Current Mhz: 3100, Mhz Limit: 3100
Processor Information for processor 6
  Max Mhz: 3100, Current Mhz: 3100, Mhz Limit: 3100
Processor Information for processor 7
  Max Mhz: 3100, Current Mhz: 3100, Mhz Limit: 3100
Processor Information for processor 8
  Max Mhz: 3100, Current Mhz: 2232, Mhz Limit: 2232
Processor Information for processor 9
  Max Mhz: 3100, Current Mhz: 2232, Mhz Limit: 2232
Processor Information for processor 10
  Max Mhz: 3100, Current Mhz: 2232, Mhz Limit: 2232
Processor Information for processor 11
  Max Mhz: 3100, Current Mhz: 2232, Mhz Limit: 2232
Processor Information for processor 12
  Max Mhz: 3100, Current Mhz: 2232, Mhz Limit: 2232
Processor Information for processor 13
  Max Mhz: 3100, Current Mhz: 2232, Mhz Limit: 2232
Processor Information for processor 14
  Max Mhz: 3100, Current Mhz: 2232, Mhz Limit: 2232
Processor Information for processor 15
  Max Mhz: 3100, Current Mhz: 2232, Mhz Limit: 2232

Memory: 4k page, system-wide physical 16088M (2500M free)
TotalPageFile size 16088M (AvailPageFile size 17M)
current process WorkingSet (physical memory assigned to process): 327M, peak: 329M
current process commit charge ("private bytes"): 392M, peak: 403M

vm_info: OpenJDK 64-Bit Server VM (21.0.3+-12282718-b509.11) for windows-amd64 JRE (21.0.3+-12282718-b509.11), built on 2024-08-27T17:34:15Z by "builder" with MS VC++ 16.10 / 16.11 (VS2019)

END.
